<?xml version="1.0" encoding="UTF-8"?>
<testsuite xmlns:xsi="http://www.w3.org/2001/XMLSchema-instance" xsi:noNamespaceSchemaLocation="https://maven.apache.org/surefire/maven-surefire-plugin/xsd/surefire-test-report-3.0.xsd" version="3.0" name="ru.misskotik.FinishTest" time="10.166" tests="1" errors="0" skipped="0" failures="0">
  <properties>
[...]
</properties>
  <testcase name="finishTest" classname="ru.misskotik.FinishTest" time="5.909">
    <system-out><![CDATA[01:14:41.165 [main] DEBUG io.github.bonigarcia.wdm.cache.ResolutionCache - Resolution chrome=98 in cache (valid until 02:09:51 27/02/2022 MSK)
01:14:41.166 [main] DEBUG io.github.bonigarcia.wdm.cache.ResolutionCache - Resolution chrome98=98.0.4758.102 in cache (valid until 15:28:02 27/02/2022 MSK)
01:14:41.166 [main] INFO io.github.bonigarcia.wdm.WebDriverManager - Using chromedriver 98.0.4758.102 (resolved driver for Chrome 98)
01:14:41.171 [main] DEBUG io.github.bonigarcia.wdm.WebDriverManager - Driver chromedriver 98.0.4758.102 found in cache
01:14:41.182 [main] INFO io.github.bonigarcia.wdm.WebDriverManager - Exporting webdriver.chrome.driver as /Users/lally/.cache/selenium/chromedriver/mac64/98.0.4758.102/chromedriver
01:14:41.318 [AsyncHttpClient-1-1] DEBUG org.asynchttpclient.netty.channel.DefaultChannelPool - Entry count for : http://localhost:62923 : 1
01:14:41.318 [AsyncHttpClient-1-1] DEBUG org.asynchttpclient.netty.channel.DefaultChannelPool - Entry count for : http://localhost:50146 : 1
01:14:41.319 [AsyncHttpClient-1-1] DEBUG org.asynchttpclient.netty.channel.DefaultChannelPool - Adding Candidate expired Channel [id: 0x5f3c71f9, L:/127.0.0.1:50145 ! R:localhost/127.0.0.1:62923] isIdleTimeoutExpired=false isRemotelyClosed=true isTtlExpired=false
01:14:41.319 [AsyncHttpClient-1-1] DEBUG org.asynchttpclient.netty.channel.DefaultChannelPool - Closing Idle Channel [id: 0x5f3c71f9, L:/127.0.0.1:50145 ! R:localhost/127.0.0.1:62923]
01:14:41.319 [AsyncHttpClient-1-1] DEBUG org.asynchttpclient.netty.channel.DefaultChannelPool - Adding Candidate expired Channel [id: 0xf60fe16c, L:/127.0.0.1:50150 ! R:localhost/127.0.0.1:50146] isIdleTimeoutExpired=false isRemotelyClosed=true isTtlExpired=false
01:14:41.319 [AsyncHttpClient-1-1] DEBUG org.asynchttpclient.netty.channel.DefaultChannelPool - Closing Idle Channel [id: 0xf60fe16c, L:/127.0.0.1:50150 ! R:localhost/127.0.0.1:50146]
01:14:41.319 [AsyncHttpClient-1-1] DEBUG org.asynchttpclient.netty.channel.DefaultChannelPool - Closed 2 connections out of 2 in 1 ms
01:14:41.330 [AsyncHttpClient-1-3] DEBUG org.asynchttpclient.netty.channel.NettyConnectListener - Using new Channel '[id: 0x09e19791, L:/127.0.0.1:50160 - R:localhost/127.0.0.1:50216]' for 'POST' to '/session'
01:14:45.077 [AsyncHttpClient-1-3] DEBUG org.asynchttpclient.netty.handler.HttpHandler - 

Request DefaultHttpRequest(decodeResult: success, version: HTTP/1.1)
POST /session HTTP/1.1
User-Agent: selenium/4.0.0 (java mac)
Content-Length: 543
Content-Type: application/json; charset=utf-8
host: localhost:50216
accept: */*

Response DefaultHttpResponse(decodeResult: success, version: HTTP/1.1)
HTTP/1.1 200 OK
Content-Type: application/json; charset=utf-8
cache-control: no-cache
content-length: 800

01:14:45.078 [AsyncHttpClient-1-3] DEBUG org.asynchttpclient.netty.channel.ChannelManager - Adding key: http://localhost:50216 for channel [id: 0x09e19791, L:/127.0.0.1:50160 - R:localhost/127.0.0.1:50216]
01:14:45.096 [AsyncHttpClient-1-4] DEBUG org.asynchttpclient.netty.channel.NettyConnectListener - Using new Channel '[id: 0x2f7ff7f8, L:/127.0.0.1:50165 - R:localhost/127.0.0.1:50161]' for 'GET' to '/json/version'
01:14:45.098 [AsyncHttpClient-1-4] DEBUG org.asynchttpclient.netty.handler.HttpHandler - 

Request DefaultFullHttpRequest(decodeResult: success, version: HTTP/1.1, content: EmptyByteBufBE)
GET /json/version HTTP/1.1
User-Agent: selenium/4.0.0 (java mac)
host: localhost:50161
accept: */*

Response DefaultHttpResponse(decodeResult: success, version: HTTP/1.1)
HTTP/1.1 200 OK
Content-Type: application/json; charset=UTF-8
content-length: 424

01:14:45.098 [AsyncHttpClient-1-4] DEBUG org.asynchttpclient.netty.channel.ChannelManager - Adding key: http://localhost:50161 for channel [id: 0x2f7ff7f8, L:/127.0.0.1:50165 - R:localhost/127.0.0.1:50161]
01:14:45.102 [AsyncHttpClient-1-5] DEBUG org.asynchttpclient.netty.channel.NettyConnectListener - Using new Channel '[id: 0xcc227186, L:/127.0.0.1:50166 - R:localhost/127.0.0.1:50161]' for 'GET' to '/devtools/browser/90739656-addf-4452-9c0e-30df75aac2ee'
01:14:45.104 [AsyncHttpClient-1-5] DEBUG org.asynchttpclient.netty.handler.WebSocketHandler - 

Request DefaultFullHttpRequest(decodeResult: success, version: HTTP/1.1, content: EmptyByteBufBE)
GET /devtools/browser/90739656-addf-4452-9c0e-30df75aac2ee HTTP/1.1
upgrade: websocket
connection: upgrade
sec-websocket-key: gB7dkuojjktmaDuUITn4NA==
sec-websocket-version: 13
origin: http://localhost:50161
host: localhost:50161
accept: */*
user-agent: AHC/2.1

Response DefaultHttpResponse(decodeResult: success, version: HTTP/1.1)
HTTP/1.1 101 WebSocket Protocol Handshake
Upgrade: WebSocket
Connection: Upgrade
Sec-WebSocket-Accept: rsXFOQIbBa2ArdGOVC5V/kQz/Fo=

01:14:45.117 [Forwarding setTimeout on session 8614b2e5cec21d8f02b640ab9da69fb8 to remote] DEBUG org.asynchttpclient.netty.request.NettyRequestSender - Using pooled Channel '[id: 0x09e19791, L:/127.0.0.1:50160 - R:localhost/127.0.0.1:50216]' for 'POST' to 'http://localhost:50216/session/8614b2e5cec21d8f02b640ab9da69fb8/timeouts'
01:14:45.117 [Forwarding setTimeout on session 8614b2e5cec21d8f02b640ab9da69fb8 to remote] DEBUG org.asynchttpclient.netty.request.NettyRequestSender - Using open Channel [id: 0x09e19791, L:/127.0.0.1:50160 - R:localhost/127.0.0.1:50216] for POST '/session/8614b2e5cec21d8f02b640ab9da69fb8/timeouts'
01:14:45.119 [AsyncHttpClient-1-3] DEBUG org.asynchttpclient.netty.handler.HttpHandler - 

Request DefaultHttpRequest(decodeResult: success, version: HTTP/1.1)
POST /session/8614b2e5cec21d8f02b640ab9da69fb8/timeouts HTTP/1.1
User-Agent: selenium/4.0.0 (java mac)
Content-Length: 22
Content-Type: application/json; charset=utf-8
host: localhost:50216
accept: */*

Response DefaultHttpResponse(decodeResult: success, version: HTTP/1.1)
HTTP/1.1 200 OK
Content-Type: application/json; charset=utf-8
cache-control: no-cache
content-length: 14

01:14:45.119 [AsyncHttpClient-1-3] DEBUG org.asynchttpclient.netty.channel.ChannelManager - Adding key: http://localhost:50216 for channel [id: 0x09e19791, L:/127.0.0.1:50160 - R:localhost/127.0.0.1:50216]
01:14:45.128 [Forwarding maximizeCurrentWindow on session 8614b2e5cec21d8f02b640ab9da69fb8 to remote] DEBUG org.asynchttpclient.netty.request.NettyRequestSender - Using pooled Channel '[id: 0x09e19791, L:/127.0.0.1:50160 - R:localhost/127.0.0.1:50216]' for 'POST' to 'http://localhost:50216/session/8614b2e5cec21d8f02b640ab9da69fb8/window/maximize'
01:14:45.129 [Forwarding maximizeCurrentWindow on session 8614b2e5cec21d8f02b640ab9da69fb8 to remote] DEBUG org.asynchttpclient.netty.request.NettyRequestSender - Using open Channel [id: 0x09e19791, L:/127.0.0.1:50160 - R:localhost/127.0.0.1:50216] for POST '/session/8614b2e5cec21d8f02b640ab9da69fb8/window/maximize'
01:14:45.318 [AsyncHttpClient-1-3] DEBUG org.asynchttpclient.netty.handler.HttpHandler - 

Request DefaultHttpRequest(decodeResult: success, version: HTTP/1.1)
POST /session/8614b2e5cec21d8f02b640ab9da69fb8/window/maximize HTTP/1.1
User-Agent: selenium/4.0.0 (java mac)
Content-Length: 3
Content-Type: application/json; charset=utf-8
host: localhost:50216
accept: */*

Response DefaultHttpResponse(decodeResult: success, version: HTTP/1.1)
HTTP/1.1 200 OK
Content-Type: application/json; charset=utf-8
cache-control: no-cache
content-length: 50

01:14:45.318 [AsyncHttpClient-1-3] DEBUG org.asynchttpclient.netty.channel.ChannelManager - Adding key: http://localhost:50216 for channel [id: 0x09e19791, L:/127.0.0.1:50160 - R:localhost/127.0.0.1:50216]
01:14:45.322 [Forwarding get on session 8614b2e5cec21d8f02b640ab9da69fb8 to remote] DEBUG org.asynchttpclient.netty.request.NettyRequestSender - Using pooled Channel '[id: 0x09e19791, L:/127.0.0.1:50160 - R:localhost/127.0.0.1:50216]' for 'POST' to 'http://localhost:50216/session/8614b2e5cec21d8f02b640ab9da69fb8/url'
01:14:45.322 [Forwarding get on session 8614b2e5cec21d8f02b640ab9da69fb8 to remote] DEBUG org.asynchttpclient.netty.request.NettyRequestSender - Using open Channel [id: 0x09e19791, L:/127.0.0.1:50160 - R:localhost/127.0.0.1:50216] for POST '/session/8614b2e5cec21d8f02b640ab9da69fb8/url'
01:14:45.718 [AsyncHttpClient-1-1] DEBUG org.asynchttpclient.netty.channel.DefaultChannelPool - Entry count for : http://localhost:50161 : 1
01:14:46.818 [AsyncHttpClient-1-1] DEBUG org.asynchttpclient.netty.channel.DefaultChannelPool - Entry count for : http://localhost:50161 : 1
01:14:46.894 [AsyncHttpClient-1-3] DEBUG org.asynchttpclient.netty.handler.HttpHandler - 

Request DefaultHttpRequest(decodeResult: success, version: HTTP/1.1)
POST /session/8614b2e5cec21d8f02b640ab9da69fb8/url HTTP/1.1
User-Agent: selenium/4.0.0 (java mac)
Content-Length: 56
Content-Type: application/json; charset=utf-8
host: localhost:50216
accept: */*

Response DefaultHttpResponse(decodeResult: success, version: HTTP/1.1)
HTTP/1.1 200 OK
Content-Type: application/json; charset=utf-8
cache-control: no-cache
content-length: 14

01:14:46.894 [AsyncHttpClient-1-3] DEBUG org.asynchttpclient.netty.channel.ChannelManager - Adding key: http://localhost:50216 for channel [id: 0x09e19791, L:/127.0.0.1:50160 - R:localhost/127.0.0.1:50216]
01:14:46.897 [Forwarding findElement on session 8614b2e5cec21d8f02b640ab9da69fb8 to remote] DEBUG org.asynchttpclient.netty.request.NettyRequestSender - Using pooled Channel '[id: 0x09e19791, L:/127.0.0.1:50160 - R:localhost/127.0.0.1:50216]' for 'POST' to 'http://localhost:50216/session/8614b2e5cec21d8f02b640ab9da69fb8/element'
01:14:46.897 [Forwarding findElement on session 8614b2e5cec21d8f02b640ab9da69fb8 to remote] DEBUG org.asynchttpclient.netty.request.NettyRequestSender - Using open Channel [id: 0x09e19791, L:/127.0.0.1:50160 - R:localhost/127.0.0.1:50216] for POST '/session/8614b2e5cec21d8f02b640ab9da69fb8/element'
01:14:47.059 [AsyncHttpClient-1-3] DEBUG org.asynchttpclient.netty.handler.HttpHandler - 

Request DefaultHttpRequest(decodeResult: success, version: HTTP/1.1)
POST /session/8614b2e5cec21d8f02b640ab9da69fb8/element HTTP/1.1
User-Agent: selenium/4.0.0 (java mac)
Content-Length: 56
Content-Type: application/json; charset=utf-8
host: localhost:50216
accept: */*

Response DefaultHttpResponse(decodeResult: success, version: HTTP/1.1)
HTTP/1.1 200 OK
Content-Type: application/json; charset=utf-8
cache-control: no-cache
content-length: 88

01:14:47.059 [AsyncHttpClient-1-3] DEBUG org.asynchttpclient.netty.channel.ChannelManager - Adding key: http://localhost:50216 for channel [id: 0x09e19791, L:/127.0.0.1:50160 - R:localhost/127.0.0.1:50216]
01:14:47.064 [Forwarding sendKeysToElement on session 8614b2e5cec21d8f02b640ab9da69fb8 to remote] DEBUG org.asynchttpclient.netty.request.NettyRequestSender - Using pooled Channel '[id: 0x09e19791, L:/127.0.0.1:50160 - R:localhost/127.0.0.1:50216]' for 'POST' to 'http://localhost:50216/session/8614b2e5cec21d8f02b640ab9da69fb8/element/7a0b4864-5bc3-475b-9bae-9f12c0a6691a/value'
01:14:47.064 [Forwarding sendKeysToElement on session 8614b2e5cec21d8f02b640ab9da69fb8 to remote] DEBUG org.asynchttpclient.netty.request.NettyRequestSender - Using open Channel [id: 0x09e19791, L:/127.0.0.1:50160 - R:localhost/127.0.0.1:50216] for POST '/session/8614b2e5cec21d8f02b640ab9da69fb8/element/7a0b4864-5bc3-475b-9bae-9f12c0a6691a/value'
01:14:47.598 [AsyncHttpClient-1-3] DEBUG org.asynchttpclient.netty.handler.HttpHandler - 

Request DefaultHttpRequest(decodeResult: success, version: HTTP/1.1)
POST /session/8614b2e5cec21d8f02b640ab9da69fb8/element/7a0b4864-5bc3-475b-9bae-9f12c0a6691a/value HTTP/1.1
User-Agent: selenium/4.0.0 (java mac)
Content-Length: 211
Content-Type: application/json; charset=utf-8
host: localhost:50216
accept: */*

Response DefaultHttpResponse(decodeResult: success, version: HTTP/1.1)
HTTP/1.1 200 OK
Content-Type: application/json; charset=utf-8
cache-control: no-cache
content-length: 14

01:14:47.598 [AsyncHttpClient-1-3] DEBUG org.asynchttpclient.netty.channel.ChannelManager - Adding key: http://localhost:50216 for channel [id: 0x09e19791, L:/127.0.0.1:50160 - R:localhost/127.0.0.1:50216]
01:14:47.602 [Forwarding findElement on session 8614b2e5cec21d8f02b640ab9da69fb8 to remote] DEBUG org.asynchttpclient.netty.request.NettyRequestSender - Using pooled Channel '[id: 0x09e19791, L:/127.0.0.1:50160 - R:localhost/127.0.0.1:50216]' for 'POST' to 'http://localhost:50216/session/8614b2e5cec21d8f02b640ab9da69fb8/element'
01:14:47.602 [Forwarding findElement on session 8614b2e5cec21d8f02b640ab9da69fb8 to remote] DEBUG org.asynchttpclient.netty.request.NettyRequestSender - Using open Channel [id: 0x09e19791, L:/127.0.0.1:50160 - R:localhost/127.0.0.1:50216] for POST '/session/8614b2e5cec21d8f02b640ab9da69fb8/element'
01:14:47.714 [AsyncHttpClient-1-3] DEBUG org.asynchttpclient.netty.handler.HttpHandler - 

Request DefaultHttpRequest(decodeResult: success, version: HTTP/1.1)
POST /session/8614b2e5cec21d8f02b640ab9da69fb8/element HTTP/1.1
User-Agent: selenium/4.0.0 (java mac)
Content-Length: 53
Content-Type: application/json; charset=utf-8
host: localhost:50216
accept: */*

Response DefaultHttpResponse(decodeResult: success, version: HTTP/1.1)
HTTP/1.1 200 OK
Content-Type: application/json; charset=utf-8
cache-control: no-cache
content-length: 88

01:14:47.715 [AsyncHttpClient-1-3] DEBUG org.asynchttpclient.netty.channel.ChannelManager - Adding key: http://localhost:50216 for channel [id: 0x09e19791, L:/127.0.0.1:50160 - R:localhost/127.0.0.1:50216]
01:14:47.718 [Forwarding sendKeysToElement on session 8614b2e5cec21d8f02b640ab9da69fb8 to remote] DEBUG org.asynchttpclient.netty.request.NettyRequestSender - Using pooled Channel '[id: 0x09e19791, L:/127.0.0.1:50160 - R:localhost/127.0.0.1:50216]' for 'POST' to 'http://localhost:50216/session/8614b2e5cec21d8f02b640ab9da69fb8/element/e348e916-be33-46bc-9922-9e0ce2d79600/value'
01:14:47.718 [Forwarding sendKeysToElement on session 8614b2e5cec21d8f02b640ab9da69fb8 to remote] DEBUG org.asynchttpclient.netty.request.NettyRequestSender - Using open Channel [id: 0x09e19791, L:/127.0.0.1:50160 - R:localhost/127.0.0.1:50216] for POST '/session/8614b2e5cec21d8f02b640ab9da69fb8/element/e348e916-be33-46bc-9922-9e0ce2d79600/value'
01:14:47.917 [AsyncHttpClient-1-1] DEBUG org.asynchttpclient.netty.channel.DefaultChannelPool - Entry count for : http://localhost:50161 : 1
01:14:47.921 [AsyncHttpClient-1-3] DEBUG org.asynchttpclient.netty.handler.HttpHandler - 

Request DefaultHttpRequest(decodeResult: success, version: HTTP/1.1)
POST /session/8614b2e5cec21d8f02b640ab9da69fb8/element/e348e916-be33-46bc-9922-9e0ce2d79600/value HTTP/1.1
User-Agent: selenium/4.0.0 (java mac)
Content-Length: 201
Content-Type: application/json; charset=utf-8
host: localhost:50216
accept: */*

Response DefaultHttpResponse(decodeResult: success, version: HTTP/1.1)
HTTP/1.1 200 OK
Content-Type: application/json; charset=utf-8
cache-control: no-cache
content-length: 14

01:14:47.921 [AsyncHttpClient-1-3] DEBUG org.asynchttpclient.netty.channel.ChannelManager - Adding key: http://localhost:50216 for channel [id: 0x09e19791, L:/127.0.0.1:50160 - R:localhost/127.0.0.1:50216]
01:14:47.925 [Forwarding findElement on session 8614b2e5cec21d8f02b640ab9da69fb8 to remote] DEBUG org.asynchttpclient.netty.request.NettyRequestSender - Using pooled Channel '[id: 0x09e19791, L:/127.0.0.1:50160 - R:localhost/127.0.0.1:50216]' for 'POST' to 'http://localhost:50216/session/8614b2e5cec21d8f02b640ab9da69fb8/element'
01:14:47.925 [Forwarding findElement on session 8614b2e5cec21d8f02b640ab9da69fb8 to remote] DEBUG org.asynchttpclient.netty.request.NettyRequestSender - Using open Channel [id: 0x09e19791, L:/127.0.0.1:50160 - R:localhost/127.0.0.1:50216] for POST '/session/8614b2e5cec21d8f02b640ab9da69fb8/element'
01:14:47.967 [AsyncHttpClient-1-3] DEBUG org.asynchttpclient.netty.handler.HttpHandler - 

Request DefaultHttpRequest(decodeResult: success, version: HTTP/1.1)
POST /session/8614b2e5cec21d8f02b640ab9da69fb8/element HTTP/1.1
User-Agent: selenium/4.0.0 (java mac)
Content-Length: 59
Content-Type: application/json; charset=utf-8
host: localhost:50216
accept: */*

Response DefaultHttpResponse(decodeResult: success, version: HTTP/1.1)
HTTP/1.1 200 OK
Content-Type: application/json; charset=utf-8
cache-control: no-cache
content-length: 88

01:14:47.968 [AsyncHttpClient-1-3] DEBUG org.asynchttpclient.netty.channel.ChannelManager - Adding key: http://localhost:50216 for channel [id: 0x09e19791, L:/127.0.0.1:50160 - R:localhost/127.0.0.1:50216]
01:14:47.971 [Forwarding clickElement on session 8614b2e5cec21d8f02b640ab9da69fb8 to remote] DEBUG org.asynchttpclient.netty.request.NettyRequestSender - Using pooled Channel '[id: 0x09e19791, L:/127.0.0.1:50160 - R:localhost/127.0.0.1:50216]' for 'POST' to 'http://localhost:50216/session/8614b2e5cec21d8f02b640ab9da69fb8/element/95dc3d3d-87d1-4b44-bd3a-828c9ac5dabe/click'
01:14:47.971 [Forwarding clickElement on session 8614b2e5cec21d8f02b640ab9da69fb8 to remote] DEBUG org.asynchttpclient.netty.request.NettyRequestSender - Using open Channel [id: 0x09e19791, L:/127.0.0.1:50160 - R:localhost/127.0.0.1:50216] for POST '/session/8614b2e5cec21d8f02b640ab9da69fb8/element/95dc3d3d-87d1-4b44-bd3a-828c9ac5dabe/click'
01:14:48.314 [AsyncHttpClient-1-3] DEBUG org.asynchttpclient.netty.handler.HttpHandler - 

Request DefaultHttpRequest(decodeResult: success, version: HTTP/1.1)
POST /session/8614b2e5cec21d8f02b640ab9da69fb8/element/95dc3d3d-87d1-4b44-bd3a-828c9ac5dabe/click HTTP/1.1
User-Agent: selenium/4.0.0 (java mac)
Content-Length: 50
Content-Type: application/json; charset=utf-8
host: localhost:50216
accept: */*

Response DefaultHttpResponse(decodeResult: success, version: HTTP/1.1)
HTTP/1.1 200 OK
Content-Type: application/json; charset=utf-8
cache-control: no-cache
content-length: 14

01:14:48.315 [AsyncHttpClient-1-3] DEBUG org.asynchttpclient.netty.channel.ChannelManager - Adding key: http://localhost:50216 for channel [id: 0x09e19791, L:/127.0.0.1:50160 - R:localhost/127.0.0.1:50216]
01:14:48.318 [Forwarding setTimeout on session 8614b2e5cec21d8f02b640ab9da69fb8 to remote] DEBUG org.asynchttpclient.netty.request.NettyRequestSender - Using pooled Channel '[id: 0x09e19791, L:/127.0.0.1:50160 - R:localhost/127.0.0.1:50216]' for 'POST' to 'http://localhost:50216/session/8614b2e5cec21d8f02b640ab9da69fb8/timeouts'
01:14:48.318 [Forwarding setTimeout on session 8614b2e5cec21d8f02b640ab9da69fb8 to remote] DEBUG org.asynchttpclient.netty.request.NettyRequestSender - Using open Channel [id: 0x09e19791, L:/127.0.0.1:50160 - R:localhost/127.0.0.1:50216] for POST '/session/8614b2e5cec21d8f02b640ab9da69fb8/timeouts'
01:14:48.321 [AsyncHttpClient-1-3] DEBUG org.asynchttpclient.netty.handler.HttpHandler - 

Request DefaultHttpRequest(decodeResult: success, version: HTTP/1.1)
POST /session/8614b2e5cec21d8f02b640ab9da69fb8/timeouts HTTP/1.1
User-Agent: selenium/4.0.0 (java mac)
Content-Length: 22
Content-Type: application/json; charset=utf-8
host: localhost:50216
accept: */*

Response DefaultHttpResponse(decodeResult: success, version: HTTP/1.1)
HTTP/1.1 200 OK
Content-Type: application/json; charset=utf-8
cache-control: no-cache
content-length: 14

01:14:48.321 [AsyncHttpClient-1-3] DEBUG org.asynchttpclient.netty.channel.ChannelManager - Adding key: http://localhost:50216 for channel [id: 0x09e19791, L:/127.0.0.1:50160 - R:localhost/127.0.0.1:50216]
01:14:48.327 [Forwarding findElement on session 8614b2e5cec21d8f02b640ab9da69fb8 to remote] DEBUG org.asynchttpclient.netty.request.NettyRequestSender - Using pooled Channel '[id: 0x09e19791, L:/127.0.0.1:50160 - R:localhost/127.0.0.1:50216]' for 'POST' to 'http://localhost:50216/session/8614b2e5cec21d8f02b640ab9da69fb8/element'
01:14:48.327 [Forwarding findElement on session 8614b2e5cec21d8f02b640ab9da69fb8 to remote] DEBUG org.asynchttpclient.netty.request.NettyRequestSender - Using open Channel [id: 0x09e19791, L:/127.0.0.1:50160 - R:localhost/127.0.0.1:50216] for POST '/session/8614b2e5cec21d8f02b640ab9da69fb8/element'
01:14:48.587 [AsyncHttpClient-1-3] DEBUG org.asynchttpclient.netty.handler.HttpHandler - 

Request DefaultHttpRequest(decodeResult: success, version: HTTP/1.1)
POST /session/8614b2e5cec21d8f02b640ab9da69fb8/element HTTP/1.1
User-Agent: selenium/4.0.0 (java mac)
Content-Length: 86
Content-Type: application/json; charset=utf-8
host: localhost:50216
accept: */*

Response DefaultHttpResponse(decodeResult: success, version: HTTP/1.1)
HTTP/1.1 200 OK
Content-Type: application/json; charset=utf-8
cache-control: no-cache
content-length: 88

01:14:48.587 [AsyncHttpClient-1-3] DEBUG org.asynchttpclient.netty.channel.ChannelManager - Adding key: http://localhost:50216 for channel [id: 0x09e19791, L:/127.0.0.1:50160 - R:localhost/127.0.0.1:50216]
01:14:48.591 [Forwarding clickElement on session 8614b2e5cec21d8f02b640ab9da69fb8 to remote] DEBUG org.asynchttpclient.netty.request.NettyRequestSender - Using pooled Channel '[id: 0x09e19791, L:/127.0.0.1:50160 - R:localhost/127.0.0.1:50216]' for 'POST' to 'http://localhost:50216/session/8614b2e5cec21d8f02b640ab9da69fb8/element/6901831d-45e4-4744-aee9-21a1cd2b37c6/click'
01:14:48.591 [Forwarding clickElement on session 8614b2e5cec21d8f02b640ab9da69fb8 to remote] DEBUG org.asynchttpclient.netty.request.NettyRequestSender - Using open Channel [id: 0x09e19791, L:/127.0.0.1:50160 - R:localhost/127.0.0.1:50216] for POST '/session/8614b2e5cec21d8f02b640ab9da69fb8/element/6901831d-45e4-4744-aee9-21a1cd2b37c6/click'
01:14:48.743 [AsyncHttpClient-1-3] DEBUG org.asynchttpclient.netty.handler.HttpHandler - 

Request DefaultHttpRequest(decodeResult: success, version: HTTP/1.1)
POST /session/8614b2e5cec21d8f02b640ab9da69fb8/element/6901831d-45e4-4744-aee9-21a1cd2b37c6/click HTTP/1.1
User-Agent: selenium/4.0.0 (java mac)
Content-Length: 50
Content-Type: application/json; charset=utf-8
host: localhost:50216
accept: */*

Response DefaultHttpResponse(decodeResult: success, version: HTTP/1.1)
HTTP/1.1 200 OK
Content-Type: application/json; charset=utf-8
cache-control: no-cache
content-length: 14

01:14:48.743 [AsyncHttpClient-1-3] DEBUG org.asynchttpclient.netty.channel.ChannelManager - Adding key: http://localhost:50216 for channel [id: 0x09e19791, L:/127.0.0.1:50160 - R:localhost/127.0.0.1:50216]
01:14:48.749 [Forwarding findElement on session 8614b2e5cec21d8f02b640ab9da69fb8 to remote] DEBUG org.asynchttpclient.netty.request.NettyRequestSender - Using pooled Channel '[id: 0x09e19791, L:/127.0.0.1:50160 - R:localhost/127.0.0.1:50216]' for 'POST' to 'http://localhost:50216/session/8614b2e5cec21d8f02b640ab9da69fb8/element'
01:14:48.749 [Forwarding findElement on session 8614b2e5cec21d8f02b640ab9da69fb8 to remote] DEBUG org.asynchttpclient.netty.request.NettyRequestSender - Using open Channel [id: 0x09e19791, L:/127.0.0.1:50160 - R:localhost/127.0.0.1:50216] for POST '/session/8614b2e5cec21d8f02b640ab9da69fb8/element'
01:14:48.917 [AsyncHttpClient-1-3] DEBUG org.asynchttpclient.netty.handler.HttpHandler - 

Request DefaultHttpRequest(decodeResult: success, version: HTTP/1.1)
POST /session/8614b2e5cec21d8f02b640ab9da69fb8/element HTTP/1.1
User-Agent: selenium/4.0.0 (java mac)
Content-Length: 91
Content-Type: application/json; charset=utf-8
host: localhost:50216
accept: */*

Response DefaultHttpResponse(decodeResult: success, version: HTTP/1.1)
HTTP/1.1 200 OK
Content-Type: application/json; charset=utf-8
cache-control: no-cache
content-length: 88

01:14:48.918 [AsyncHttpClient-1-3] DEBUG org.asynchttpclient.netty.channel.ChannelManager - Adding key: http://localhost:50216 for channel [id: 0x09e19791, L:/127.0.0.1:50160 - R:localhost/127.0.0.1:50216]
01:14:48.921 [Forwarding clickElement on session 8614b2e5cec21d8f02b640ab9da69fb8 to remote] DEBUG org.asynchttpclient.netty.request.NettyRequestSender - Using pooled Channel '[id: 0x09e19791, L:/127.0.0.1:50160 - R:localhost/127.0.0.1:50216]' for 'POST' to 'http://localhost:50216/session/8614b2e5cec21d8f02b640ab9da69fb8/element/8e34e476-de5e-419d-9eef-fbe3384399cf/click'
01:14:48.921 [Forwarding clickElement on session 8614b2e5cec21d8f02b640ab9da69fb8 to remote] DEBUG org.asynchttpclient.netty.request.NettyRequestSender - Using open Channel [id: 0x09e19791, L:/127.0.0.1:50160 - R:localhost/127.0.0.1:50216] for POST '/session/8614b2e5cec21d8f02b640ab9da69fb8/element/8e34e476-de5e-419d-9eef-fbe3384399cf/click'
01:14:49.017 [AsyncHttpClient-1-1] DEBUG org.asynchttpclient.netty.channel.DefaultChannelPool - Entry count for : http://localhost:50161 : 1
01:14:49.626 [AsyncHttpClient-1-3] DEBUG org.asynchttpclient.netty.handler.HttpHandler - 

Request DefaultHttpRequest(decodeResult: success, version: HTTP/1.1)
POST /session/8614b2e5cec21d8f02b640ab9da69fb8/element/8e34e476-de5e-419d-9eef-fbe3384399cf/click HTTP/1.1
User-Agent: selenium/4.0.0 (java mac)
Content-Length: 50
Content-Type: application/json; charset=utf-8
host: localhost:50216
accept: */*

Response DefaultHttpResponse(decodeResult: success, version: HTTP/1.1)
HTTP/1.1 200 OK
Content-Type: application/json; charset=utf-8
cache-control: no-cache
content-length: 14

01:14:49.627 [AsyncHttpClient-1-3] DEBUG org.asynchttpclient.netty.channel.ChannelManager - Adding key: http://localhost:50216 for channel [id: 0x09e19791, L:/127.0.0.1:50160 - R:localhost/127.0.0.1:50216]
01:14:49.630 [Forwarding findElement on session 8614b2e5cec21d8f02b640ab9da69fb8 to remote] DEBUG org.asynchttpclient.netty.request.NettyRequestSender - Using pooled Channel '[id: 0x09e19791, L:/127.0.0.1:50160 - R:localhost/127.0.0.1:50216]' for 'POST' to 'http://localhost:50216/session/8614b2e5cec21d8f02b640ab9da69fb8/element'
01:14:49.631 [Forwarding findElement on session 8614b2e5cec21d8f02b640ab9da69fb8 to remote] DEBUG org.asynchttpclient.netty.request.NettyRequestSender - Using open Channel [id: 0x09e19791, L:/127.0.0.1:50160 - R:localhost/127.0.0.1:50216] for POST '/session/8614b2e5cec21d8f02b640ab9da69fb8/element'
01:14:49.663 [AsyncHttpClient-1-3] DEBUG org.asynchttpclient.netty.handler.HttpHandler - 

Request DefaultHttpRequest(decodeResult: success, version: HTTP/1.1)
POST /session/8614b2e5cec21d8f02b640ab9da69fb8/element HTTP/1.1
User-Agent: selenium/4.0.0 (java mac)
Content-Length: 53
Content-Type: application/json; charset=utf-8
host: localhost:50216
accept: */*

Response DefaultHttpResponse(decodeResult: success, version: HTTP/1.1)
HTTP/1.1 200 OK
Content-Type: application/json; charset=utf-8
cache-control: no-cache
content-length: 88

01:14:49.663 [AsyncHttpClient-1-3] DEBUG org.asynchttpclient.netty.channel.ChannelManager - Adding key: http://localhost:50216 for channel [id: 0x09e19791, L:/127.0.0.1:50160 - R:localhost/127.0.0.1:50216]
01:14:49.668 [Forwarding clickElement on session 8614b2e5cec21d8f02b640ab9da69fb8 to remote] DEBUG org.asynchttpclient.netty.request.NettyRequestSender - Using pooled Channel '[id: 0x09e19791, L:/127.0.0.1:50160 - R:localhost/127.0.0.1:50216]' for 'POST' to 'http://localhost:50216/session/8614b2e5cec21d8f02b640ab9da69fb8/element/d39656a7-a3a1-4db9-ab0b-15263f2d5244/click'
01:14:49.669 [Forwarding clickElement on session 8614b2e5cec21d8f02b640ab9da69fb8 to remote] DEBUG org.asynchttpclient.netty.request.NettyRequestSender - Using open Channel [id: 0x09e19791, L:/127.0.0.1:50160 - R:localhost/127.0.0.1:50216] for POST '/session/8614b2e5cec21d8f02b640ab9da69fb8/element/d39656a7-a3a1-4db9-ab0b-15263f2d5244/click'
01:14:49.836 [AsyncHttpClient-1-3] DEBUG org.asynchttpclient.netty.handler.HttpHandler - 

Request DefaultHttpRequest(decodeResult: success, version: HTTP/1.1)
POST /session/8614b2e5cec21d8f02b640ab9da69fb8/element/d39656a7-a3a1-4db9-ab0b-15263f2d5244/click HTTP/1.1
User-Agent: selenium/4.0.0 (java mac)
Content-Length: 50
Content-Type: application/json; charset=utf-8
host: localhost:50216
accept: */*

Response DefaultHttpResponse(decodeResult: success, version: HTTP/1.1)
HTTP/1.1 200 OK
Content-Type: application/json; charset=utf-8
cache-control: no-cache
content-length: 14

01:14:49.836 [AsyncHttpClient-1-3] DEBUG org.asynchttpclient.netty.channel.ChannelManager - Adding key: http://localhost:50216 for channel [id: 0x09e19791, L:/127.0.0.1:50160 - R:localhost/127.0.0.1:50216]
01:14:49.843 [Forwarding findElement on session 8614b2e5cec21d8f02b640ab9da69fb8 to remote] DEBUG org.asynchttpclient.netty.request.NettyRequestSender - Using pooled Channel '[id: 0x09e19791, L:/127.0.0.1:50160 - R:localhost/127.0.0.1:50216]' for 'POST' to 'http://localhost:50216/session/8614b2e5cec21d8f02b640ab9da69fb8/element'
01:14:49.843 [Forwarding findElement on session 8614b2e5cec21d8f02b640ab9da69fb8 to remote] DEBUG org.asynchttpclient.netty.request.NettyRequestSender - Using open Channel [id: 0x09e19791, L:/127.0.0.1:50160 - R:localhost/127.0.0.1:50216] for POST '/session/8614b2e5cec21d8f02b640ab9da69fb8/element'
01:14:49.867 [AsyncHttpClient-1-3] DEBUG org.asynchttpclient.netty.handler.HttpHandler - 

Request DefaultHttpRequest(decodeResult: success, version: HTTP/1.1)
POST /session/8614b2e5cec21d8f02b640ab9da69fb8/element HTTP/1.1
User-Agent: selenium/4.0.0 (java mac)
Content-Length: 57
Content-Type: application/json; charset=utf-8
host: localhost:50216
accept: */*

Response DefaultHttpResponse(decodeResult: success, version: HTTP/1.1)
HTTP/1.1 200 OK
Content-Type: application/json; charset=utf-8
cache-control: no-cache
content-length: 88

01:14:49.867 [AsyncHttpClient-1-3] DEBUG org.asynchttpclient.netty.channel.ChannelManager - Adding key: http://localhost:50216 for channel [id: 0x09e19791, L:/127.0.0.1:50160 - R:localhost/127.0.0.1:50216]
01:14:49.870 [Forwarding sendKeysToElement on session 8614b2e5cec21d8f02b640ab9da69fb8 to remote] DEBUG org.asynchttpclient.netty.request.NettyRequestSender - Using pooled Channel '[id: 0x09e19791, L:/127.0.0.1:50160 - R:localhost/127.0.0.1:50216]' for 'POST' to 'http://localhost:50216/session/8614b2e5cec21d8f02b640ab9da69fb8/element/45cf65c7-fe2b-4b2b-93ec-a2cdc8142575/value'
01:14:49.870 [Forwarding sendKeysToElement on session 8614b2e5cec21d8f02b640ab9da69fb8 to remote] DEBUG org.asynchttpclient.netty.request.NettyRequestSender - Using open Channel [id: 0x09e19791, L:/127.0.0.1:50160 - R:localhost/127.0.0.1:50216] for POST '/session/8614b2e5cec21d8f02b640ab9da69fb8/element/45cf65c7-fe2b-4b2b-93ec-a2cdc8142575/value'
01:14:50.034 [AsyncHttpClient-1-3] DEBUG org.asynchttpclient.netty.handler.HttpHandler - 

Request DefaultHttpRequest(decodeResult: success, version: HTTP/1.1)
POST /session/8614b2e5cec21d8f02b640ab9da69fb8/element/45cf65c7-fe2b-4b2b-93ec-a2cdc8142575/value HTTP/1.1
User-Agent: selenium/4.0.0 (java mac)
Content-Length: 121
Content-Type: application/json; charset=utf-8
host: localhost:50216
accept: */*

Response DefaultHttpResponse(decodeResult: success, version: HTTP/1.1)
HTTP/1.1 200 OK
Content-Type: application/json; charset=utf-8
cache-control: no-cache
content-length: 14

01:14:50.035 [AsyncHttpClient-1-3] DEBUG org.asynchttpclient.netty.channel.ChannelManager - Adding key: http://localhost:50216 for channel [id: 0x09e19791, L:/127.0.0.1:50160 - R:localhost/127.0.0.1:50216]
01:14:50.039 [Forwarding findElement on session 8614b2e5cec21d8f02b640ab9da69fb8 to remote] DEBUG org.asynchttpclient.netty.request.NettyRequestSender - Using pooled Channel '[id: 0x09e19791, L:/127.0.0.1:50160 - R:localhost/127.0.0.1:50216]' for 'POST' to 'http://localhost:50216/session/8614b2e5cec21d8f02b640ab9da69fb8/element'
01:14:50.039 [Forwarding findElement on session 8614b2e5cec21d8f02b640ab9da69fb8 to remote] DEBUG org.asynchttpclient.netty.request.NettyRequestSender - Using open Channel [id: 0x09e19791, L:/127.0.0.1:50160 - R:localhost/127.0.0.1:50216] for POST '/session/8614b2e5cec21d8f02b640ab9da69fb8/element'
01:14:50.059 [AsyncHttpClient-1-3] DEBUG org.asynchttpclient.netty.handler.HttpHandler - 

Request DefaultHttpRequest(decodeResult: success, version: HTTP/1.1)
POST /session/8614b2e5cec21d8f02b640ab9da69fb8/element HTTP/1.1
User-Agent: selenium/4.0.0 (java mac)
Content-Length: 56
Content-Type: application/json; charset=utf-8
host: localhost:50216
accept: */*

Response DefaultHttpResponse(decodeResult: success, version: HTTP/1.1)
HTTP/1.1 200 OK
Content-Type: application/json; charset=utf-8
cache-control: no-cache
content-length: 88

01:14:50.060 [AsyncHttpClient-1-3] DEBUG org.asynchttpclient.netty.channel.ChannelManager - Adding key: http://localhost:50216 for channel [id: 0x09e19791, L:/127.0.0.1:50160 - R:localhost/127.0.0.1:50216]
01:14:50.063 [Forwarding sendKeysToElement on session 8614b2e5cec21d8f02b640ab9da69fb8 to remote] DEBUG org.asynchttpclient.netty.request.NettyRequestSender - Using pooled Channel '[id: 0x09e19791, L:/127.0.0.1:50160 - R:localhost/127.0.0.1:50216]' for 'POST' to 'http://localhost:50216/session/8614b2e5cec21d8f02b640ab9da69fb8/element/fef3a8e0-8a2f-4850-b2b7-5cd2163e8ef7/value'
01:14:50.063 [Forwarding sendKeysToElement on session 8614b2e5cec21d8f02b640ab9da69fb8 to remote] DEBUG org.asynchttpclient.netty.request.NettyRequestSender - Using open Channel [id: 0x09e19791, L:/127.0.0.1:50160 - R:localhost/127.0.0.1:50216] for POST '/session/8614b2e5cec21d8f02b640ab9da69fb8/element/fef3a8e0-8a2f-4850-b2b7-5cd2163e8ef7/value'
01:14:50.118 [AsyncHttpClient-1-1] DEBUG org.asynchttpclient.netty.channel.DefaultChannelPool - Entry count for : http://localhost:50161 : 1
01:14:50.285 [AsyncHttpClient-1-3] DEBUG org.asynchttpclient.netty.handler.HttpHandler - 

Request DefaultHttpRequest(decodeResult: success, version: HTTP/1.1)
POST /session/8614b2e5cec21d8f02b640ab9da69fb8/element/fef3a8e0-8a2f-4850-b2b7-5cd2163e8ef7/value HTTP/1.1
User-Agent: selenium/4.0.0 (java mac)
Content-Length: 131
Content-Type: application/json; charset=utf-8
host: localhost:50216
accept: */*

Response DefaultHttpResponse(decodeResult: success, version: HTTP/1.1)
HTTP/1.1 200 OK
Content-Type: application/json; charset=utf-8
cache-control: no-cache
content-length: 14

01:14:50.286 [AsyncHttpClient-1-3] DEBUG org.asynchttpclient.netty.channel.ChannelManager - Adding key: http://localhost:50216 for channel [id: 0x09e19791, L:/127.0.0.1:50160 - R:localhost/127.0.0.1:50216]
01:14:50.289 [Forwarding findElement on session 8614b2e5cec21d8f02b640ab9da69fb8 to remote] DEBUG org.asynchttpclient.netty.request.NettyRequestSender - Using pooled Channel '[id: 0x09e19791, L:/127.0.0.1:50160 - R:localhost/127.0.0.1:50216]' for 'POST' to 'http://localhost:50216/session/8614b2e5cec21d8f02b640ab9da69fb8/element'
01:14:50.289 [Forwarding findElement on session 8614b2e5cec21d8f02b640ab9da69fb8 to remote] DEBUG org.asynchttpclient.netty.request.NettyRequestSender - Using open Channel [id: 0x09e19791, L:/127.0.0.1:50160 - R:localhost/127.0.0.1:50216] for POST '/session/8614b2e5cec21d8f02b640ab9da69fb8/element'
01:14:50.308 [AsyncHttpClient-1-3] DEBUG org.asynchttpclient.netty.handler.HttpHandler - 

Request DefaultHttpRequest(decodeResult: success, version: HTTP/1.1)
POST /session/8614b2e5cec21d8f02b640ab9da69fb8/element HTTP/1.1
User-Agent: selenium/4.0.0 (java mac)
Content-Length: 58
Content-Type: application/json; charset=utf-8
host: localhost:50216
accept: */*

Response DefaultHttpResponse(decodeResult: success, version: HTTP/1.1)
HTTP/1.1 200 OK
Content-Type: application/json; charset=utf-8
cache-control: no-cache
content-length: 88

01:14:50.309 [AsyncHttpClient-1-3] DEBUG org.asynchttpclient.netty.channel.ChannelManager - Adding key: http://localhost:50216 for channel [id: 0x09e19791, L:/127.0.0.1:50160 - R:localhost/127.0.0.1:50216]
01:14:50.313 [Forwarding sendKeysToElement on session 8614b2e5cec21d8f02b640ab9da69fb8 to remote] DEBUG org.asynchttpclient.netty.request.NettyRequestSender - Using pooled Channel '[id: 0x09e19791, L:/127.0.0.1:50160 - R:localhost/127.0.0.1:50216]' for 'POST' to 'http://localhost:50216/session/8614b2e5cec21d8f02b640ab9da69fb8/element/c8f7b41d-81f0-4e01-bcd5-bc2a1d0c565f/value'
01:14:50.313 [Forwarding sendKeysToElement on session 8614b2e5cec21d8f02b640ab9da69fb8 to remote] DEBUG org.asynchttpclient.netty.request.NettyRequestSender - Using open Channel [id: 0x09e19791, L:/127.0.0.1:50160 - R:localhost/127.0.0.1:50216] for POST '/session/8614b2e5cec21d8f02b640ab9da69fb8/element/c8f7b41d-81f0-4e01-bcd5-bc2a1d0c565f/value'
01:14:50.546 [AsyncHttpClient-1-3] DEBUG org.asynchttpclient.netty.handler.HttpHandler - 

Request DefaultHttpRequest(decodeResult: success, version: HTTP/1.1)
POST /session/8614b2e5cec21d8f02b640ab9da69fb8/element/c8f7b41d-81f0-4e01-bcd5-bc2a1d0c565f/value HTTP/1.1
User-Agent: selenium/4.0.0 (java mac)
Content-Length: 141
Content-Type: application/json; charset=utf-8
host: localhost:50216
accept: */*

Response DefaultHttpResponse(decodeResult: success, version: HTTP/1.1)
HTTP/1.1 200 OK
Content-Type: application/json; charset=utf-8
cache-control: no-cache
content-length: 14

01:14:50.546 [AsyncHttpClient-1-3] DEBUG org.asynchttpclient.netty.channel.ChannelManager - Adding key: http://localhost:50216 for channel [id: 0x09e19791, L:/127.0.0.1:50160 - R:localhost/127.0.0.1:50216]
01:14:50.551 [Forwarding findElement on session 8614b2e5cec21d8f02b640ab9da69fb8 to remote] DEBUG org.asynchttpclient.netty.request.NettyRequestSender - Using pooled Channel '[id: 0x09e19791, L:/127.0.0.1:50160 - R:localhost/127.0.0.1:50216]' for 'POST' to 'http://localhost:50216/session/8614b2e5cec21d8f02b640ab9da69fb8/element'
01:14:50.551 [Forwarding findElement on session 8614b2e5cec21d8f02b640ab9da69fb8 to remote] DEBUG org.asynchttpclient.netty.request.NettyRequestSender - Using open Channel [id: 0x09e19791, L:/127.0.0.1:50160 - R:localhost/127.0.0.1:50216] for POST '/session/8614b2e5cec21d8f02b640ab9da69fb8/element'
01:14:50.575 [AsyncHttpClient-1-3] DEBUG org.asynchttpclient.netty.handler.HttpHandler - 

Request DefaultHttpRequest(decodeResult: success, version: HTTP/1.1)
POST /session/8614b2e5cec21d8f02b640ab9da69fb8/element HTTP/1.1
User-Agent: selenium/4.0.0 (java mac)
Content-Length: 53
Content-Type: application/json; charset=utf-8
host: localhost:50216
accept: */*

Response DefaultHttpResponse(decodeResult: success, version: HTTP/1.1)
HTTP/1.1 200 OK
Content-Type: application/json; charset=utf-8
cache-control: no-cache
content-length: 88

01:14:50.575 [AsyncHttpClient-1-3] DEBUG org.asynchttpclient.netty.channel.ChannelManager - Adding key: http://localhost:50216 for channel [id: 0x09e19791, L:/127.0.0.1:50160 - R:localhost/127.0.0.1:50216]
01:14:50.578 [Forwarding clickElement on session 8614b2e5cec21d8f02b640ab9da69fb8 to remote] DEBUG org.asynchttpclient.netty.request.NettyRequestSender - Using pooled Channel '[id: 0x09e19791, L:/127.0.0.1:50160 - R:localhost/127.0.0.1:50216]' for 'POST' to 'http://localhost:50216/session/8614b2e5cec21d8f02b640ab9da69fb8/element/922c9adc-b396-4cd9-be69-c4144ee57a8d/click'
01:14:50.578 [Forwarding clickElement on session 8614b2e5cec21d8f02b640ab9da69fb8 to remote] DEBUG org.asynchttpclient.netty.request.NettyRequestSender - Using open Channel [id: 0x09e19791, L:/127.0.0.1:50160 - R:localhost/127.0.0.1:50216] for POST '/session/8614b2e5cec21d8f02b640ab9da69fb8/element/922c9adc-b396-4cd9-be69-c4144ee57a8d/click'
01:14:50.767 [AsyncHttpClient-1-3] DEBUG org.asynchttpclient.netty.handler.HttpHandler - 

Request DefaultHttpRequest(decodeResult: success, version: HTTP/1.1)
POST /session/8614b2e5cec21d8f02b640ab9da69fb8/element/922c9adc-b396-4cd9-be69-c4144ee57a8d/click HTTP/1.1
User-Agent: selenium/4.0.0 (java mac)
Content-Length: 50
Content-Type: application/json; charset=utf-8
host: localhost:50216
accept: */*

Response DefaultHttpResponse(decodeResult: success, version: HTTP/1.1)
HTTP/1.1 200 OK
Content-Type: application/json; charset=utf-8
cache-control: no-cache
content-length: 14

01:14:50.768 [AsyncHttpClient-1-3] DEBUG org.asynchttpclient.netty.channel.ChannelManager - Adding key: http://localhost:50216 for channel [id: 0x09e19791, L:/127.0.0.1:50160 - R:localhost/127.0.0.1:50216]
01:14:50.771 [Forwarding findElement on session 8614b2e5cec21d8f02b640ab9da69fb8 to remote] DEBUG org.asynchttpclient.netty.request.NettyRequestSender - Using pooled Channel '[id: 0x09e19791, L:/127.0.0.1:50160 - R:localhost/127.0.0.1:50216]' for 'POST' to 'http://localhost:50216/session/8614b2e5cec21d8f02b640ab9da69fb8/element'
01:14:50.771 [Forwarding findElement on session 8614b2e5cec21d8f02b640ab9da69fb8 to remote] DEBUG org.asynchttpclient.netty.request.NettyRequestSender - Using open Channel [id: 0x09e19791, L:/127.0.0.1:50160 - R:localhost/127.0.0.1:50216] for POST '/session/8614b2e5cec21d8f02b640ab9da69fb8/element'
01:14:50.805 [AsyncHttpClient-1-3] DEBUG org.asynchttpclient.netty.handler.HttpHandler - 

Request DefaultHttpRequest(decodeResult: success, version: HTTP/1.1)
POST /session/8614b2e5cec21d8f02b640ab9da69fb8/element HTTP/1.1
User-Agent: selenium/4.0.0 (java mac)
Content-Length: 51
Content-Type: application/json; charset=utf-8
host: localhost:50216
accept: */*

Response DefaultHttpResponse(decodeResult: success, version: HTTP/1.1)
HTTP/1.1 200 OK
Content-Type: application/json; charset=utf-8
cache-control: no-cache
content-length: 88

01:14:50.805 [AsyncHttpClient-1-3] DEBUG org.asynchttpclient.netty.channel.ChannelManager - Adding key: http://localhost:50216 for channel [id: 0x09e19791, L:/127.0.0.1:50160 - R:localhost/127.0.0.1:50216]
01:14:50.807 [Forwarding clickElement on session 8614b2e5cec21d8f02b640ab9da69fb8 to remote] DEBUG org.asynchttpclient.netty.request.NettyRequestSender - Using pooled Channel '[id: 0x09e19791, L:/127.0.0.1:50160 - R:localhost/127.0.0.1:50216]' for 'POST' to 'http://localhost:50216/session/8614b2e5cec21d8f02b640ab9da69fb8/element/28cd22a9-c9f8-48f8-8afc-a555707fce38/click'
01:14:50.807 [Forwarding clickElement on session 8614b2e5cec21d8f02b640ab9da69fb8 to remote] DEBUG org.asynchttpclient.netty.request.NettyRequestSender - Using open Channel [id: 0x09e19791, L:/127.0.0.1:50160 - R:localhost/127.0.0.1:50216] for POST '/session/8614b2e5cec21d8f02b640ab9da69fb8/element/28cd22a9-c9f8-48f8-8afc-a555707fce38/click'
01:14:50.939 [AsyncHttpClient-1-3] DEBUG org.asynchttpclient.netty.handler.HttpHandler - 

Request DefaultHttpRequest(decodeResult: success, version: HTTP/1.1)
POST /session/8614b2e5cec21d8f02b640ab9da69fb8/element/28cd22a9-c9f8-48f8-8afc-a555707fce38/click HTTP/1.1
User-Agent: selenium/4.0.0 (java mac)
Content-Length: 50
Content-Type: application/json; charset=utf-8
host: localhost:50216
accept: */*

Response DefaultHttpResponse(decodeResult: success, version: HTTP/1.1)
HTTP/1.1 200 OK
Content-Type: application/json; charset=utf-8
cache-control: no-cache
content-length: 14

01:14:50.939 [AsyncHttpClient-1-3] DEBUG org.asynchttpclient.netty.channel.ChannelManager - Adding key: http://localhost:50216 for channel [id: 0x09e19791, L:/127.0.0.1:50160 - R:localhost/127.0.0.1:50216]
01:14:50.942 [Forwarding findElement on session 8614b2e5cec21d8f02b640ab9da69fb8 to remote] DEBUG org.asynchttpclient.netty.request.NettyRequestSender - Using pooled Channel '[id: 0x09e19791, L:/127.0.0.1:50160 - R:localhost/127.0.0.1:50216]' for 'POST' to 'http://localhost:50216/session/8614b2e5cec21d8f02b640ab9da69fb8/element'
01:14:50.942 [Forwarding findElement on session 8614b2e5cec21d8f02b640ab9da69fb8 to remote] DEBUG org.asynchttpclient.netty.request.NettyRequestSender - Using open Channel [id: 0x09e19791, L:/127.0.0.1:50160 - R:localhost/127.0.0.1:50216] for POST '/session/8614b2e5cec21d8f02b640ab9da69fb8/element'
01:14:50.995 [AsyncHttpClient-1-3] DEBUG org.asynchttpclient.netty.handler.HttpHandler - 

Request DefaultHttpRequest(decodeResult: success, version: HTTP/1.1)
POST /session/8614b2e5cec21d8f02b640ab9da69fb8/element HTTP/1.1
User-Agent: selenium/4.0.0 (java mac)
Content-Length: 96
Content-Type: application/json; charset=utf-8
host: localhost:50216
accept: */*

Response DefaultHttpResponse(decodeResult: success, version: HTTP/1.1)
HTTP/1.1 200 OK
Content-Type: application/json; charset=utf-8
cache-control: no-cache
content-length: 88

01:14:50.996 [AsyncHttpClient-1-3] DEBUG org.asynchttpclient.netty.channel.ChannelManager - Adding key: http://localhost:50216 for channel [id: 0x09e19791, L:/127.0.0.1:50160 - R:localhost/127.0.0.1:50216]
01:14:50.997 [Forwarding getElementText on session 8614b2e5cec21d8f02b640ab9da69fb8 to remote] DEBUG org.asynchttpclient.netty.request.NettyRequestSender - Using pooled Channel '[id: 0x09e19791, L:/127.0.0.1:50160 - R:localhost/127.0.0.1:50216]' for 'GET' to 'http://localhost:50216/session/8614b2e5cec21d8f02b640ab9da69fb8/element/4d217414-30ba-40a8-84c4-c482c5e472f7/text'
01:14:50.997 [Forwarding getElementText on session 8614b2e5cec21d8f02b640ab9da69fb8 to remote] DEBUG org.asynchttpclient.netty.request.NettyRequestSender - Using open Channel [id: 0x09e19791, L:/127.0.0.1:50160 - R:localhost/127.0.0.1:50216] for GET '/session/8614b2e5cec21d8f02b640ab9da69fb8/element/4d217414-30ba-40a8-84c4-c482c5e472f7/text'
01:14:51.029 [AsyncHttpClient-1-3] DEBUG org.asynchttpclient.netty.handler.HttpHandler - 

Request DefaultFullHttpRequest(decodeResult: success, version: HTTP/1.1, content: EmptyByteBufBE)
GET /session/8614b2e5cec21d8f02b640ab9da69fb8/element/4d217414-30ba-40a8-84c4-c482c5e472f7/text HTTP/1.1
User-Agent: selenium/4.0.0 (java mac)
Cache-Control: no-cache
Content-Type: application/json; charset=utf-8
host: localhost:50216
accept: */*

Response DefaultHttpResponse(decodeResult: success, version: HTTP/1.1)
HTTP/1.1 200 OK
Content-Type: application/json; charset=utf-8
cache-control: no-cache
content-length: 36

01:14:51.029 [AsyncHttpClient-1-3] DEBUG org.asynchttpclient.netty.channel.ChannelManager - Adding key: http://localhost:50216 for channel [id: 0x09e19791, L:/127.0.0.1:50160 - R:localhost/127.0.0.1:50216]
]]></system-out>
    <system-err><![CDATA[Starting ChromeDriver 98.0.4758.102 (273bf7ac8c909cde36982d27f66f3c70846a3718-refs/branch-heads/4758@{#1151}) on port 50216
Only local connections are allowed.
Please see https://chromedriver.chromium.org/security-considerations for suggestions on keeping ChromeDriver safe.
ChromeDriver was started successfully.
февр. 27, 2022 1:14:45 AM org.openqa.selenium.remote.ProtocolHandshake createSession
INFO: Detected dialect: W3C
февр. 27, 2022 1:14:45 AM org.openqa.selenium.devtools.CdpVersionFinder findNearestMatch
WARNING: Unable to find an exact match for CDP version 98, so returning the closest version found: 95
февр. 27, 2022 1:14:45 AM org.openqa.selenium.devtools.CdpVersionFinder findNearestMatch
INFO: Found CDP implementation for version 98 of 95
]]></system-err>
  </testcase>
</testsuite>