<?xml version="1.0" encoding="UTF-8"?>
<testsuite xmlns:xsi="http://www.w3.org/2001/XMLSchema-instance" xsi:noNamespaceSchemaLocation="https://maven.apache.org/surefire/maven-surefire-plugin/xsd/surefire-test-report-3.0.xsd" version="3.0" name="ru.misskotik.RemoveTest" time="9.516" tests="1" errors="0" skipped="0" failures="0">
  <properties>
[...]
</properties>
  <testcase name="removeFromCartTest" classname="ru.misskotik.RemoveTest" time="4.898">
    <system-out><![CDATA[01:14:31.660 [main] DEBUG io.github.bonigarcia.wdm.cache.ResolutionCache - Resolution chrome=98 in cache (valid until 02:09:51 27/02/2022 MSK)
01:14:31.662 [main] DEBUG io.github.bonigarcia.wdm.cache.ResolutionCache - Resolution chrome98=98.0.4758.102 in cache (valid until 15:28:02 27/02/2022 MSK)
01:14:31.662 [main] INFO io.github.bonigarcia.wdm.WebDriverManager - Using chromedriver 98.0.4758.102 (resolved driver for Chrome 98)
01:14:31.697 [main] DEBUG io.github.bonigarcia.wdm.WebDriverManager - Driver chromedriver 98.0.4758.102 found in cache
01:14:31.703 [main] INFO io.github.bonigarcia.wdm.WebDriverManager - Exporting webdriver.chrome.driver as /Users/lally/.cache/selenium/chromedriver/mac64/98.0.4758.102/chromedriver
01:14:31.909 [AsyncHttpClient-1-8] DEBUG org.asynchttpclient.netty.channel.NettyConnectListener - Using new Channel '[id: 0x5f3c71f9, L:/127.0.0.1:50145 - R:localhost/127.0.0.1:62923]' for 'POST' to '/session'
01:14:32.517 [AsyncHttpClient-1-1] DEBUG org.asynchttpclient.netty.channel.DefaultChannelPool - Entry count for : http://localhost:58188 : 1
01:14:32.517 [AsyncHttpClient-1-1] DEBUG org.asynchttpclient.netty.channel.DefaultChannelPool - Entry count for : http://localhost:50131 : 1
01:14:32.517 [AsyncHttpClient-1-1] DEBUG org.asynchttpclient.netty.channel.DefaultChannelPool - Adding Candidate expired Channel [id: 0x3fddc6f3, L:/127.0.0.1:50130 ! R:localhost/127.0.0.1:58188] isIdleTimeoutExpired=false isRemotelyClosed=true isTtlExpired=false
01:14:32.517 [AsyncHttpClient-1-1] DEBUG org.asynchttpclient.netty.channel.DefaultChannelPool - Closing Idle Channel [id: 0x3fddc6f3, L:/127.0.0.1:50130 ! R:localhost/127.0.0.1:58188]
01:14:32.517 [AsyncHttpClient-1-1] DEBUG org.asynchttpclient.netty.channel.DefaultChannelPool - Adding Candidate expired Channel [id: 0x6e16e5be, L:/127.0.0.1:50135 ! R:localhost/127.0.0.1:50131] isIdleTimeoutExpired=false isRemotelyClosed=true isTtlExpired=false
01:14:32.517 [AsyncHttpClient-1-1] DEBUG org.asynchttpclient.netty.channel.DefaultChannelPool - Closing Idle Channel [id: 0x6e16e5be, L:/127.0.0.1:50135 ! R:localhost/127.0.0.1:50131]
01:14:32.517 [AsyncHttpClient-1-1] DEBUG org.asynchttpclient.netty.channel.DefaultChannelPool - Closed 2 connections out of 2 in 0 ms
01:14:35.959 [AsyncHttpClient-1-8] DEBUG org.asynchttpclient.netty.handler.HttpHandler - 

Request DefaultHttpRequest(decodeResult: success, version: HTTP/1.1)
POST /session HTTP/1.1
User-Agent: selenium/4.0.0 (java mac)
Content-Length: 543
Content-Type: application/json; charset=utf-8
host: localhost:62923
accept: */*

Response DefaultHttpResponse(decodeResult: success, version: HTTP/1.1)
HTTP/1.1 200 OK
Content-Type: application/json; charset=utf-8
cache-control: no-cache
content-length: 800

01:14:35.959 [AsyncHttpClient-1-8] DEBUG org.asynchttpclient.netty.channel.ChannelManager - Adding key: http://localhost:62923 for channel [id: 0x5f3c71f9, L:/127.0.0.1:50145 - R:localhost/127.0.0.1:62923]
01:14:35.976 [AsyncHttpClient-1-9] DEBUG org.asynchttpclient.netty.channel.NettyConnectListener - Using new Channel '[id: 0xf60fe16c, L:/127.0.0.1:50150 - R:localhost/127.0.0.1:50146]' for 'GET' to '/json/version'
01:14:35.999 [AsyncHttpClient-1-9] DEBUG org.asynchttpclient.netty.handler.HttpHandler - 

Request DefaultFullHttpRequest(decodeResult: success, version: HTTP/1.1, content: EmptyByteBufBE)
GET /json/version HTTP/1.1
User-Agent: selenium/4.0.0 (java mac)
host: localhost:50146
accept: */*

Response DefaultHttpResponse(decodeResult: success, version: HTTP/1.1)
HTTP/1.1 200 OK
Content-Type: application/json; charset=UTF-8
content-length: 424

01:14:36.000 [AsyncHttpClient-1-9] DEBUG org.asynchttpclient.netty.channel.ChannelManager - Adding key: http://localhost:50146 for channel [id: 0xf60fe16c, L:/127.0.0.1:50150 - R:localhost/127.0.0.1:50146]
01:14:36.004 [AsyncHttpClient-1-2] DEBUG org.asynchttpclient.netty.channel.NettyConnectListener - Using new Channel '[id: 0x0aea9dd2, L:/127.0.0.1:50151 - R:localhost/127.0.0.1:50146]' for 'GET' to '/devtools/browser/7f997130-7376-4b5c-9b73-b6607ada6c71'
01:14:36.006 [AsyncHttpClient-1-2] DEBUG org.asynchttpclient.netty.handler.WebSocketHandler - 

Request DefaultFullHttpRequest(decodeResult: success, version: HTTP/1.1, content: EmptyByteBufBE)
GET /devtools/browser/7f997130-7376-4b5c-9b73-b6607ada6c71 HTTP/1.1
upgrade: websocket
connection: upgrade
sec-websocket-key: D/vPVIohpqYFvKnSA6837w==
sec-websocket-version: 13
origin: http://localhost:50146
host: localhost:50146
accept: */*
user-agent: AHC/2.1

Response DefaultHttpResponse(decodeResult: success, version: HTTP/1.1)
HTTP/1.1 101 WebSocket Protocol Handshake
Upgrade: WebSocket
Connection: Upgrade
Sec-WebSocket-Accept: xiwrK3FTtialuP1Mupd8vkIPbMc=

01:14:36.015 [Forwarding setTimeout on session 465746f5c6a672e8bdc41d8071e2876f to remote] DEBUG org.asynchttpclient.netty.request.NettyRequestSender - Using pooled Channel '[id: 0x5f3c71f9, L:/127.0.0.1:50145 - R:localhost/127.0.0.1:62923]' for 'POST' to 'http://localhost:62923/session/465746f5c6a672e8bdc41d8071e2876f/timeouts'
01:14:36.016 [Forwarding setTimeout on session 465746f5c6a672e8bdc41d8071e2876f to remote] DEBUG org.asynchttpclient.netty.request.NettyRequestSender - Using open Channel [id: 0x5f3c71f9, L:/127.0.0.1:50145 - R:localhost/127.0.0.1:62923] for POST '/session/465746f5c6a672e8bdc41d8071e2876f/timeouts'
01:14:36.018 [AsyncHttpClient-1-8] DEBUG org.asynchttpclient.netty.handler.HttpHandler - 

Request DefaultHttpRequest(decodeResult: success, version: HTTP/1.1)
POST /session/465746f5c6a672e8bdc41d8071e2876f/timeouts HTTP/1.1
User-Agent: selenium/4.0.0 (java mac)
Content-Length: 22
Content-Type: application/json; charset=utf-8
host: localhost:62923
accept: */*

Response DefaultHttpResponse(decodeResult: success, version: HTTP/1.1)
HTTP/1.1 200 OK
Content-Type: application/json; charset=utf-8
cache-control: no-cache
content-length: 14

01:14:36.018 [AsyncHttpClient-1-8] DEBUG org.asynchttpclient.netty.channel.ChannelManager - Adding key: http://localhost:62923 for channel [id: 0x5f3c71f9, L:/127.0.0.1:50145 - R:localhost/127.0.0.1:62923]
01:14:36.024 [Forwarding maximizeCurrentWindow on session 465746f5c6a672e8bdc41d8071e2876f to remote] DEBUG org.asynchttpclient.netty.request.NettyRequestSender - Using pooled Channel '[id: 0x5f3c71f9, L:/127.0.0.1:50145 - R:localhost/127.0.0.1:62923]' for 'POST' to 'http://localhost:62923/session/465746f5c6a672e8bdc41d8071e2876f/window/maximize'
01:14:36.024 [Forwarding maximizeCurrentWindow on session 465746f5c6a672e8bdc41d8071e2876f to remote] DEBUG org.asynchttpclient.netty.request.NettyRequestSender - Using open Channel [id: 0x5f3c71f9, L:/127.0.0.1:50145 - R:localhost/127.0.0.1:62923] for POST '/session/465746f5c6a672e8bdc41d8071e2876f/window/maximize'
01:14:36.191 [AsyncHttpClient-1-8] DEBUG org.asynchttpclient.netty.handler.HttpHandler - 

Request DefaultHttpRequest(decodeResult: success, version: HTTP/1.1)
POST /session/465746f5c6a672e8bdc41d8071e2876f/window/maximize HTTP/1.1
User-Agent: selenium/4.0.0 (java mac)
Content-Length: 3
Content-Type: application/json; charset=utf-8
host: localhost:62923
accept: */*

Response DefaultHttpResponse(decodeResult: success, version: HTTP/1.1)
HTTP/1.1 200 OK
Content-Type: application/json; charset=utf-8
cache-control: no-cache
content-length: 50

01:14:36.192 [AsyncHttpClient-1-8] DEBUG org.asynchttpclient.netty.channel.ChannelManager - Adding key: http://localhost:62923 for channel [id: 0x5f3c71f9, L:/127.0.0.1:50145 - R:localhost/127.0.0.1:62923]
01:14:36.198 [Forwarding get on session 465746f5c6a672e8bdc41d8071e2876f to remote] DEBUG org.asynchttpclient.netty.request.NettyRequestSender - Using pooled Channel '[id: 0x5f3c71f9, L:/127.0.0.1:50145 - R:localhost/127.0.0.1:62923]' for 'POST' to 'http://localhost:62923/session/465746f5c6a672e8bdc41d8071e2876f/url'
01:14:36.198 [Forwarding get on session 465746f5c6a672e8bdc41d8071e2876f to remote] DEBUG org.asynchttpclient.netty.request.NettyRequestSender - Using open Channel [id: 0x5f3c71f9, L:/127.0.0.1:50145 - R:localhost/127.0.0.1:62923] for POST '/session/465746f5c6a672e8bdc41d8071e2876f/url'
01:14:36.918 [AsyncHttpClient-1-1] DEBUG org.asynchttpclient.netty.channel.DefaultChannelPool - Entry count for : http://localhost:50146 : 1
01:14:37.940 [AsyncHttpClient-1-8] DEBUG org.asynchttpclient.netty.handler.HttpHandler - 

Request DefaultHttpRequest(decodeResult: success, version: HTTP/1.1)
POST /session/465746f5c6a672e8bdc41d8071e2876f/url HTTP/1.1
User-Agent: selenium/4.0.0 (java mac)
Content-Length: 56
Content-Type: application/json; charset=utf-8
host: localhost:62923
accept: */*

Response DefaultHttpResponse(decodeResult: success, version: HTTP/1.1)
HTTP/1.1 200 OK
Content-Type: application/json; charset=utf-8
cache-control: no-cache
content-length: 14

01:14:37.941 [AsyncHttpClient-1-8] DEBUG org.asynchttpclient.netty.channel.ChannelManager - Adding key: http://localhost:62923 for channel [id: 0x5f3c71f9, L:/127.0.0.1:50145 - R:localhost/127.0.0.1:62923]
01:14:37.945 [Forwarding findElement on session 465746f5c6a672e8bdc41d8071e2876f to remote] DEBUG org.asynchttpclient.netty.request.NettyRequestSender - Using pooled Channel '[id: 0x5f3c71f9, L:/127.0.0.1:50145 - R:localhost/127.0.0.1:62923]' for 'POST' to 'http://localhost:62923/session/465746f5c6a672e8bdc41d8071e2876f/element'
01:14:37.945 [Forwarding findElement on session 465746f5c6a672e8bdc41d8071e2876f to remote] DEBUG org.asynchttpclient.netty.request.NettyRequestSender - Using open Channel [id: 0x5f3c71f9, L:/127.0.0.1:50145 - R:localhost/127.0.0.1:62923] for POST '/session/465746f5c6a672e8bdc41d8071e2876f/element'
01:14:38.018 [AsyncHttpClient-1-1] DEBUG org.asynchttpclient.netty.channel.DefaultChannelPool - Entry count for : http://localhost:50146 : 1
01:14:38.025 [AsyncHttpClient-1-8] DEBUG org.asynchttpclient.netty.handler.HttpHandler - 

Request DefaultHttpRequest(decodeResult: success, version: HTTP/1.1)
POST /session/465746f5c6a672e8bdc41d8071e2876f/element HTTP/1.1
User-Agent: selenium/4.0.0 (java mac)
Content-Length: 56
Content-Type: application/json; charset=utf-8
host: localhost:62923
accept: */*

Response DefaultHttpResponse(decodeResult: success, version: HTTP/1.1)
HTTP/1.1 200 OK
Content-Type: application/json; charset=utf-8
cache-control: no-cache
content-length: 88

01:14:38.026 [AsyncHttpClient-1-8] DEBUG org.asynchttpclient.netty.channel.ChannelManager - Adding key: http://localhost:62923 for channel [id: 0x5f3c71f9, L:/127.0.0.1:50145 - R:localhost/127.0.0.1:62923]
01:14:38.030 [Forwarding sendKeysToElement on session 465746f5c6a672e8bdc41d8071e2876f to remote] DEBUG org.asynchttpclient.netty.request.NettyRequestSender - Using pooled Channel '[id: 0x5f3c71f9, L:/127.0.0.1:50145 - R:localhost/127.0.0.1:62923]' for 'POST' to 'http://localhost:62923/session/465746f5c6a672e8bdc41d8071e2876f/element/014a6a86-b9aa-4b21-b23d-8c5bcbb9c2c3/value'
01:14:38.030 [Forwarding sendKeysToElement on session 465746f5c6a672e8bdc41d8071e2876f to remote] DEBUG org.asynchttpclient.netty.request.NettyRequestSender - Using open Channel [id: 0x5f3c71f9, L:/127.0.0.1:50145 - R:localhost/127.0.0.1:62923] for POST '/session/465746f5c6a672e8bdc41d8071e2876f/element/014a6a86-b9aa-4b21-b23d-8c5bcbb9c2c3/value'
01:14:38.452 [AsyncHttpClient-1-8] DEBUG org.asynchttpclient.netty.handler.HttpHandler - 

Request DefaultHttpRequest(decodeResult: success, version: HTTP/1.1)
POST /session/465746f5c6a672e8bdc41d8071e2876f/element/014a6a86-b9aa-4b21-b23d-8c5bcbb9c2c3/value HTTP/1.1
User-Agent: selenium/4.0.0 (java mac)
Content-Length: 211
Content-Type: application/json; charset=utf-8
host: localhost:62923
accept: */*

Response DefaultHttpResponse(decodeResult: success, version: HTTP/1.1)
HTTP/1.1 200 OK
Content-Type: application/json; charset=utf-8
cache-control: no-cache
content-length: 14

01:14:38.452 [AsyncHttpClient-1-8] DEBUG org.asynchttpclient.netty.channel.ChannelManager - Adding key: http://localhost:62923 for channel [id: 0x5f3c71f9, L:/127.0.0.1:50145 - R:localhost/127.0.0.1:62923]
01:14:38.458 [Forwarding findElement on session 465746f5c6a672e8bdc41d8071e2876f to remote] DEBUG org.asynchttpclient.netty.request.NettyRequestSender - Using pooled Channel '[id: 0x5f3c71f9, L:/127.0.0.1:50145 - R:localhost/127.0.0.1:62923]' for 'POST' to 'http://localhost:62923/session/465746f5c6a672e8bdc41d8071e2876f/element'
01:14:38.458 [Forwarding findElement on session 465746f5c6a672e8bdc41d8071e2876f to remote] DEBUG org.asynchttpclient.netty.request.NettyRequestSender - Using open Channel [id: 0x5f3c71f9, L:/127.0.0.1:50145 - R:localhost/127.0.0.1:62923] for POST '/session/465746f5c6a672e8bdc41d8071e2876f/element'
01:14:38.702 [AsyncHttpClient-1-8] DEBUG org.asynchttpclient.netty.handler.HttpHandler - 

Request DefaultHttpRequest(decodeResult: success, version: HTTP/1.1)
POST /session/465746f5c6a672e8bdc41d8071e2876f/element HTTP/1.1
User-Agent: selenium/4.0.0 (java mac)
Content-Length: 53
Content-Type: application/json; charset=utf-8
host: localhost:62923
accept: */*

Response DefaultHttpResponse(decodeResult: success, version: HTTP/1.1)
HTTP/1.1 200 OK
Content-Type: application/json; charset=utf-8
cache-control: no-cache
content-length: 88

01:14:38.703 [AsyncHttpClient-1-8] DEBUG org.asynchttpclient.netty.channel.ChannelManager - Adding key: http://localhost:62923 for channel [id: 0x5f3c71f9, L:/127.0.0.1:50145 - R:localhost/127.0.0.1:62923]
01:14:38.708 [Forwarding sendKeysToElement on session 465746f5c6a672e8bdc41d8071e2876f to remote] DEBUG org.asynchttpclient.netty.request.NettyRequestSender - Using pooled Channel '[id: 0x5f3c71f9, L:/127.0.0.1:50145 - R:localhost/127.0.0.1:62923]' for 'POST' to 'http://localhost:62923/session/465746f5c6a672e8bdc41d8071e2876f/element/db65bad1-3ade-4c27-a682-7535d72b41e3/value'
01:14:38.708 [Forwarding sendKeysToElement on session 465746f5c6a672e8bdc41d8071e2876f to remote] DEBUG org.asynchttpclient.netty.request.NettyRequestSender - Using open Channel [id: 0x5f3c71f9, L:/127.0.0.1:50145 - R:localhost/127.0.0.1:62923] for POST '/session/465746f5c6a672e8bdc41d8071e2876f/element/db65bad1-3ade-4c27-a682-7535d72b41e3/value'
01:14:39.119 [AsyncHttpClient-1-1] DEBUG org.asynchttpclient.netty.channel.DefaultChannelPool - Entry count for : http://localhost:50146 : 1
01:14:39.192 [AsyncHttpClient-1-8] DEBUG org.asynchttpclient.netty.handler.HttpHandler - 

Request DefaultHttpRequest(decodeResult: success, version: HTTP/1.1)
POST /session/465746f5c6a672e8bdc41d8071e2876f/element/db65bad1-3ade-4c27-a682-7535d72b41e3/value HTTP/1.1
User-Agent: selenium/4.0.0 (java mac)
Content-Length: 201
Content-Type: application/json; charset=utf-8
host: localhost:62923
accept: */*

Response DefaultHttpResponse(decodeResult: success, version: HTTP/1.1)
HTTP/1.1 200 OK
Content-Type: application/json; charset=utf-8
cache-control: no-cache
content-length: 14

01:14:39.193 [AsyncHttpClient-1-8] DEBUG org.asynchttpclient.netty.channel.ChannelManager - Adding key: http://localhost:62923 for channel [id: 0x5f3c71f9, L:/127.0.0.1:50145 - R:localhost/127.0.0.1:62923]
01:14:39.196 [Forwarding findElement on session 465746f5c6a672e8bdc41d8071e2876f to remote] DEBUG org.asynchttpclient.netty.request.NettyRequestSender - Using pooled Channel '[id: 0x5f3c71f9, L:/127.0.0.1:50145 - R:localhost/127.0.0.1:62923]' for 'POST' to 'http://localhost:62923/session/465746f5c6a672e8bdc41d8071e2876f/element'
01:14:39.196 [Forwarding findElement on session 465746f5c6a672e8bdc41d8071e2876f to remote] DEBUG org.asynchttpclient.netty.request.NettyRequestSender - Using open Channel [id: 0x5f3c71f9, L:/127.0.0.1:50145 - R:localhost/127.0.0.1:62923] for POST '/session/465746f5c6a672e8bdc41d8071e2876f/element'
01:14:39.297 [AsyncHttpClient-1-8] DEBUG org.asynchttpclient.netty.handler.HttpHandler - 

Request DefaultHttpRequest(decodeResult: success, version: HTTP/1.1)
POST /session/465746f5c6a672e8bdc41d8071e2876f/element HTTP/1.1
User-Agent: selenium/4.0.0 (java mac)
Content-Length: 59
Content-Type: application/json; charset=utf-8
host: localhost:62923
accept: */*

Response DefaultHttpResponse(decodeResult: success, version: HTTP/1.1)
HTTP/1.1 200 OK
Content-Type: application/json; charset=utf-8
cache-control: no-cache
content-length: 88

01:14:39.297 [AsyncHttpClient-1-8] DEBUG org.asynchttpclient.netty.channel.ChannelManager - Adding key: http://localhost:62923 for channel [id: 0x5f3c71f9, L:/127.0.0.1:50145 - R:localhost/127.0.0.1:62923]
01:14:39.300 [Forwarding clickElement on session 465746f5c6a672e8bdc41d8071e2876f to remote] DEBUG org.asynchttpclient.netty.request.NettyRequestSender - Using pooled Channel '[id: 0x5f3c71f9, L:/127.0.0.1:50145 - R:localhost/127.0.0.1:62923]' for 'POST' to 'http://localhost:62923/session/465746f5c6a672e8bdc41d8071e2876f/element/f56f27f9-dfa5-405e-98af-1019f1abd4ae/click'
01:14:39.300 [Forwarding clickElement on session 465746f5c6a672e8bdc41d8071e2876f to remote] DEBUG org.asynchttpclient.netty.request.NettyRequestSender - Using open Channel [id: 0x5f3c71f9, L:/127.0.0.1:50145 - R:localhost/127.0.0.1:62923] for POST '/session/465746f5c6a672e8bdc41d8071e2876f/element/f56f27f9-dfa5-405e-98af-1019f1abd4ae/click'
01:14:39.623 [AsyncHttpClient-1-8] DEBUG org.asynchttpclient.netty.handler.HttpHandler - 

Request DefaultHttpRequest(decodeResult: success, version: HTTP/1.1)
POST /session/465746f5c6a672e8bdc41d8071e2876f/element/f56f27f9-dfa5-405e-98af-1019f1abd4ae/click HTTP/1.1
User-Agent: selenium/4.0.0 (java mac)
Content-Length: 50
Content-Type: application/json; charset=utf-8
host: localhost:62923
accept: */*

Response DefaultHttpResponse(decodeResult: success, version: HTTP/1.1)
HTTP/1.1 200 OK
Content-Type: application/json; charset=utf-8
cache-control: no-cache
content-length: 14

01:14:39.623 [AsyncHttpClient-1-8] DEBUG org.asynchttpclient.netty.channel.ChannelManager - Adding key: http://localhost:62923 for channel [id: 0x5f3c71f9, L:/127.0.0.1:50145 - R:localhost/127.0.0.1:62923]
01:14:39.627 [Forwarding setTimeout on session 465746f5c6a672e8bdc41d8071e2876f to remote] DEBUG org.asynchttpclient.netty.request.NettyRequestSender - Using pooled Channel '[id: 0x5f3c71f9, L:/127.0.0.1:50145 - R:localhost/127.0.0.1:62923]' for 'POST' to 'http://localhost:62923/session/465746f5c6a672e8bdc41d8071e2876f/timeouts'
01:14:39.627 [Forwarding setTimeout on session 465746f5c6a672e8bdc41d8071e2876f to remote] DEBUG org.asynchttpclient.netty.request.NettyRequestSender - Using open Channel [id: 0x5f3c71f9, L:/127.0.0.1:50145 - R:localhost/127.0.0.1:62923] for POST '/session/465746f5c6a672e8bdc41d8071e2876f/timeouts'
01:14:39.629 [AsyncHttpClient-1-8] DEBUG org.asynchttpclient.netty.handler.HttpHandler - 

Request DefaultHttpRequest(decodeResult: success, version: HTTP/1.1)
POST /session/465746f5c6a672e8bdc41d8071e2876f/timeouts HTTP/1.1
User-Agent: selenium/4.0.0 (java mac)
Content-Length: 22
Content-Type: application/json; charset=utf-8
host: localhost:62923
accept: */*

Response DefaultHttpResponse(decodeResult: success, version: HTTP/1.1)
HTTP/1.1 200 OK
Content-Type: application/json; charset=utf-8
cache-control: no-cache
content-length: 14

01:14:39.629 [AsyncHttpClient-1-8] DEBUG org.asynchttpclient.netty.channel.ChannelManager - Adding key: http://localhost:62923 for channel [id: 0x5f3c71f9, L:/127.0.0.1:50145 - R:localhost/127.0.0.1:62923]
01:14:39.637 [Forwarding findElement on session 465746f5c6a672e8bdc41d8071e2876f to remote] DEBUG org.asynchttpclient.netty.request.NettyRequestSender - Using pooled Channel '[id: 0x5f3c71f9, L:/127.0.0.1:50145 - R:localhost/127.0.0.1:62923]' for 'POST' to 'http://localhost:62923/session/465746f5c6a672e8bdc41d8071e2876f/element'
01:14:39.637 [Forwarding findElement on session 465746f5c6a672e8bdc41d8071e2876f to remote] DEBUG org.asynchttpclient.netty.request.NettyRequestSender - Using open Channel [id: 0x5f3c71f9, L:/127.0.0.1:50145 - R:localhost/127.0.0.1:62923] for POST '/session/465746f5c6a672e8bdc41d8071e2876f/element'
01:14:39.790 [AsyncHttpClient-1-8] DEBUG org.asynchttpclient.netty.handler.HttpHandler - 

Request DefaultHttpRequest(decodeResult: success, version: HTTP/1.1)
POST /session/465746f5c6a672e8bdc41d8071e2876f/element HTTP/1.1
User-Agent: selenium/4.0.0 (java mac)
Content-Length: 86
Content-Type: application/json; charset=utf-8
host: localhost:62923
accept: */*

Response DefaultHttpResponse(decodeResult: success, version: HTTP/1.1)
HTTP/1.1 200 OK
Content-Type: application/json; charset=utf-8
cache-control: no-cache
content-length: 88

01:14:39.791 [AsyncHttpClient-1-8] DEBUG org.asynchttpclient.netty.channel.ChannelManager - Adding key: http://localhost:62923 for channel [id: 0x5f3c71f9, L:/127.0.0.1:50145 - R:localhost/127.0.0.1:62923]
01:14:39.795 [Forwarding clickElement on session 465746f5c6a672e8bdc41d8071e2876f to remote] DEBUG org.asynchttpclient.netty.request.NettyRequestSender - Using pooled Channel '[id: 0x5f3c71f9, L:/127.0.0.1:50145 - R:localhost/127.0.0.1:62923]' for 'POST' to 'http://localhost:62923/session/465746f5c6a672e8bdc41d8071e2876f/element/25298d0a-e228-482e-9fe1-1959c67bc915/click'
01:14:39.795 [Forwarding clickElement on session 465746f5c6a672e8bdc41d8071e2876f to remote] DEBUG org.asynchttpclient.netty.request.NettyRequestSender - Using open Channel [id: 0x5f3c71f9, L:/127.0.0.1:50145 - R:localhost/127.0.0.1:62923] for POST '/session/465746f5c6a672e8bdc41d8071e2876f/element/25298d0a-e228-482e-9fe1-1959c67bc915/click'
01:14:40.139 [AsyncHttpClient-1-8] DEBUG org.asynchttpclient.netty.handler.HttpHandler - 

Request DefaultHttpRequest(decodeResult: success, version: HTTP/1.1)
POST /session/465746f5c6a672e8bdc41d8071e2876f/element/25298d0a-e228-482e-9fe1-1959c67bc915/click HTTP/1.1
User-Agent: selenium/4.0.0 (java mac)
Content-Length: 50
Content-Type: application/json; charset=utf-8
host: localhost:62923
accept: */*

Response DefaultHttpResponse(decodeResult: success, version: HTTP/1.1)
HTTP/1.1 200 OK
Content-Type: application/json; charset=utf-8
cache-control: no-cache
content-length: 14

01:14:40.139 [AsyncHttpClient-1-8] DEBUG org.asynchttpclient.netty.channel.ChannelManager - Adding key: http://localhost:62923 for channel [id: 0x5f3c71f9, L:/127.0.0.1:50145 - R:localhost/127.0.0.1:62923]
01:14:40.146 [Forwarding findElement on session 465746f5c6a672e8bdc41d8071e2876f to remote] DEBUG org.asynchttpclient.netty.request.NettyRequestSender - Using pooled Channel '[id: 0x5f3c71f9, L:/127.0.0.1:50145 - R:localhost/127.0.0.1:62923]' for 'POST' to 'http://localhost:62923/session/465746f5c6a672e8bdc41d8071e2876f/element'
01:14:40.147 [Forwarding findElement on session 465746f5c6a672e8bdc41d8071e2876f to remote] DEBUG org.asynchttpclient.netty.request.NettyRequestSender - Using open Channel [id: 0x5f3c71f9, L:/127.0.0.1:50145 - R:localhost/127.0.0.1:62923] for POST '/session/465746f5c6a672e8bdc41d8071e2876f/element'
01:14:40.219 [AsyncHttpClient-1-1] DEBUG org.asynchttpclient.netty.channel.DefaultChannelPool - Entry count for : http://localhost:50146 : 1
01:14:40.387 [AsyncHttpClient-1-8] DEBUG org.asynchttpclient.netty.handler.HttpHandler - 

Request DefaultHttpRequest(decodeResult: success, version: HTTP/1.1)
POST /session/465746f5c6a672e8bdc41d8071e2876f/element HTTP/1.1
User-Agent: selenium/4.0.0 (java mac)
Content-Length: 91
Content-Type: application/json; charset=utf-8
host: localhost:62923
accept: */*

Response DefaultHttpResponse(decodeResult: success, version: HTTP/1.1)
HTTP/1.1 200 OK
Content-Type: application/json; charset=utf-8
cache-control: no-cache
content-length: 88

01:14:40.388 [AsyncHttpClient-1-8] DEBUG org.asynchttpclient.netty.channel.ChannelManager - Adding key: http://localhost:62923 for channel [id: 0x5f3c71f9, L:/127.0.0.1:50145 - R:localhost/127.0.0.1:62923]
01:14:40.410 [Forwarding clickElement on session 465746f5c6a672e8bdc41d8071e2876f to remote] DEBUG org.asynchttpclient.netty.request.NettyRequestSender - Using pooled Channel '[id: 0x5f3c71f9, L:/127.0.0.1:50145 - R:localhost/127.0.0.1:62923]' for 'POST' to 'http://localhost:62923/session/465746f5c6a672e8bdc41d8071e2876f/element/7e93edfe-e113-450d-9444-67010d975f2a/click'
01:14:40.410 [Forwarding clickElement on session 465746f5c6a672e8bdc41d8071e2876f to remote] DEBUG org.asynchttpclient.netty.request.NettyRequestSender - Using open Channel [id: 0x5f3c71f9, L:/127.0.0.1:50145 - R:localhost/127.0.0.1:62923] for POST '/session/465746f5c6a672e8bdc41d8071e2876f/element/7e93edfe-e113-450d-9444-67010d975f2a/click'
01:14:40.658 [AsyncHttpClient-1-8] DEBUG org.asynchttpclient.netty.handler.HttpHandler - 

Request DefaultHttpRequest(decodeResult: success, version: HTTP/1.1)
POST /session/465746f5c6a672e8bdc41d8071e2876f/element/7e93edfe-e113-450d-9444-67010d975f2a/click HTTP/1.1
User-Agent: selenium/4.0.0 (java mac)
Content-Length: 50
Content-Type: application/json; charset=utf-8
host: localhost:62923
accept: */*

Response DefaultHttpResponse(decodeResult: success, version: HTTP/1.1)
HTTP/1.1 200 OK
Content-Type: application/json; charset=utf-8
cache-control: no-cache
content-length: 14

01:14:40.659 [AsyncHttpClient-1-8] DEBUG org.asynchttpclient.netty.channel.ChannelManager - Adding key: http://localhost:62923 for channel [id: 0x5f3c71f9, L:/127.0.0.1:50145 - R:localhost/127.0.0.1:62923]
01:14:40.661 [Forwarding findElement on session 465746f5c6a672e8bdc41d8071e2876f to remote] DEBUG org.asynchttpclient.netty.request.NettyRequestSender - Using pooled Channel '[id: 0x5f3c71f9, L:/127.0.0.1:50145 - R:localhost/127.0.0.1:62923]' for 'POST' to 'http://localhost:62923/session/465746f5c6a672e8bdc41d8071e2876f/element'
01:14:40.662 [Forwarding findElement on session 465746f5c6a672e8bdc41d8071e2876f to remote] DEBUG org.asynchttpclient.netty.request.NettyRequestSender - Using open Channel [id: 0x5f3c71f9, L:/127.0.0.1:50145 - R:localhost/127.0.0.1:62923] for POST '/session/465746f5c6a672e8bdc41d8071e2876f/element'
01:14:40.704 [AsyncHttpClient-1-8] DEBUG org.asynchttpclient.netty.handler.HttpHandler - 

Request DefaultHttpRequest(decodeResult: success, version: HTTP/1.1)
POST /session/465746f5c6a672e8bdc41d8071e2876f/element HTTP/1.1
User-Agent: selenium/4.0.0 (java mac)
Content-Length: 91
Content-Type: application/json; charset=utf-8
host: localhost:62923
accept: */*

Response DefaultHttpResponse(decodeResult: success, version: HTTP/1.1)
HTTP/1.1 200 OK
Content-Type: application/json; charset=utf-8
cache-control: no-cache
content-length: 88

01:14:40.705 [AsyncHttpClient-1-8] DEBUG org.asynchttpclient.netty.channel.ChannelManager - Adding key: http://localhost:62923 for channel [id: 0x5f3c71f9, L:/127.0.0.1:50145 - R:localhost/127.0.0.1:62923]
01:14:40.707 [Forwarding getElementText on session 465746f5c6a672e8bdc41d8071e2876f to remote] DEBUG org.asynchttpclient.netty.request.NettyRequestSender - Using pooled Channel '[id: 0x5f3c71f9, L:/127.0.0.1:50145 - R:localhost/127.0.0.1:62923]' for 'GET' to 'http://localhost:62923/session/465746f5c6a672e8bdc41d8071e2876f/element/61c583b8-44eb-43fa-a4cb-c35e38e74696/text'
01:14:40.707 [Forwarding getElementText on session 465746f5c6a672e8bdc41d8071e2876f to remote] DEBUG org.asynchttpclient.netty.request.NettyRequestSender - Using open Channel [id: 0x5f3c71f9, L:/127.0.0.1:50145 - R:localhost/127.0.0.1:62923] for GET '/session/465746f5c6a672e8bdc41d8071e2876f/element/61c583b8-44eb-43fa-a4cb-c35e38e74696/text'
01:14:40.740 [AsyncHttpClient-1-8] DEBUG org.asynchttpclient.netty.handler.HttpHandler - 

Request DefaultFullHttpRequest(decodeResult: success, version: HTTP/1.1, content: EmptyByteBufBE)
GET /session/465746f5c6a672e8bdc41d8071e2876f/element/61c583b8-44eb-43fa-a4cb-c35e38e74696/text HTTP/1.1
User-Agent: selenium/4.0.0 (java mac)
Cache-Control: no-cache
Content-Type: application/json; charset=utf-8
host: localhost:62923
accept: */*

Response DefaultHttpResponse(decodeResult: success, version: HTTP/1.1)
HTTP/1.1 200 OK
Content-Type: application/json; charset=utf-8
cache-control: no-cache
content-length: 13

01:14:40.740 [AsyncHttpClient-1-8] DEBUG org.asynchttpclient.netty.channel.ChannelManager - Adding key: http://localhost:62923 for channel [id: 0x5f3c71f9, L:/127.0.0.1:50145 - R:localhost/127.0.0.1:62923]
01:14:40.744 [Forwarding findElement on session 465746f5c6a672e8bdc41d8071e2876f to remote] DEBUG org.asynchttpclient.netty.request.NettyRequestSender - Using pooled Channel '[id: 0x5f3c71f9, L:/127.0.0.1:50145 - R:localhost/127.0.0.1:62923]' for 'POST' to 'http://localhost:62923/session/465746f5c6a672e8bdc41d8071e2876f/element'
01:14:40.744 [Forwarding findElement on session 465746f5c6a672e8bdc41d8071e2876f to remote] DEBUG org.asynchttpclient.netty.request.NettyRequestSender - Using open Channel [id: 0x5f3c71f9, L:/127.0.0.1:50145 - R:localhost/127.0.0.1:62923] for POST '/session/465746f5c6a672e8bdc41d8071e2876f/element'
01:14:40.781 [AsyncHttpClient-1-8] DEBUG org.asynchttpclient.netty.handler.HttpHandler - 

Request DefaultHttpRequest(decodeResult: success, version: HTTP/1.1)
POST /session/465746f5c6a672e8bdc41d8071e2876f/element HTTP/1.1
User-Agent: selenium/4.0.0 (java mac)
Content-Length: 77
Content-Type: application/json; charset=utf-8
host: localhost:62923
accept: */*

Response DefaultHttpResponse(decodeResult: success, version: HTTP/1.1)
HTTP/1.1 200 OK
Content-Type: application/json; charset=utf-8
cache-control: no-cache
content-length: 88

01:14:40.781 [AsyncHttpClient-1-8] DEBUG org.asynchttpclient.netty.channel.ChannelManager - Adding key: http://localhost:62923 for channel [id: 0x5f3c71f9, L:/127.0.0.1:50145 - R:localhost/127.0.0.1:62923]
01:14:40.785 [Forwarding clickElement on session 465746f5c6a672e8bdc41d8071e2876f to remote] DEBUG org.asynchttpclient.netty.request.NettyRequestSender - Using pooled Channel '[id: 0x5f3c71f9, L:/127.0.0.1:50145 - R:localhost/127.0.0.1:62923]' for 'POST' to 'http://localhost:62923/session/465746f5c6a672e8bdc41d8071e2876f/element/42289bf1-8c78-47ef-ad63-24c2b48a112c/click'
01:14:40.785 [Forwarding clickElement on session 465746f5c6a672e8bdc41d8071e2876f to remote] DEBUG org.asynchttpclient.netty.request.NettyRequestSender - Using open Channel [id: 0x5f3c71f9, L:/127.0.0.1:50145 - R:localhost/127.0.0.1:62923] for POST '/session/465746f5c6a672e8bdc41d8071e2876f/element/42289bf1-8c78-47ef-ad63-24c2b48a112c/click'
01:14:40.874 [AsyncHttpClient-1-8] DEBUG org.asynchttpclient.netty.handler.HttpHandler - 

Request DefaultHttpRequest(decodeResult: success, version: HTTP/1.1)
POST /session/465746f5c6a672e8bdc41d8071e2876f/element/42289bf1-8c78-47ef-ad63-24c2b48a112c/click HTTP/1.1
User-Agent: selenium/4.0.0 (java mac)
Content-Length: 50
Content-Type: application/json; charset=utf-8
host: localhost:62923
accept: */*

Response DefaultHttpResponse(decodeResult: success, version: HTTP/1.1)
HTTP/1.1 200 OK
Content-Type: application/json; charset=utf-8
cache-control: no-cache
content-length: 14

01:14:40.875 [AsyncHttpClient-1-8] DEBUG org.asynchttpclient.netty.channel.ChannelManager - Adding key: http://localhost:62923 for channel [id: 0x5f3c71f9, L:/127.0.0.1:50145 - R:localhost/127.0.0.1:62923]
01:14:40.880 [Forwarding findElement on session 465746f5c6a672e8bdc41d8071e2876f to remote] DEBUG org.asynchttpclient.netty.request.NettyRequestSender - Using pooled Channel '[id: 0x5f3c71f9, L:/127.0.0.1:50145 - R:localhost/127.0.0.1:62923]' for 'POST' to 'http://localhost:62923/session/465746f5c6a672e8bdc41d8071e2876f/element'
01:14:40.880 [Forwarding findElement on session 465746f5c6a672e8bdc41d8071e2876f to remote] DEBUG org.asynchttpclient.netty.request.NettyRequestSender - Using open Channel [id: 0x5f3c71f9, L:/127.0.0.1:50145 - R:localhost/127.0.0.1:62923] for POST '/session/465746f5c6a672e8bdc41d8071e2876f/element'
01:14:40.894 [AsyncHttpClient-1-8] DEBUG org.asynchttpclient.netty.handler.HttpHandler - 

Request DefaultHttpRequest(decodeResult: success, version: HTTP/1.1)
POST /session/465746f5c6a672e8bdc41d8071e2876f/element HTTP/1.1
User-Agent: selenium/4.0.0 (java mac)
Content-Length: 91
Content-Type: application/json; charset=utf-8
host: localhost:62923
accept: */*

Response DefaultHttpResponse(decodeResult: success, version: HTTP/1.1)
HTTP/1.1 200 OK
Content-Type: application/json; charset=utf-8
cache-control: no-cache
content-length: 88

01:14:40.895 [AsyncHttpClient-1-8] DEBUG org.asynchttpclient.netty.channel.ChannelManager - Adding key: http://localhost:62923 for channel [id: 0x5f3c71f9, L:/127.0.0.1:50145 - R:localhost/127.0.0.1:62923]
01:14:40.897 [Forwarding getElementText on session 465746f5c6a672e8bdc41d8071e2876f to remote] DEBUG org.asynchttpclient.netty.request.NettyRequestSender - Using pooled Channel '[id: 0x5f3c71f9, L:/127.0.0.1:50145 - R:localhost/127.0.0.1:62923]' for 'GET' to 'http://localhost:62923/session/465746f5c6a672e8bdc41d8071e2876f/element/61c583b8-44eb-43fa-a4cb-c35e38e74696/text'
01:14:40.898 [Forwarding getElementText on session 465746f5c6a672e8bdc41d8071e2876f to remote] DEBUG org.asynchttpclient.netty.request.NettyRequestSender - Using open Channel [id: 0x5f3c71f9, L:/127.0.0.1:50145 - R:localhost/127.0.0.1:62923] for GET '/session/465746f5c6a672e8bdc41d8071e2876f/element/61c583b8-44eb-43fa-a4cb-c35e38e74696/text'
01:14:40.915 [AsyncHttpClient-1-8] DEBUG org.asynchttpclient.netty.handler.HttpHandler - 

Request DefaultFullHttpRequest(decodeResult: success, version: HTTP/1.1, content: EmptyByteBufBE)
GET /session/465746f5c6a672e8bdc41d8071e2876f/element/61c583b8-44eb-43fa-a4cb-c35e38e74696/text HTTP/1.1
User-Agent: selenium/4.0.0 (java mac)
Cache-Control: no-cache
Content-Type: application/json; charset=utf-8
host: localhost:62923
accept: */*

Response DefaultHttpResponse(decodeResult: success, version: HTTP/1.1)
HTTP/1.1 200 OK
Content-Type: application/json; charset=utf-8
cache-control: no-cache
content-length: 12

01:14:40.915 [AsyncHttpClient-1-8] DEBUG org.asynchttpclient.netty.channel.ChannelManager - Adding key: http://localhost:62923 for channel [id: 0x5f3c71f9, L:/127.0.0.1:50145 - R:localhost/127.0.0.1:62923]
]]></system-out>
    <system-err><![CDATA[Starting ChromeDriver 98.0.4758.102 (273bf7ac8c909cde36982d27f66f3c70846a3718-refs/branch-heads/4758@{#1151}) on port 62923
Only local connections are allowed.
Please see https://chromedriver.chromium.org/security-considerations for suggestions on keeping ChromeDriver safe.
ChromeDriver was started successfully.
февр. 27, 2022 1:14:35 AM org.openqa.selenium.remote.ProtocolHandshake createSession
INFO: Detected dialect: W3C
февр. 27, 2022 1:14:36 AM org.openqa.selenium.devtools.CdpVersionFinder findNearestMatch
WARNING: Unable to find an exact match for CDP version 98, so returning the closest version found: 95
февр. 27, 2022 1:14:36 AM org.openqa.selenium.devtools.CdpVersionFinder findNearestMatch
INFO: Found CDP implementation for version 98 of 95
]]></system-err>
  </testcase>
</testsuite>