<?xml version="1.0" encoding="UTF-8"?>
<testsuite xmlns:xsi="http://www.w3.org/2001/XMLSchema-instance" xsi:noNamespaceSchemaLocation="https://maven.apache.org/surefire/maven-surefire-plugin/xsd/surefire-test-report-3.0.xsd" version="3.0" name="ru.misskotik.FormTest" time="10.062" tests="1" errors="0" skipped="0" failures="0">
  <properties>
[...]
</properties>
  <testcase name="checkoutFormTest" classname="ru.misskotik.FormTest" time="5.457">
    <system-out><![CDATA[01:14:51.340 [main] DEBUG io.github.bonigarcia.wdm.cache.ResolutionCache - Resolution chrome=98 in cache (valid until 02:09:51 27/02/2022 MSK)
01:14:51.342 [main] DEBUG io.github.bonigarcia.wdm.cache.ResolutionCache - Resolution chrome98=98.0.4758.102 in cache (valid until 15:28:02 27/02/2022 MSK)
01:14:51.342 [main] INFO io.github.bonigarcia.wdm.WebDriverManager - Using chromedriver 98.0.4758.102 (resolved driver for Chrome 98)
01:14:51.348 [main] DEBUG io.github.bonigarcia.wdm.WebDriverManager - Driver chromedriver 98.0.4758.102 found in cache
01:14:51.350 [main] INFO io.github.bonigarcia.wdm.WebDriverManager - Exporting webdriver.chrome.driver as /Users/lally/.cache/selenium/chromedriver/mac64/98.0.4758.102/chromedriver
01:14:51.552 [AsyncHttpClient-1-6] DEBUG org.asynchttpclient.netty.channel.NettyConnectListener - Using new Channel '[id: 0x2256fa6f, L:/127.0.0.1:50176 - R:localhost/127.0.0.1:53087]' for 'POST' to '/session'
01:14:52.318 [AsyncHttpClient-1-1] DEBUG org.asynchttpclient.netty.channel.DefaultChannelPool - Entry count for : http://localhost:50216 : 1
01:14:52.318 [AsyncHttpClient-1-1] DEBUG org.asynchttpclient.netty.channel.DefaultChannelPool - Adding Candidate expired Channel [id: 0x09e19791, L:/127.0.0.1:50160 ! R:localhost/127.0.0.1:50216] isIdleTimeoutExpired=false isRemotelyClosed=true isTtlExpired=false
01:14:52.318 [AsyncHttpClient-1-1] DEBUG org.asynchttpclient.netty.channel.DefaultChannelPool - Closing Idle Channel [id: 0x09e19791, L:/127.0.0.1:50160 ! R:localhost/127.0.0.1:50216]
01:14:52.318 [AsyncHttpClient-1-1] DEBUG org.asynchttpclient.netty.channel.DefaultChannelPool - Closed 1 connections out of 1 in 0 ms
01:14:55.592 [AsyncHttpClient-1-6] DEBUG org.asynchttpclient.netty.handler.HttpHandler - 

Request DefaultHttpRequest(decodeResult: success, version: HTTP/1.1)
POST /session HTTP/1.1
User-Agent: selenium/4.0.0 (java mac)
Content-Length: 543
Content-Type: application/json; charset=utf-8
host: localhost:53087
accept: */*

Response DefaultHttpResponse(decodeResult: success, version: HTTP/1.1)
HTTP/1.1 200 OK
Content-Type: application/json; charset=utf-8
cache-control: no-cache
content-length: 800

01:14:55.593 [AsyncHttpClient-1-6] DEBUG org.asynchttpclient.netty.channel.ChannelManager - Adding key: http://localhost:53087 for channel [id: 0x2256fa6f, L:/127.0.0.1:50176 - R:localhost/127.0.0.1:53087]
01:14:55.618 [AsyncHttpClient-1-1] DEBUG org.asynchttpclient.netty.channel.DefaultChannelPool - Entry count for : http://localhost:53087 : 1
01:14:55.618 [AsyncHttpClient-1-7] DEBUG org.asynchttpclient.netty.channel.NettyConnectListener - Using new Channel '[id: 0x573fff12, L:/127.0.0.1:50181 - R:localhost/127.0.0.1:50177]' for 'GET' to '/json/version'
01:14:55.622 [AsyncHttpClient-1-7] DEBUG org.asynchttpclient.netty.handler.HttpHandler - 

Request DefaultFullHttpRequest(decodeResult: success, version: HTTP/1.1, content: EmptyByteBufBE)
GET /json/version HTTP/1.1
User-Agent: selenium/4.0.0 (java mac)
host: localhost:50177
accept: */*

Response DefaultHttpResponse(decodeResult: success, version: HTTP/1.1)
HTTP/1.1 200 OK
Content-Type: application/json; charset=UTF-8
content-length: 424

01:14:55.622 [AsyncHttpClient-1-7] DEBUG org.asynchttpclient.netty.channel.ChannelManager - Adding key: http://localhost:50177 for channel [id: 0x573fff12, L:/127.0.0.1:50181 - R:localhost/127.0.0.1:50177]
01:14:55.626 [AsyncHttpClient-1-8] DEBUG org.asynchttpclient.netty.channel.NettyConnectListener - Using new Channel '[id: 0x89e2531d, L:/127.0.0.1:50182 - R:localhost/127.0.0.1:50177]' for 'GET' to '/devtools/browser/b3007dbe-6e01-4c78-bd62-0d3ca901d96b'
01:14:55.628 [AsyncHttpClient-1-8] DEBUG org.asynchttpclient.netty.handler.WebSocketHandler - 

Request DefaultFullHttpRequest(decodeResult: success, version: HTTP/1.1, content: EmptyByteBufBE)
GET /devtools/browser/b3007dbe-6e01-4c78-bd62-0d3ca901d96b HTTP/1.1
upgrade: websocket
connection: upgrade
sec-websocket-key: DCz6W9OQUCLi5jjsAZgHEw==
sec-websocket-version: 13
origin: http://localhost:50177
host: localhost:50177
accept: */*
user-agent: AHC/2.1

Response DefaultHttpResponse(decodeResult: success, version: HTTP/1.1)
HTTP/1.1 101 WebSocket Protocol Handshake
Upgrade: WebSocket
Connection: Upgrade
Sec-WebSocket-Accept: Kt4WsRcYj2meCji7gdfsdTkp/wY=

01:14:55.645 [Forwarding setTimeout on session ef0a26ca08a466c60f83791aa1370774 to remote] DEBUG org.asynchttpclient.netty.request.NettyRequestSender - Using pooled Channel '[id: 0x2256fa6f, L:/127.0.0.1:50176 - R:localhost/127.0.0.1:53087]' for 'POST' to 'http://localhost:53087/session/ef0a26ca08a466c60f83791aa1370774/timeouts'
01:14:55.645 [Forwarding setTimeout on session ef0a26ca08a466c60f83791aa1370774 to remote] DEBUG org.asynchttpclient.netty.request.NettyRequestSender - Using open Channel [id: 0x2256fa6f, L:/127.0.0.1:50176 - R:localhost/127.0.0.1:53087] for POST '/session/ef0a26ca08a466c60f83791aa1370774/timeouts'
01:14:55.647 [AsyncHttpClient-1-6] DEBUG org.asynchttpclient.netty.handler.HttpHandler - 

Request DefaultHttpRequest(decodeResult: success, version: HTTP/1.1)
POST /session/ef0a26ca08a466c60f83791aa1370774/timeouts HTTP/1.1
User-Agent: selenium/4.0.0 (java mac)
Content-Length: 22
Content-Type: application/json; charset=utf-8
host: localhost:53087
accept: */*

Response DefaultHttpResponse(decodeResult: success, version: HTTP/1.1)
HTTP/1.1 200 OK
Content-Type: application/json; charset=utf-8
cache-control: no-cache
content-length: 14

01:14:55.648 [AsyncHttpClient-1-6] DEBUG org.asynchttpclient.netty.channel.ChannelManager - Adding key: http://localhost:53087 for channel [id: 0x2256fa6f, L:/127.0.0.1:50176 - R:localhost/127.0.0.1:53087]
01:14:55.666 [Forwarding maximizeCurrentWindow on session ef0a26ca08a466c60f83791aa1370774 to remote] DEBUG org.asynchttpclient.netty.request.NettyRequestSender - Using pooled Channel '[id: 0x2256fa6f, L:/127.0.0.1:50176 - R:localhost/127.0.0.1:53087]' for 'POST' to 'http://localhost:53087/session/ef0a26ca08a466c60f83791aa1370774/window/maximize'
01:14:55.666 [Forwarding maximizeCurrentWindow on session ef0a26ca08a466c60f83791aa1370774 to remote] DEBUG org.asynchttpclient.netty.request.NettyRequestSender - Using open Channel [id: 0x2256fa6f, L:/127.0.0.1:50176 - R:localhost/127.0.0.1:53087] for POST '/session/ef0a26ca08a466c60f83791aa1370774/window/maximize'
01:14:55.842 [AsyncHttpClient-1-6] DEBUG org.asynchttpclient.netty.handler.HttpHandler - 

Request DefaultHttpRequest(decodeResult: success, version: HTTP/1.1)
POST /session/ef0a26ca08a466c60f83791aa1370774/window/maximize HTTP/1.1
User-Agent: selenium/4.0.0 (java mac)
Content-Length: 3
Content-Type: application/json; charset=utf-8
host: localhost:53087
accept: */*

Response DefaultHttpResponse(decodeResult: success, version: HTTP/1.1)
HTTP/1.1 200 OK
Content-Type: application/json; charset=utf-8
cache-control: no-cache
content-length: 50

01:14:55.842 [AsyncHttpClient-1-6] DEBUG org.asynchttpclient.netty.channel.ChannelManager - Adding key: http://localhost:53087 for channel [id: 0x2256fa6f, L:/127.0.0.1:50176 - R:localhost/127.0.0.1:53087]
01:14:55.846 [Forwarding get on session ef0a26ca08a466c60f83791aa1370774 to remote] DEBUG org.asynchttpclient.netty.request.NettyRequestSender - Using pooled Channel '[id: 0x2256fa6f, L:/127.0.0.1:50176 - R:localhost/127.0.0.1:53087]' for 'POST' to 'http://localhost:53087/session/ef0a26ca08a466c60f83791aa1370774/url'
01:14:55.846 [Forwarding get on session ef0a26ca08a466c60f83791aa1370774 to remote] DEBUG org.asynchttpclient.netty.request.NettyRequestSender - Using open Channel [id: 0x2256fa6f, L:/127.0.0.1:50176 - R:localhost/127.0.0.1:53087] for POST '/session/ef0a26ca08a466c60f83791aa1370774/url'
01:14:56.723 [AsyncHttpClient-1-1] DEBUG org.asynchttpclient.netty.channel.DefaultChannelPool - Entry count for : http://localhost:50177 : 1
01:14:57.491 [AsyncHttpClient-1-6] DEBUG org.asynchttpclient.netty.handler.HttpHandler - 

Request DefaultHttpRequest(decodeResult: success, version: HTTP/1.1)
POST /session/ef0a26ca08a466c60f83791aa1370774/url HTTP/1.1
User-Agent: selenium/4.0.0 (java mac)
Content-Length: 56
Content-Type: application/json; charset=utf-8
host: localhost:53087
accept: */*

Response DefaultHttpResponse(decodeResult: success, version: HTTP/1.1)
HTTP/1.1 200 OK
Content-Type: application/json; charset=utf-8
cache-control: no-cache
content-length: 14

01:14:57.492 [AsyncHttpClient-1-6] DEBUG org.asynchttpclient.netty.channel.ChannelManager - Adding key: http://localhost:53087 for channel [id: 0x2256fa6f, L:/127.0.0.1:50176 - R:localhost/127.0.0.1:53087]
01:14:57.496 [Forwarding findElement on session ef0a26ca08a466c60f83791aa1370774 to remote] DEBUG org.asynchttpclient.netty.request.NettyRequestSender - Using pooled Channel '[id: 0x2256fa6f, L:/127.0.0.1:50176 - R:localhost/127.0.0.1:53087]' for 'POST' to 'http://localhost:53087/session/ef0a26ca08a466c60f83791aa1370774/element'
01:14:57.496 [Forwarding findElement on session ef0a26ca08a466c60f83791aa1370774 to remote] DEBUG org.asynchttpclient.netty.request.NettyRequestSender - Using open Channel [id: 0x2256fa6f, L:/127.0.0.1:50176 - R:localhost/127.0.0.1:53087] for POST '/session/ef0a26ca08a466c60f83791aa1370774/element'
01:14:57.616 [AsyncHttpClient-1-6] DEBUG org.asynchttpclient.netty.handler.HttpHandler - 

Request DefaultHttpRequest(decodeResult: success, version: HTTP/1.1)
POST /session/ef0a26ca08a466c60f83791aa1370774/element HTTP/1.1
User-Agent: selenium/4.0.0 (java mac)
Content-Length: 56
Content-Type: application/json; charset=utf-8
host: localhost:53087
accept: */*

Response DefaultHttpResponse(decodeResult: success, version: HTTP/1.1)
HTTP/1.1 200 OK
Content-Type: application/json; charset=utf-8
cache-control: no-cache
content-length: 88

01:14:57.616 [AsyncHttpClient-1-6] DEBUG org.asynchttpclient.netty.channel.ChannelManager - Adding key: http://localhost:53087 for channel [id: 0x2256fa6f, L:/127.0.0.1:50176 - R:localhost/127.0.0.1:53087]
01:14:57.620 [Forwarding sendKeysToElement on session ef0a26ca08a466c60f83791aa1370774 to remote] DEBUG org.asynchttpclient.netty.request.NettyRequestSender - Using pooled Channel '[id: 0x2256fa6f, L:/127.0.0.1:50176 - R:localhost/127.0.0.1:53087]' for 'POST' to 'http://localhost:53087/session/ef0a26ca08a466c60f83791aa1370774/element/d0de04ec-52f3-42d1-ac21-efa14b32777b/value'
01:14:57.620 [Forwarding sendKeysToElement on session ef0a26ca08a466c60f83791aa1370774 to remote] DEBUG org.asynchttpclient.netty.request.NettyRequestSender - Using open Channel [id: 0x2256fa6f, L:/127.0.0.1:50176 - R:localhost/127.0.0.1:53087] for POST '/session/ef0a26ca08a466c60f83791aa1370774/element/d0de04ec-52f3-42d1-ac21-efa14b32777b/value'
01:14:57.818 [AsyncHttpClient-1-1] DEBUG org.asynchttpclient.netty.channel.DefaultChannelPool - Entry count for : http://localhost:50177 : 1
01:14:58.075 [AsyncHttpClient-1-6] DEBUG org.asynchttpclient.netty.handler.HttpHandler - 

Request DefaultHttpRequest(decodeResult: success, version: HTTP/1.1)
POST /session/ef0a26ca08a466c60f83791aa1370774/element/d0de04ec-52f3-42d1-ac21-efa14b32777b/value HTTP/1.1
User-Agent: selenium/4.0.0 (java mac)
Content-Length: 211
Content-Type: application/json; charset=utf-8
host: localhost:53087
accept: */*

Response DefaultHttpResponse(decodeResult: success, version: HTTP/1.1)
HTTP/1.1 200 OK
Content-Type: application/json; charset=utf-8
cache-control: no-cache
content-length: 14

01:14:58.076 [AsyncHttpClient-1-6] DEBUG org.asynchttpclient.netty.channel.ChannelManager - Adding key: http://localhost:53087 for channel [id: 0x2256fa6f, L:/127.0.0.1:50176 - R:localhost/127.0.0.1:53087]
01:14:58.078 [Forwarding findElement on session ef0a26ca08a466c60f83791aa1370774 to remote] DEBUG org.asynchttpclient.netty.request.NettyRequestSender - Using pooled Channel '[id: 0x2256fa6f, L:/127.0.0.1:50176 - R:localhost/127.0.0.1:53087]' for 'POST' to 'http://localhost:53087/session/ef0a26ca08a466c60f83791aa1370774/element'
01:14:58.079 [Forwarding findElement on session ef0a26ca08a466c60f83791aa1370774 to remote] DEBUG org.asynchttpclient.netty.request.NettyRequestSender - Using open Channel [id: 0x2256fa6f, L:/127.0.0.1:50176 - R:localhost/127.0.0.1:53087] for POST '/session/ef0a26ca08a466c60f83791aa1370774/element'
01:14:58.103 [AsyncHttpClient-1-6] DEBUG org.asynchttpclient.netty.handler.HttpHandler - 

Request DefaultHttpRequest(decodeResult: success, version: HTTP/1.1)
POST /session/ef0a26ca08a466c60f83791aa1370774/element HTTP/1.1
User-Agent: selenium/4.0.0 (java mac)
Content-Length: 53
Content-Type: application/json; charset=utf-8
host: localhost:53087
accept: */*

Response DefaultHttpResponse(decodeResult: success, version: HTTP/1.1)
HTTP/1.1 200 OK
Content-Type: application/json; charset=utf-8
cache-control: no-cache
content-length: 88

01:14:58.104 [AsyncHttpClient-1-6] DEBUG org.asynchttpclient.netty.channel.ChannelManager - Adding key: http://localhost:53087 for channel [id: 0x2256fa6f, L:/127.0.0.1:50176 - R:localhost/127.0.0.1:53087]
01:14:58.106 [Forwarding sendKeysToElement on session ef0a26ca08a466c60f83791aa1370774 to remote] DEBUG org.asynchttpclient.netty.request.NettyRequestSender - Using pooled Channel '[id: 0x2256fa6f, L:/127.0.0.1:50176 - R:localhost/127.0.0.1:53087]' for 'POST' to 'http://localhost:53087/session/ef0a26ca08a466c60f83791aa1370774/element/650239ea-42f4-4b28-a8eb-570d2ce7c1d7/value'
01:14:58.107 [Forwarding sendKeysToElement on session ef0a26ca08a466c60f83791aa1370774 to remote] DEBUG org.asynchttpclient.netty.request.NettyRequestSender - Using open Channel [id: 0x2256fa6f, L:/127.0.0.1:50176 - R:localhost/127.0.0.1:53087] for POST '/session/ef0a26ca08a466c60f83791aa1370774/element/650239ea-42f4-4b28-a8eb-570d2ce7c1d7/value'
01:14:58.366 [AsyncHttpClient-1-6] DEBUG org.asynchttpclient.netty.handler.HttpHandler - 

Request DefaultHttpRequest(decodeResult: success, version: HTTP/1.1)
POST /session/ef0a26ca08a466c60f83791aa1370774/element/650239ea-42f4-4b28-a8eb-570d2ce7c1d7/value HTTP/1.1
User-Agent: selenium/4.0.0 (java mac)
Content-Length: 201
Content-Type: application/json; charset=utf-8
host: localhost:53087
accept: */*

Response DefaultHttpResponse(decodeResult: success, version: HTTP/1.1)
HTTP/1.1 200 OK
Content-Type: application/json; charset=utf-8
cache-control: no-cache
content-length: 14

01:14:58.367 [AsyncHttpClient-1-6] DEBUG org.asynchttpclient.netty.channel.ChannelManager - Adding key: http://localhost:53087 for channel [id: 0x2256fa6f, L:/127.0.0.1:50176 - R:localhost/127.0.0.1:53087]
01:14:58.370 [Forwarding findElement on session ef0a26ca08a466c60f83791aa1370774 to remote] DEBUG org.asynchttpclient.netty.request.NettyRequestSender - Using pooled Channel '[id: 0x2256fa6f, L:/127.0.0.1:50176 - R:localhost/127.0.0.1:53087]' for 'POST' to 'http://localhost:53087/session/ef0a26ca08a466c60f83791aa1370774/element'
01:14:58.370 [Forwarding findElement on session ef0a26ca08a466c60f83791aa1370774 to remote] DEBUG org.asynchttpclient.netty.request.NettyRequestSender - Using open Channel [id: 0x2256fa6f, L:/127.0.0.1:50176 - R:localhost/127.0.0.1:53087] for POST '/session/ef0a26ca08a466c60f83791aa1370774/element'
01:14:58.406 [AsyncHttpClient-1-6] DEBUG org.asynchttpclient.netty.handler.HttpHandler - 

Request DefaultHttpRequest(decodeResult: success, version: HTTP/1.1)
POST /session/ef0a26ca08a466c60f83791aa1370774/element HTTP/1.1
User-Agent: selenium/4.0.0 (java mac)
Content-Length: 59
Content-Type: application/json; charset=utf-8
host: localhost:53087
accept: */*

Response DefaultHttpResponse(decodeResult: success, version: HTTP/1.1)
HTTP/1.1 200 OK
Content-Type: application/json; charset=utf-8
cache-control: no-cache
content-length: 88

01:14:58.406 [AsyncHttpClient-1-6] DEBUG org.asynchttpclient.netty.channel.ChannelManager - Adding key: http://localhost:53087 for channel [id: 0x2256fa6f, L:/127.0.0.1:50176 - R:localhost/127.0.0.1:53087]
01:14:58.410 [Forwarding clickElement on session ef0a26ca08a466c60f83791aa1370774 to remote] DEBUG org.asynchttpclient.netty.request.NettyRequestSender - Using pooled Channel '[id: 0x2256fa6f, L:/127.0.0.1:50176 - R:localhost/127.0.0.1:53087]' for 'POST' to 'http://localhost:53087/session/ef0a26ca08a466c60f83791aa1370774/element/4ca1ae67-483b-4ab5-9f0d-b4f0e7238b23/click'
01:14:58.410 [Forwarding clickElement on session ef0a26ca08a466c60f83791aa1370774 to remote] DEBUG org.asynchttpclient.netty.request.NettyRequestSender - Using open Channel [id: 0x2256fa6f, L:/127.0.0.1:50176 - R:localhost/127.0.0.1:53087] for POST '/session/ef0a26ca08a466c60f83791aa1370774/element/4ca1ae67-483b-4ab5-9f0d-b4f0e7238b23/click'
01:14:58.789 [AsyncHttpClient-1-6] DEBUG org.asynchttpclient.netty.handler.HttpHandler - 

Request DefaultHttpRequest(decodeResult: success, version: HTTP/1.1)
POST /session/ef0a26ca08a466c60f83791aa1370774/element/4ca1ae67-483b-4ab5-9f0d-b4f0e7238b23/click HTTP/1.1
User-Agent: selenium/4.0.0 (java mac)
Content-Length: 50
Content-Type: application/json; charset=utf-8
host: localhost:53087
accept: */*

Response DefaultHttpResponse(decodeResult: success, version: HTTP/1.1)
HTTP/1.1 200 OK
Content-Type: application/json; charset=utf-8
cache-control: no-cache
content-length: 14

01:14:58.789 [AsyncHttpClient-1-6] DEBUG org.asynchttpclient.netty.channel.ChannelManager - Adding key: http://localhost:53087 for channel [id: 0x2256fa6f, L:/127.0.0.1:50176 - R:localhost/127.0.0.1:53087]
01:14:58.792 [Forwarding setTimeout on session ef0a26ca08a466c60f83791aa1370774 to remote] DEBUG org.asynchttpclient.netty.request.NettyRequestSender - Using pooled Channel '[id: 0x2256fa6f, L:/127.0.0.1:50176 - R:localhost/127.0.0.1:53087]' for 'POST' to 'http://localhost:53087/session/ef0a26ca08a466c60f83791aa1370774/timeouts'
01:14:58.793 [Forwarding setTimeout on session ef0a26ca08a466c60f83791aa1370774 to remote] DEBUG org.asynchttpclient.netty.request.NettyRequestSender - Using open Channel [id: 0x2256fa6f, L:/127.0.0.1:50176 - R:localhost/127.0.0.1:53087] for POST '/session/ef0a26ca08a466c60f83791aa1370774/timeouts'
01:14:58.795 [AsyncHttpClient-1-6] DEBUG org.asynchttpclient.netty.handler.HttpHandler - 

Request DefaultHttpRequest(decodeResult: success, version: HTTP/1.1)
POST /session/ef0a26ca08a466c60f83791aa1370774/timeouts HTTP/1.1
User-Agent: selenium/4.0.0 (java mac)
Content-Length: 22
Content-Type: application/json; charset=utf-8
host: localhost:53087
accept: */*

Response DefaultHttpResponse(decodeResult: success, version: HTTP/1.1)
HTTP/1.1 200 OK
Content-Type: application/json; charset=utf-8
cache-control: no-cache
content-length: 14

01:14:58.795 [AsyncHttpClient-1-6] DEBUG org.asynchttpclient.netty.channel.ChannelManager - Adding key: http://localhost:53087 for channel [id: 0x2256fa6f, L:/127.0.0.1:50176 - R:localhost/127.0.0.1:53087]
01:14:58.800 [Forwarding findElement on session ef0a26ca08a466c60f83791aa1370774 to remote] DEBUG org.asynchttpclient.netty.request.NettyRequestSender - Using pooled Channel '[id: 0x2256fa6f, L:/127.0.0.1:50176 - R:localhost/127.0.0.1:53087]' for 'POST' to 'http://localhost:53087/session/ef0a26ca08a466c60f83791aa1370774/element'
01:14:58.800 [Forwarding findElement on session ef0a26ca08a466c60f83791aa1370774 to remote] DEBUG org.asynchttpclient.netty.request.NettyRequestSender - Using open Channel [id: 0x2256fa6f, L:/127.0.0.1:50176 - R:localhost/127.0.0.1:53087] for POST '/session/ef0a26ca08a466c60f83791aa1370774/element'
01:14:58.922 [AsyncHttpClient-1-1] DEBUG org.asynchttpclient.netty.channel.DefaultChannelPool - Entry count for : http://localhost:50177 : 1
01:14:58.945 [AsyncHttpClient-1-6] DEBUG org.asynchttpclient.netty.handler.HttpHandler - 

Request DefaultHttpRequest(decodeResult: success, version: HTTP/1.1)
POST /session/ef0a26ca08a466c60f83791aa1370774/element HTTP/1.1
User-Agent: selenium/4.0.0 (java mac)
Content-Length: 86
Content-Type: application/json; charset=utf-8
host: localhost:53087
accept: */*

Response DefaultHttpResponse(decodeResult: success, version: HTTP/1.1)
HTTP/1.1 200 OK
Content-Type: application/json; charset=utf-8
cache-control: no-cache
content-length: 88

01:14:58.946 [AsyncHttpClient-1-6] DEBUG org.asynchttpclient.netty.channel.ChannelManager - Adding key: http://localhost:53087 for channel [id: 0x2256fa6f, L:/127.0.0.1:50176 - R:localhost/127.0.0.1:53087]
01:14:58.950 [Forwarding clickElement on session ef0a26ca08a466c60f83791aa1370774 to remote] DEBUG org.asynchttpclient.netty.request.NettyRequestSender - Using pooled Channel '[id: 0x2256fa6f, L:/127.0.0.1:50176 - R:localhost/127.0.0.1:53087]' for 'POST' to 'http://localhost:53087/session/ef0a26ca08a466c60f83791aa1370774/element/d16ef3be-5340-4829-bbd0-4f6b9f9acd36/click'
01:14:58.950 [Forwarding clickElement on session ef0a26ca08a466c60f83791aa1370774 to remote] DEBUG org.asynchttpclient.netty.request.NettyRequestSender - Using open Channel [id: 0x2256fa6f, L:/127.0.0.1:50176 - R:localhost/127.0.0.1:53087] for POST '/session/ef0a26ca08a466c60f83791aa1370774/element/d16ef3be-5340-4829-bbd0-4f6b9f9acd36/click'
01:14:59.137 [AsyncHttpClient-1-6] DEBUG org.asynchttpclient.netty.handler.HttpHandler - 

Request DefaultHttpRequest(decodeResult: success, version: HTTP/1.1)
POST /session/ef0a26ca08a466c60f83791aa1370774/element/d16ef3be-5340-4829-bbd0-4f6b9f9acd36/click HTTP/1.1
User-Agent: selenium/4.0.0 (java mac)
Content-Length: 50
Content-Type: application/json; charset=utf-8
host: localhost:53087
accept: */*

Response DefaultHttpResponse(decodeResult: success, version: HTTP/1.1)
HTTP/1.1 200 OK
Content-Type: application/json; charset=utf-8
cache-control: no-cache
content-length: 14

01:14:59.137 [AsyncHttpClient-1-6] DEBUG org.asynchttpclient.netty.channel.ChannelManager - Adding key: http://localhost:53087 for channel [id: 0x2256fa6f, L:/127.0.0.1:50176 - R:localhost/127.0.0.1:53087]
01:14:59.143 [Forwarding findElement on session ef0a26ca08a466c60f83791aa1370774 to remote] DEBUG org.asynchttpclient.netty.request.NettyRequestSender - Using pooled Channel '[id: 0x2256fa6f, L:/127.0.0.1:50176 - R:localhost/127.0.0.1:53087]' for 'POST' to 'http://localhost:53087/session/ef0a26ca08a466c60f83791aa1370774/element'
01:14:59.143 [Forwarding findElement on session ef0a26ca08a466c60f83791aa1370774 to remote] DEBUG org.asynchttpclient.netty.request.NettyRequestSender - Using open Channel [id: 0x2256fa6f, L:/127.0.0.1:50176 - R:localhost/127.0.0.1:53087] for POST '/session/ef0a26ca08a466c60f83791aa1370774/element'
01:14:59.179 [AsyncHttpClient-1-6] DEBUG org.asynchttpclient.netty.handler.HttpHandler - 

Request DefaultHttpRequest(decodeResult: success, version: HTTP/1.1)
POST /session/ef0a26ca08a466c60f83791aa1370774/element HTTP/1.1
User-Agent: selenium/4.0.0 (java mac)
Content-Length: 91
Content-Type: application/json; charset=utf-8
host: localhost:53087
accept: */*

Response DefaultHttpResponse(decodeResult: success, version: HTTP/1.1)
HTTP/1.1 200 OK
Content-Type: application/json; charset=utf-8
cache-control: no-cache
content-length: 88

01:14:59.180 [AsyncHttpClient-1-6] DEBUG org.asynchttpclient.netty.channel.ChannelManager - Adding key: http://localhost:53087 for channel [id: 0x2256fa6f, L:/127.0.0.1:50176 - R:localhost/127.0.0.1:53087]
01:14:59.183 [Forwarding clickElement on session ef0a26ca08a466c60f83791aa1370774 to remote] DEBUG org.asynchttpclient.netty.request.NettyRequestSender - Using pooled Channel '[id: 0x2256fa6f, L:/127.0.0.1:50176 - R:localhost/127.0.0.1:53087]' for 'POST' to 'http://localhost:53087/session/ef0a26ca08a466c60f83791aa1370774/element/b238f6a4-f84f-4044-a7af-24816082f58e/click'
01:14:59.183 [Forwarding clickElement on session ef0a26ca08a466c60f83791aa1370774 to remote] DEBUG org.asynchttpclient.netty.request.NettyRequestSender - Using open Channel [id: 0x2256fa6f, L:/127.0.0.1:50176 - R:localhost/127.0.0.1:53087] for POST '/session/ef0a26ca08a466c60f83791aa1370774/element/b238f6a4-f84f-4044-a7af-24816082f58e/click'
01:14:59.578 [AsyncHttpClient-1-6] DEBUG org.asynchttpclient.netty.handler.HttpHandler - 

Request DefaultHttpRequest(decodeResult: success, version: HTTP/1.1)
POST /session/ef0a26ca08a466c60f83791aa1370774/element/b238f6a4-f84f-4044-a7af-24816082f58e/click HTTP/1.1
User-Agent: selenium/4.0.0 (java mac)
Content-Length: 50
Content-Type: application/json; charset=utf-8
host: localhost:53087
accept: */*

Response DefaultHttpResponse(decodeResult: success, version: HTTP/1.1)
HTTP/1.1 200 OK
Content-Type: application/json; charset=utf-8
cache-control: no-cache
content-length: 14

01:14:59.579 [AsyncHttpClient-1-6] DEBUG org.asynchttpclient.netty.channel.ChannelManager - Adding key: http://localhost:53087 for channel [id: 0x2256fa6f, L:/127.0.0.1:50176 - R:localhost/127.0.0.1:53087]
01:14:59.584 [Forwarding findElement on session ef0a26ca08a466c60f83791aa1370774 to remote] DEBUG org.asynchttpclient.netty.request.NettyRequestSender - Using pooled Channel '[id: 0x2256fa6f, L:/127.0.0.1:50176 - R:localhost/127.0.0.1:53087]' for 'POST' to 'http://localhost:53087/session/ef0a26ca08a466c60f83791aa1370774/element'
01:14:59.584 [Forwarding findElement on session ef0a26ca08a466c60f83791aa1370774 to remote] DEBUG org.asynchttpclient.netty.request.NettyRequestSender - Using open Channel [id: 0x2256fa6f, L:/127.0.0.1:50176 - R:localhost/127.0.0.1:53087] for POST '/session/ef0a26ca08a466c60f83791aa1370774/element'
01:14:59.646 [AsyncHttpClient-1-6] DEBUG org.asynchttpclient.netty.handler.HttpHandler - 

Request DefaultHttpRequest(decodeResult: success, version: HTTP/1.1)
POST /session/ef0a26ca08a466c60f83791aa1370774/element HTTP/1.1
User-Agent: selenium/4.0.0 (java mac)
Content-Length: 53
Content-Type: application/json; charset=utf-8
host: localhost:53087
accept: */*

Response DefaultHttpResponse(decodeResult: success, version: HTTP/1.1)
HTTP/1.1 200 OK
Content-Type: application/json; charset=utf-8
cache-control: no-cache
content-length: 88

01:14:59.646 [AsyncHttpClient-1-6] DEBUG org.asynchttpclient.netty.channel.ChannelManager - Adding key: http://localhost:53087 for channel [id: 0x2256fa6f, L:/127.0.0.1:50176 - R:localhost/127.0.0.1:53087]
01:14:59.649 [Forwarding clickElement on session ef0a26ca08a466c60f83791aa1370774 to remote] DEBUG org.asynchttpclient.netty.request.NettyRequestSender - Using pooled Channel '[id: 0x2256fa6f, L:/127.0.0.1:50176 - R:localhost/127.0.0.1:53087]' for 'POST' to 'http://localhost:53087/session/ef0a26ca08a466c60f83791aa1370774/element/d7ba1e93-a2a5-4bb4-bd45-d91467df17aa/click'
01:14:59.650 [Forwarding clickElement on session ef0a26ca08a466c60f83791aa1370774 to remote] DEBUG org.asynchttpclient.netty.request.NettyRequestSender - Using open Channel [id: 0x2256fa6f, L:/127.0.0.1:50176 - R:localhost/127.0.0.1:53087] for POST '/session/ef0a26ca08a466c60f83791aa1370774/element/d7ba1e93-a2a5-4bb4-bd45-d91467df17aa/click'
01:14:59.785 [AsyncHttpClient-1-6] DEBUG org.asynchttpclient.netty.handler.HttpHandler - 

Request DefaultHttpRequest(decodeResult: success, version: HTTP/1.1)
POST /session/ef0a26ca08a466c60f83791aa1370774/element/d7ba1e93-a2a5-4bb4-bd45-d91467df17aa/click HTTP/1.1
User-Agent: selenium/4.0.0 (java mac)
Content-Length: 50
Content-Type: application/json; charset=utf-8
host: localhost:53087
accept: */*

Response DefaultHttpResponse(decodeResult: success, version: HTTP/1.1)
HTTP/1.1 200 OK
Content-Type: application/json; charset=utf-8
cache-control: no-cache
content-length: 14

01:14:59.786 [AsyncHttpClient-1-6] DEBUG org.asynchttpclient.netty.channel.ChannelManager - Adding key: http://localhost:53087 for channel [id: 0x2256fa6f, L:/127.0.0.1:50176 - R:localhost/127.0.0.1:53087]
01:14:59.788 [Forwarding findElement on session ef0a26ca08a466c60f83791aa1370774 to remote] DEBUG org.asynchttpclient.netty.request.NettyRequestSender - Using pooled Channel '[id: 0x2256fa6f, L:/127.0.0.1:50176 - R:localhost/127.0.0.1:53087]' for 'POST' to 'http://localhost:53087/session/ef0a26ca08a466c60f83791aa1370774/element'
01:14:59.788 [Forwarding findElement on session ef0a26ca08a466c60f83791aa1370774 to remote] DEBUG org.asynchttpclient.netty.request.NettyRequestSender - Using open Channel [id: 0x2256fa6f, L:/127.0.0.1:50176 - R:localhost/127.0.0.1:53087] for POST '/session/ef0a26ca08a466c60f83791aa1370774/element'
01:14:59.842 [AsyncHttpClient-1-6] DEBUG org.asynchttpclient.netty.handler.HttpHandler - 

Request DefaultHttpRequest(decodeResult: success, version: HTTP/1.1)
POST /session/ef0a26ca08a466c60f83791aa1370774/element HTTP/1.1
User-Agent: selenium/4.0.0 (java mac)
Content-Length: 57
Content-Type: application/json; charset=utf-8
host: localhost:53087
accept: */*

Response DefaultHttpResponse(decodeResult: success, version: HTTP/1.1)
HTTP/1.1 200 OK
Content-Type: application/json; charset=utf-8
cache-control: no-cache
content-length: 88

01:14:59.842 [AsyncHttpClient-1-6] DEBUG org.asynchttpclient.netty.channel.ChannelManager - Adding key: http://localhost:53087 for channel [id: 0x2256fa6f, L:/127.0.0.1:50176 - R:localhost/127.0.0.1:53087]
01:14:59.846 [Forwarding sendKeysToElement on session ef0a26ca08a466c60f83791aa1370774 to remote] DEBUG org.asynchttpclient.netty.request.NettyRequestSender - Using pooled Channel '[id: 0x2256fa6f, L:/127.0.0.1:50176 - R:localhost/127.0.0.1:53087]' for 'POST' to 'http://localhost:53087/session/ef0a26ca08a466c60f83791aa1370774/element/c6063834-07c5-4907-be89-fba99d728305/value'
01:14:59.846 [Forwarding sendKeysToElement on session ef0a26ca08a466c60f83791aa1370774 to remote] DEBUG org.asynchttpclient.netty.request.NettyRequestSender - Using open Channel [id: 0x2256fa6f, L:/127.0.0.1:50176 - R:localhost/127.0.0.1:53087] for POST '/session/ef0a26ca08a466c60f83791aa1370774/element/c6063834-07c5-4907-be89-fba99d728305/value'
01:15:00.001 [AsyncHttpClient-1-6] DEBUG org.asynchttpclient.netty.handler.HttpHandler - 

Request DefaultHttpRequest(decodeResult: success, version: HTTP/1.1)
POST /session/ef0a26ca08a466c60f83791aa1370774/element/c6063834-07c5-4907-be89-fba99d728305/value HTTP/1.1
User-Agent: selenium/4.0.0 (java mac)
Content-Length: 121
Content-Type: application/json; charset=utf-8
host: localhost:53087
accept: */*

Response DefaultHttpResponse(decodeResult: success, version: HTTP/1.1)
HTTP/1.1 200 OK
Content-Type: application/json; charset=utf-8
cache-control: no-cache
content-length: 14

01:15:00.002 [AsyncHttpClient-1-6] DEBUG org.asynchttpclient.netty.channel.ChannelManager - Adding key: http://localhost:53087 for channel [id: 0x2256fa6f, L:/127.0.0.1:50176 - R:localhost/127.0.0.1:53087]
01:15:00.007 [Forwarding findElement on session ef0a26ca08a466c60f83791aa1370774 to remote] DEBUG org.asynchttpclient.netty.request.NettyRequestSender - Using pooled Channel '[id: 0x2256fa6f, L:/127.0.0.1:50176 - R:localhost/127.0.0.1:53087]' for 'POST' to 'http://localhost:53087/session/ef0a26ca08a466c60f83791aa1370774/element'
01:15:00.007 [Forwarding findElement on session ef0a26ca08a466c60f83791aa1370774 to remote] DEBUG org.asynchttpclient.netty.request.NettyRequestSender - Using open Channel [id: 0x2256fa6f, L:/127.0.0.1:50176 - R:localhost/127.0.0.1:53087] for POST '/session/ef0a26ca08a466c60f83791aa1370774/element'
01:15:00.017 [AsyncHttpClient-1-1] DEBUG org.asynchttpclient.netty.channel.DefaultChannelPool - Entry count for : http://localhost:50177 : 1
01:15:00.071 [AsyncHttpClient-1-6] DEBUG org.asynchttpclient.netty.handler.HttpHandler - 

Request DefaultHttpRequest(decodeResult: success, version: HTTP/1.1)
POST /session/ef0a26ca08a466c60f83791aa1370774/element HTTP/1.1
User-Agent: selenium/4.0.0 (java mac)
Content-Length: 56
Content-Type: application/json; charset=utf-8
host: localhost:53087
accept: */*

Response DefaultHttpResponse(decodeResult: success, version: HTTP/1.1)
HTTP/1.1 200 OK
Content-Type: application/json; charset=utf-8
cache-control: no-cache
content-length: 88

01:15:00.072 [AsyncHttpClient-1-6] DEBUG org.asynchttpclient.netty.channel.ChannelManager - Adding key: http://localhost:53087 for channel [id: 0x2256fa6f, L:/127.0.0.1:50176 - R:localhost/127.0.0.1:53087]
01:15:00.075 [Forwarding sendKeysToElement on session ef0a26ca08a466c60f83791aa1370774 to remote] DEBUG org.asynchttpclient.netty.request.NettyRequestSender - Using pooled Channel '[id: 0x2256fa6f, L:/127.0.0.1:50176 - R:localhost/127.0.0.1:53087]' for 'POST' to 'http://localhost:53087/session/ef0a26ca08a466c60f83791aa1370774/element/7d4742c2-6817-4cd7-a9af-a189fccf85f7/value'
01:15:00.075 [Forwarding sendKeysToElement on session ef0a26ca08a466c60f83791aa1370774 to remote] DEBUG org.asynchttpclient.netty.request.NettyRequestSender - Using open Channel [id: 0x2256fa6f, L:/127.0.0.1:50176 - R:localhost/127.0.0.1:53087] for POST '/session/ef0a26ca08a466c60f83791aa1370774/element/7d4742c2-6817-4cd7-a9af-a189fccf85f7/value'
01:15:00.266 [AsyncHttpClient-1-6] DEBUG org.asynchttpclient.netty.handler.HttpHandler - 

Request DefaultHttpRequest(decodeResult: success, version: HTTP/1.1)
POST /session/ef0a26ca08a466c60f83791aa1370774/element/7d4742c2-6817-4cd7-a9af-a189fccf85f7/value HTTP/1.1
User-Agent: selenium/4.0.0 (java mac)
Content-Length: 131
Content-Type: application/json; charset=utf-8
host: localhost:53087
accept: */*

Response DefaultHttpResponse(decodeResult: success, version: HTTP/1.1)
HTTP/1.1 200 OK
Content-Type: application/json; charset=utf-8
cache-control: no-cache
content-length: 14

01:15:00.267 [AsyncHttpClient-1-6] DEBUG org.asynchttpclient.netty.channel.ChannelManager - Adding key: http://localhost:53087 for channel [id: 0x2256fa6f, L:/127.0.0.1:50176 - R:localhost/127.0.0.1:53087]
01:15:00.270 [Forwarding findElement on session ef0a26ca08a466c60f83791aa1370774 to remote] DEBUG org.asynchttpclient.netty.request.NettyRequestSender - Using pooled Channel '[id: 0x2256fa6f, L:/127.0.0.1:50176 - R:localhost/127.0.0.1:53087]' for 'POST' to 'http://localhost:53087/session/ef0a26ca08a466c60f83791aa1370774/element'
01:15:00.270 [Forwarding findElement on session ef0a26ca08a466c60f83791aa1370774 to remote] DEBUG org.asynchttpclient.netty.request.NettyRequestSender - Using open Channel [id: 0x2256fa6f, L:/127.0.0.1:50176 - R:localhost/127.0.0.1:53087] for POST '/session/ef0a26ca08a466c60f83791aa1370774/element'
01:15:00.304 [AsyncHttpClient-1-6] DEBUG org.asynchttpclient.netty.handler.HttpHandler - 

Request DefaultHttpRequest(decodeResult: success, version: HTTP/1.1)
POST /session/ef0a26ca08a466c60f83791aa1370774/element HTTP/1.1
User-Agent: selenium/4.0.0 (java mac)
Content-Length: 58
Content-Type: application/json; charset=utf-8
host: localhost:53087
accept: */*

Response DefaultHttpResponse(decodeResult: success, version: HTTP/1.1)
HTTP/1.1 200 OK
Content-Type: application/json; charset=utf-8
cache-control: no-cache
content-length: 88

01:15:00.304 [AsyncHttpClient-1-6] DEBUG org.asynchttpclient.netty.channel.ChannelManager - Adding key: http://localhost:53087 for channel [id: 0x2256fa6f, L:/127.0.0.1:50176 - R:localhost/127.0.0.1:53087]
01:15:00.308 [Forwarding sendKeysToElement on session ef0a26ca08a466c60f83791aa1370774 to remote] DEBUG org.asynchttpclient.netty.request.NettyRequestSender - Using pooled Channel '[id: 0x2256fa6f, L:/127.0.0.1:50176 - R:localhost/127.0.0.1:53087]' for 'POST' to 'http://localhost:53087/session/ef0a26ca08a466c60f83791aa1370774/element/dfb48499-d1f9-47e6-9d27-3d788c1a7323/value'
01:15:00.308 [Forwarding sendKeysToElement on session ef0a26ca08a466c60f83791aa1370774 to remote] DEBUG org.asynchttpclient.netty.request.NettyRequestSender - Using open Channel [id: 0x2256fa6f, L:/127.0.0.1:50176 - R:localhost/127.0.0.1:53087] for POST '/session/ef0a26ca08a466c60f83791aa1370774/element/dfb48499-d1f9-47e6-9d27-3d788c1a7323/value'
01:15:00.742 [AsyncHttpClient-1-6] DEBUG org.asynchttpclient.netty.handler.HttpHandler - 

Request DefaultHttpRequest(decodeResult: success, version: HTTP/1.1)
POST /session/ef0a26ca08a466c60f83791aa1370774/element/dfb48499-d1f9-47e6-9d27-3d788c1a7323/value HTTP/1.1
User-Agent: selenium/4.0.0 (java mac)
Content-Length: 141
Content-Type: application/json; charset=utf-8
host: localhost:53087
accept: */*

Response DefaultHttpResponse(decodeResult: success, version: HTTP/1.1)
HTTP/1.1 200 OK
Content-Type: application/json; charset=utf-8
cache-control: no-cache
content-length: 14

01:15:00.743 [AsyncHttpClient-1-6] DEBUG org.asynchttpclient.netty.channel.ChannelManager - Adding key: http://localhost:53087 for channel [id: 0x2256fa6f, L:/127.0.0.1:50176 - R:localhost/127.0.0.1:53087]
01:15:00.746 [Forwarding findElement on session ef0a26ca08a466c60f83791aa1370774 to remote] DEBUG org.asynchttpclient.netty.request.NettyRequestSender - Using pooled Channel '[id: 0x2256fa6f, L:/127.0.0.1:50176 - R:localhost/127.0.0.1:53087]' for 'POST' to 'http://localhost:53087/session/ef0a26ca08a466c60f83791aa1370774/element'
01:15:00.746 [Forwarding findElement on session ef0a26ca08a466c60f83791aa1370774 to remote] DEBUG org.asynchttpclient.netty.request.NettyRequestSender - Using open Channel [id: 0x2256fa6f, L:/127.0.0.1:50176 - R:localhost/127.0.0.1:53087] for POST '/session/ef0a26ca08a466c60f83791aa1370774/element'
01:15:00.811 [AsyncHttpClient-1-6] DEBUG org.asynchttpclient.netty.handler.HttpHandler - 

Request DefaultHttpRequest(decodeResult: success, version: HTTP/1.1)
POST /session/ef0a26ca08a466c60f83791aa1370774/element HTTP/1.1
User-Agent: selenium/4.0.0 (java mac)
Content-Length: 53
Content-Type: application/json; charset=utf-8
host: localhost:53087
accept: */*

Response DefaultHttpResponse(decodeResult: success, version: HTTP/1.1)
HTTP/1.1 200 OK
Content-Type: application/json; charset=utf-8
cache-control: no-cache
content-length: 88

01:15:00.812 [AsyncHttpClient-1-6] DEBUG org.asynchttpclient.netty.channel.ChannelManager - Adding key: http://localhost:53087 for channel [id: 0x2256fa6f, L:/127.0.0.1:50176 - R:localhost/127.0.0.1:53087]
01:15:00.814 [Forwarding clickElement on session ef0a26ca08a466c60f83791aa1370774 to remote] DEBUG org.asynchttpclient.netty.request.NettyRequestSender - Using pooled Channel '[id: 0x2256fa6f, L:/127.0.0.1:50176 - R:localhost/127.0.0.1:53087]' for 'POST' to 'http://localhost:53087/session/ef0a26ca08a466c60f83791aa1370774/element/23c3753a-7a1a-4bb3-b6a1-8f23ce189cfd/click'
01:15:00.814 [Forwarding clickElement on session ef0a26ca08a466c60f83791aa1370774 to remote] DEBUG org.asynchttpclient.netty.request.NettyRequestSender - Using open Channel [id: 0x2256fa6f, L:/127.0.0.1:50176 - R:localhost/127.0.0.1:53087] for POST '/session/ef0a26ca08a466c60f83791aa1370774/element/23c3753a-7a1a-4bb3-b6a1-8f23ce189cfd/click'
01:15:01.032 [AsyncHttpClient-1-6] DEBUG org.asynchttpclient.netty.handler.HttpHandler - 

Request DefaultHttpRequest(decodeResult: success, version: HTTP/1.1)
POST /session/ef0a26ca08a466c60f83791aa1370774/element/23c3753a-7a1a-4bb3-b6a1-8f23ce189cfd/click HTTP/1.1
User-Agent: selenium/4.0.0 (java mac)
Content-Length: 50
Content-Type: application/json; charset=utf-8
host: localhost:53087
accept: */*

Response DefaultHttpResponse(decodeResult: success, version: HTTP/1.1)
HTTP/1.1 200 OK
Content-Type: application/json; charset=utf-8
cache-control: no-cache
content-length: 14

01:15:01.033 [AsyncHttpClient-1-6] DEBUG org.asynchttpclient.netty.channel.ChannelManager - Adding key: http://localhost:53087 for channel [id: 0x2256fa6f, L:/127.0.0.1:50176 - R:localhost/127.0.0.1:53087]
01:15:01.036 [Forwarding findElement on session ef0a26ca08a466c60f83791aa1370774 to remote] DEBUG org.asynchttpclient.netty.request.NettyRequestSender - Using pooled Channel '[id: 0x2256fa6f, L:/127.0.0.1:50176 - R:localhost/127.0.0.1:53087]' for 'POST' to 'http://localhost:53087/session/ef0a26ca08a466c60f83791aa1370774/element'
01:15:01.037 [Forwarding findElement on session ef0a26ca08a466c60f83791aa1370774 to remote] DEBUG org.asynchttpclient.netty.request.NettyRequestSender - Using open Channel [id: 0x2256fa6f, L:/127.0.0.1:50176 - R:localhost/127.0.0.1:53087] for POST '/session/ef0a26ca08a466c60f83791aa1370774/element'
01:15:01.075 [AsyncHttpClient-1-6] DEBUG org.asynchttpclient.netty.handler.HttpHandler - 

Request DefaultHttpRequest(decodeResult: success, version: HTTP/1.1)
POST /session/ef0a26ca08a466c60f83791aa1370774/element HTTP/1.1
User-Agent: selenium/4.0.0 (java mac)
Content-Length: 99
Content-Type: application/json; charset=utf-8
host: localhost:53087
accept: */*

Response DefaultHttpResponse(decodeResult: success, version: HTTP/1.1)
HTTP/1.1 200 OK
Content-Type: application/json; charset=utf-8
cache-control: no-cache
content-length: 88

01:15:01.076 [AsyncHttpClient-1-6] DEBUG org.asynchttpclient.netty.channel.ChannelManager - Adding key: http://localhost:53087 for channel [id: 0x2256fa6f, L:/127.0.0.1:50176 - R:localhost/127.0.0.1:53087]
01:15:01.078 [Forwarding getElementText on session ef0a26ca08a466c60f83791aa1370774 to remote] DEBUG org.asynchttpclient.netty.request.NettyRequestSender - Using pooled Channel '[id: 0x2256fa6f, L:/127.0.0.1:50176 - R:localhost/127.0.0.1:53087]' for 'GET' to 'http://localhost:53087/session/ef0a26ca08a466c60f83791aa1370774/element/862da9b4-e406-4d61-821f-edbba833b124/text'
01:15:01.078 [Forwarding getElementText on session ef0a26ca08a466c60f83791aa1370774 to remote] DEBUG org.asynchttpclient.netty.request.NettyRequestSender - Using open Channel [id: 0x2256fa6f, L:/127.0.0.1:50176 - R:localhost/127.0.0.1:53087] for GET '/session/ef0a26ca08a466c60f83791aa1370774/element/862da9b4-e406-4d61-821f-edbba833b124/text'
01:15:01.107 [AsyncHttpClient-1-6] DEBUG org.asynchttpclient.netty.handler.HttpHandler - 

Request DefaultFullHttpRequest(decodeResult: success, version: HTTP/1.1, content: EmptyByteBufBE)
GET /session/ef0a26ca08a466c60f83791aa1370774/element/862da9b4-e406-4d61-821f-edbba833b124/text HTTP/1.1
User-Agent: selenium/4.0.0 (java mac)
Cache-Control: no-cache
Content-Type: application/json; charset=utf-8
host: localhost:53087
accept: */*

Response DefaultHttpResponse(decodeResult: success, version: HTTP/1.1)
HTTP/1.1 200 OK
Content-Type: application/json; charset=utf-8
cache-control: no-cache
content-length: 30

01:15:01.108 [AsyncHttpClient-1-6] DEBUG org.asynchttpclient.netty.channel.ChannelManager - Adding key: http://localhost:53087 for channel [id: 0x2256fa6f, L:/127.0.0.1:50176 - R:localhost/127.0.0.1:53087]
]]></system-out>
    <system-err><![CDATA[Starting ChromeDriver 98.0.4758.102 (273bf7ac8c909cde36982d27f66f3c70846a3718-refs/branch-heads/4758@{#1151}) on port 53087
Only local connections are allowed.
Please see https://chromedriver.chromium.org/security-considerations for suggestions on keeping ChromeDriver safe.
ChromeDriver was started successfully.
февр. 27, 2022 1:14:55 AM org.openqa.selenium.remote.ProtocolHandshake createSession
INFO: Detected dialect: W3C
февр. 27, 2022 1:14:55 AM org.openqa.selenium.devtools.CdpVersionFinder findNearestMatch
WARNING: Unable to find an exact match for CDP version 98, so returning the closest version found: 95
февр. 27, 2022 1:14:55 AM org.openqa.selenium.devtools.CdpVersionFinder findNearestMatch
INFO: Found CDP implementation for version 98 of 95
]]></system-err>
  </testcase>
</testsuite>