<?xml version="1.0" encoding="UTF-8"?>
<testsuite xmlns:xsi="http://www.w3.org/2001/XMLSchema-instance" xsi:noNamespaceSchemaLocation="https://maven.apache.org/surefire/maven-surefire-plugin/xsd/surefire-test-report-3.0.xsd" version="3.0" name="ru.misskotik.CheckoutTest" time="12.368" tests="1" errors="0" skipped="0" failures="0">
  <properties>
[...]
</properties>
  <testcase name="startCheckoutTest" classname="ru.misskotik.CheckoutTest" time="5.372">
    <system-out><![CDATA[01:14:19.319 [AsyncHttpClient-1-1] DEBUG org.asynchttpclient.netty.channel.DefaultChannelPool - Entry count for : http://localhost:50114 : 1
01:14:19.319 [AsyncHttpClient-1-1] DEBUG org.asynchttpclient.netty.channel.DefaultChannelPool - Entry count for : http://localhost:63161 : 1
01:14:19.319 [AsyncHttpClient-1-1] DEBUG org.asynchttpclient.netty.channel.DefaultChannelPool - Adding Candidate expired Channel [id: 0x3a92fd00, L:/127.0.0.1:50119 ! R:localhost/127.0.0.1:50114] isIdleTimeoutExpired=false isRemotelyClosed=true isTtlExpired=false
01:14:19.320 [AsyncHttpClient-1-1] DEBUG org.asynchttpclient.netty.channel.DefaultChannelPool - Closing Idle Channel [id: 0x3a92fd00, L:/127.0.0.1:50119 ! R:localhost/127.0.0.1:50114]
01:14:19.320 [AsyncHttpClient-1-1] DEBUG org.asynchttpclient.netty.channel.DefaultChannelPool - Adding Candidate expired Channel [id: 0xa572475c, L:/127.0.0.1:50113 ! R:localhost/127.0.0.1:63161] isIdleTimeoutExpired=false isRemotelyClosed=true isTtlExpired=false
01:14:19.320 [AsyncHttpClient-1-1] DEBUG org.asynchttpclient.netty.channel.DefaultChannelPool - Closing Idle Channel [id: 0xa572475c, L:/127.0.0.1:50113 ! R:localhost/127.0.0.1:63161]
01:14:19.321 [AsyncHttpClient-1-1] DEBUG org.asynchttpclient.netty.channel.DefaultChannelPool - Closed 2 connections out of 2 in 1 ms
01:14:19.331 [main] DEBUG io.github.bonigarcia.wdm.cache.ResolutionCache - Resolution chrome=98 in cache (valid until 02:09:51 27/02/2022 MSK)
01:14:19.333 [main] DEBUG io.github.bonigarcia.wdm.cache.ResolutionCache - Resolution chrome98=98.0.4758.102 in cache (valid until 15:28:02 27/02/2022 MSK)
01:14:19.333 [main] INFO io.github.bonigarcia.wdm.WebDriverManager - Using chromedriver 98.0.4758.102 (resolved driver for Chrome 98)
01:14:19.338 [main] DEBUG io.github.bonigarcia.wdm.WebDriverManager - Driver chromedriver 98.0.4758.102 found in cache
01:14:19.339 [main] INFO io.github.bonigarcia.wdm.WebDriverManager - Exporting webdriver.chrome.driver as /Users/lally/.cache/selenium/chromedriver/mac64/98.0.4758.102/chromedriver
01:14:19.601 [AsyncHttpClient-1-5] DEBUG org.asynchttpclient.netty.channel.NettyConnectListener - Using new Channel '[id: 0x3fddc6f3, L:/127.0.0.1:50130 - R:localhost/127.0.0.1:58188]' for 'POST' to '/session'
01:14:25.905 [AsyncHttpClient-1-5] DEBUG org.asynchttpclient.netty.handler.HttpHandler - 

Request DefaultHttpRequest(decodeResult: success, version: HTTP/1.1)
POST /session HTTP/1.1
User-Agent: selenium/4.0.0 (java mac)
Content-Length: 543
Content-Type: application/json; charset=utf-8
host: localhost:58188
accept: */*

Response DefaultHttpResponse(decodeResult: success, version: HTTP/1.1)
HTTP/1.1 200 OK
Content-Type: application/json; charset=utf-8
cache-control: no-cache
content-length: 800

01:14:25.906 [AsyncHttpClient-1-5] DEBUG org.asynchttpclient.netty.channel.ChannelManager - Adding key: http://localhost:58188 for channel [id: 0x3fddc6f3, L:/127.0.0.1:50130 - R:localhost/127.0.0.1:58188]
01:14:25.919 [AsyncHttpClient-1-1] DEBUG org.asynchttpclient.netty.channel.DefaultChannelPool - Entry count for : http://localhost:58188 : 1
01:14:25.936 [AsyncHttpClient-1-6] DEBUG org.asynchttpclient.netty.channel.NettyConnectListener - Using new Channel '[id: 0x6e16e5be, L:/127.0.0.1:50135 - R:localhost/127.0.0.1:50131]' for 'GET' to '/json/version'
01:14:25.960 [AsyncHttpClient-1-6] DEBUG org.asynchttpclient.netty.handler.HttpHandler - 

Request DefaultFullHttpRequest(decodeResult: success, version: HTTP/1.1, content: EmptyByteBufBE)
GET /json/version HTTP/1.1
User-Agent: selenium/4.0.0 (java mac)
host: localhost:50131
accept: */*

Response DefaultHttpResponse(decodeResult: success, version: HTTP/1.1)
HTTP/1.1 200 OK
Content-Type: application/json; charset=UTF-8
content-length: 424

01:14:25.962 [AsyncHttpClient-1-6] DEBUG org.asynchttpclient.netty.channel.ChannelManager - Adding key: http://localhost:50131 for channel [id: 0x6e16e5be, L:/127.0.0.1:50135 - R:localhost/127.0.0.1:50131]
01:14:25.968 [AsyncHttpClient-1-7] DEBUG org.asynchttpclient.netty.channel.NettyConnectListener - Using new Channel '[id: 0x6cca8fac, L:/127.0.0.1:50136 - R:localhost/127.0.0.1:50131]' for 'GET' to '/devtools/browser/9c32f87e-2349-4b09-9397-97550af0e253'
01:14:25.992 [AsyncHttpClient-1-7] DEBUG org.asynchttpclient.netty.handler.WebSocketHandler - 

Request DefaultFullHttpRequest(decodeResult: success, version: HTTP/1.1, content: EmptyByteBufBE)
GET /devtools/browser/9c32f87e-2349-4b09-9397-97550af0e253 HTTP/1.1
upgrade: websocket
connection: upgrade
sec-websocket-key: xGo2heXTX2nqOb9mKFWwfA==
sec-websocket-version: 13
origin: http://localhost:50131
host: localhost:50131
accept: */*
user-agent: AHC/2.1

Response DefaultHttpResponse(decodeResult: success, version: HTTP/1.1)
HTTP/1.1 101 WebSocket Protocol Handshake
Upgrade: WebSocket
Connection: Upgrade
Sec-WebSocket-Accept: 8sh+6tzQ/9Fzol8EN2rIvsOqd2A=

01:14:26.013 [Forwarding setTimeout on session 5ecaef6346576e55eb276cf20e97ec9e to remote] DEBUG org.asynchttpclient.netty.request.NettyRequestSender - Using pooled Channel '[id: 0x3fddc6f3, L:/127.0.0.1:50130 - R:localhost/127.0.0.1:58188]' for 'POST' to 'http://localhost:58188/session/5ecaef6346576e55eb276cf20e97ec9e/timeouts'
01:14:26.014 [Forwarding setTimeout on session 5ecaef6346576e55eb276cf20e97ec9e to remote] DEBUG org.asynchttpclient.netty.request.NettyRequestSender - Using open Channel [id: 0x3fddc6f3, L:/127.0.0.1:50130 - R:localhost/127.0.0.1:58188] for POST '/session/5ecaef6346576e55eb276cf20e97ec9e/timeouts'
01:14:26.016 [AsyncHttpClient-1-5] DEBUG org.asynchttpclient.netty.handler.HttpHandler - 

Request DefaultHttpRequest(decodeResult: success, version: HTTP/1.1)
POST /session/5ecaef6346576e55eb276cf20e97ec9e/timeouts HTTP/1.1
User-Agent: selenium/4.0.0 (java mac)
Content-Length: 22
Content-Type: application/json; charset=utf-8
host: localhost:58188
accept: */*

Response DefaultHttpResponse(decodeResult: success, version: HTTP/1.1)
HTTP/1.1 200 OK
Content-Type: application/json; charset=utf-8
cache-control: no-cache
content-length: 14

01:14:26.017 [AsyncHttpClient-1-5] DEBUG org.asynchttpclient.netty.channel.ChannelManager - Adding key: http://localhost:58188 for channel [id: 0x3fddc6f3, L:/127.0.0.1:50130 - R:localhost/127.0.0.1:58188]
01:14:26.033 [Forwarding maximizeCurrentWindow on session 5ecaef6346576e55eb276cf20e97ec9e to remote] DEBUG org.asynchttpclient.netty.request.NettyRequestSender - Using pooled Channel '[id: 0x3fddc6f3, L:/127.0.0.1:50130 - R:localhost/127.0.0.1:58188]' for 'POST' to 'http://localhost:58188/session/5ecaef6346576e55eb276cf20e97ec9e/window/maximize'
01:14:26.034 [Forwarding maximizeCurrentWindow on session 5ecaef6346576e55eb276cf20e97ec9e to remote] DEBUG org.asynchttpclient.netty.request.NettyRequestSender - Using open Channel [id: 0x3fddc6f3, L:/127.0.0.1:50130 - R:localhost/127.0.0.1:58188] for POST '/session/5ecaef6346576e55eb276cf20e97ec9e/window/maximize'
01:14:26.204 [AsyncHttpClient-1-5] DEBUG org.asynchttpclient.netty.handler.HttpHandler - 

Request DefaultHttpRequest(decodeResult: success, version: HTTP/1.1)
POST /session/5ecaef6346576e55eb276cf20e97ec9e/window/maximize HTTP/1.1
User-Agent: selenium/4.0.0 (java mac)
Content-Length: 3
Content-Type: application/json; charset=utf-8
host: localhost:58188
accept: */*

Response DefaultHttpResponse(decodeResult: success, version: HTTP/1.1)
HTTP/1.1 200 OK
Content-Type: application/json; charset=utf-8
cache-control: no-cache
content-length: 50

01:14:26.205 [AsyncHttpClient-1-5] DEBUG org.asynchttpclient.netty.channel.ChannelManager - Adding key: http://localhost:58188 for channel [id: 0x3fddc6f3, L:/127.0.0.1:50130 - R:localhost/127.0.0.1:58188]
01:14:26.210 [Forwarding get on session 5ecaef6346576e55eb276cf20e97ec9e to remote] DEBUG org.asynchttpclient.netty.request.NettyRequestSender - Using pooled Channel '[id: 0x3fddc6f3, L:/127.0.0.1:50130 - R:localhost/127.0.0.1:58188]' for 'POST' to 'http://localhost:58188/session/5ecaef6346576e55eb276cf20e97ec9e/url'
01:14:26.210 [Forwarding get on session 5ecaef6346576e55eb276cf20e97ec9e to remote] DEBUG org.asynchttpclient.netty.request.NettyRequestSender - Using open Channel [id: 0x3fddc6f3, L:/127.0.0.1:50130 - R:localhost/127.0.0.1:58188] for POST '/session/5ecaef6346576e55eb276cf20e97ec9e/url'
01:14:27.017 [AsyncHttpClient-1-1] DEBUG org.asynchttpclient.netty.channel.DefaultChannelPool - Entry count for : http://localhost:50131 : 1
01:14:27.983 [AsyncHttpClient-1-5] DEBUG org.asynchttpclient.netty.handler.HttpHandler - 

Request DefaultHttpRequest(decodeResult: success, version: HTTP/1.1)
POST /session/5ecaef6346576e55eb276cf20e97ec9e/url HTTP/1.1
User-Agent: selenium/4.0.0 (java mac)
Content-Length: 56
Content-Type: application/json; charset=utf-8
host: localhost:58188
accept: */*

Response DefaultHttpResponse(decodeResult: success, version: HTTP/1.1)
HTTP/1.1 200 OK
Content-Type: application/json; charset=utf-8
cache-control: no-cache
content-length: 14

01:14:27.984 [AsyncHttpClient-1-5] DEBUG org.asynchttpclient.netty.channel.ChannelManager - Adding key: http://localhost:58188 for channel [id: 0x3fddc6f3, L:/127.0.0.1:50130 - R:localhost/127.0.0.1:58188]
01:14:27.989 [Forwarding findElement on session 5ecaef6346576e55eb276cf20e97ec9e to remote] DEBUG org.asynchttpclient.netty.request.NettyRequestSender - Using pooled Channel '[id: 0x3fddc6f3, L:/127.0.0.1:50130 - R:localhost/127.0.0.1:58188]' for 'POST' to 'http://localhost:58188/session/5ecaef6346576e55eb276cf20e97ec9e/element'
01:14:27.989 [Forwarding findElement on session 5ecaef6346576e55eb276cf20e97ec9e to remote] DEBUG org.asynchttpclient.netty.request.NettyRequestSender - Using open Channel [id: 0x3fddc6f3, L:/127.0.0.1:50130 - R:localhost/127.0.0.1:58188] for POST '/session/5ecaef6346576e55eb276cf20e97ec9e/element'
01:14:28.096 [AsyncHttpClient-1-5] DEBUG org.asynchttpclient.netty.handler.HttpHandler - 

Request DefaultHttpRequest(decodeResult: success, version: HTTP/1.1)
POST /session/5ecaef6346576e55eb276cf20e97ec9e/element HTTP/1.1
User-Agent: selenium/4.0.0 (java mac)
Content-Length: 56
Content-Type: application/json; charset=utf-8
host: localhost:58188
accept: */*

Response DefaultHttpResponse(decodeResult: success, version: HTTP/1.1)
HTTP/1.1 200 OK
Content-Type: application/json; charset=utf-8
cache-control: no-cache
content-length: 88

01:14:28.097 [AsyncHttpClient-1-5] DEBUG org.asynchttpclient.netty.channel.ChannelManager - Adding key: http://localhost:58188 for channel [id: 0x3fddc6f3, L:/127.0.0.1:50130 - R:localhost/127.0.0.1:58188]
01:14:28.102 [Forwarding sendKeysToElement on session 5ecaef6346576e55eb276cf20e97ec9e to remote] DEBUG org.asynchttpclient.netty.request.NettyRequestSender - Using pooled Channel '[id: 0x3fddc6f3, L:/127.0.0.1:50130 - R:localhost/127.0.0.1:58188]' for 'POST' to 'http://localhost:58188/session/5ecaef6346576e55eb276cf20e97ec9e/element/21b12bfa-5ec5-4754-b648-c60f656a7202/value'
01:14:28.102 [Forwarding sendKeysToElement on session 5ecaef6346576e55eb276cf20e97ec9e to remote] DEBUG org.asynchttpclient.netty.request.NettyRequestSender - Using open Channel [id: 0x3fddc6f3, L:/127.0.0.1:50130 - R:localhost/127.0.0.1:58188] for POST '/session/5ecaef6346576e55eb276cf20e97ec9e/element/21b12bfa-5ec5-4754-b648-c60f656a7202/value'
01:14:28.117 [AsyncHttpClient-1-1] DEBUG org.asynchttpclient.netty.channel.DefaultChannelPool - Entry count for : http://localhost:50131 : 1
01:14:28.810 [AsyncHttpClient-1-5] DEBUG org.asynchttpclient.netty.handler.HttpHandler - 

Request DefaultHttpRequest(decodeResult: success, version: HTTP/1.1)
POST /session/5ecaef6346576e55eb276cf20e97ec9e/element/21b12bfa-5ec5-4754-b648-c60f656a7202/value HTTP/1.1
User-Agent: selenium/4.0.0 (java mac)
Content-Length: 211
Content-Type: application/json; charset=utf-8
host: localhost:58188
accept: */*

Response DefaultHttpResponse(decodeResult: success, version: HTTP/1.1)
HTTP/1.1 200 OK
Content-Type: application/json; charset=utf-8
cache-control: no-cache
content-length: 14

01:14:28.811 [AsyncHttpClient-1-5] DEBUG org.asynchttpclient.netty.channel.ChannelManager - Adding key: http://localhost:58188 for channel [id: 0x3fddc6f3, L:/127.0.0.1:50130 - R:localhost/127.0.0.1:58188]
01:14:28.815 [Forwarding findElement on session 5ecaef6346576e55eb276cf20e97ec9e to remote] DEBUG org.asynchttpclient.netty.request.NettyRequestSender - Using pooled Channel '[id: 0x3fddc6f3, L:/127.0.0.1:50130 - R:localhost/127.0.0.1:58188]' for 'POST' to 'http://localhost:58188/session/5ecaef6346576e55eb276cf20e97ec9e/element'
01:14:28.815 [Forwarding findElement on session 5ecaef6346576e55eb276cf20e97ec9e to remote] DEBUG org.asynchttpclient.netty.request.NettyRequestSender - Using open Channel [id: 0x3fddc6f3, L:/127.0.0.1:50130 - R:localhost/127.0.0.1:58188] for POST '/session/5ecaef6346576e55eb276cf20e97ec9e/element'
01:14:28.843 [AsyncHttpClient-1-5] DEBUG org.asynchttpclient.netty.handler.HttpHandler - 

Request DefaultHttpRequest(decodeResult: success, version: HTTP/1.1)
POST /session/5ecaef6346576e55eb276cf20e97ec9e/element HTTP/1.1
User-Agent: selenium/4.0.0 (java mac)
Content-Length: 53
Content-Type: application/json; charset=utf-8
host: localhost:58188
accept: */*

Response DefaultHttpResponse(decodeResult: success, version: HTTP/1.1)
HTTP/1.1 200 OK
Content-Type: application/json; charset=utf-8
cache-control: no-cache
content-length: 88

01:14:28.843 [AsyncHttpClient-1-5] DEBUG org.asynchttpclient.netty.channel.ChannelManager - Adding key: http://localhost:58188 for channel [id: 0x3fddc6f3, L:/127.0.0.1:50130 - R:localhost/127.0.0.1:58188]
01:14:28.849 [Forwarding sendKeysToElement on session 5ecaef6346576e55eb276cf20e97ec9e to remote] DEBUG org.asynchttpclient.netty.request.NettyRequestSender - Using pooled Channel '[id: 0x3fddc6f3, L:/127.0.0.1:50130 - R:localhost/127.0.0.1:58188]' for 'POST' to 'http://localhost:58188/session/5ecaef6346576e55eb276cf20e97ec9e/element/9e75a22e-0e80-4d41-96f9-7b1bec2c1f9e/value'
01:14:28.849 [Forwarding sendKeysToElement on session 5ecaef6346576e55eb276cf20e97ec9e to remote] DEBUG org.asynchttpclient.netty.request.NettyRequestSender - Using open Channel [id: 0x3fddc6f3, L:/127.0.0.1:50130 - R:localhost/127.0.0.1:58188] for POST '/session/5ecaef6346576e55eb276cf20e97ec9e/element/9e75a22e-0e80-4d41-96f9-7b1bec2c1f9e/value'
01:14:29.222 [AsyncHttpClient-1-1] DEBUG org.asynchttpclient.netty.channel.DefaultChannelPool - Entry count for : http://localhost:50131 : 1
01:14:29.254 [AsyncHttpClient-1-5] DEBUG org.asynchttpclient.netty.handler.HttpHandler - 

Request DefaultHttpRequest(decodeResult: success, version: HTTP/1.1)
POST /session/5ecaef6346576e55eb276cf20e97ec9e/element/9e75a22e-0e80-4d41-96f9-7b1bec2c1f9e/value HTTP/1.1
User-Agent: selenium/4.0.0 (java mac)
Content-Length: 201
Content-Type: application/json; charset=utf-8
host: localhost:58188
accept: */*

Response DefaultHttpResponse(decodeResult: success, version: HTTP/1.1)
HTTP/1.1 200 OK
Content-Type: application/json; charset=utf-8
cache-control: no-cache
content-length: 14

01:14:29.255 [AsyncHttpClient-1-5] DEBUG org.asynchttpclient.netty.channel.ChannelManager - Adding key: http://localhost:58188 for channel [id: 0x3fddc6f3, L:/127.0.0.1:50130 - R:localhost/127.0.0.1:58188]
01:14:29.258 [Forwarding findElement on session 5ecaef6346576e55eb276cf20e97ec9e to remote] DEBUG org.asynchttpclient.netty.request.NettyRequestSender - Using pooled Channel '[id: 0x3fddc6f3, L:/127.0.0.1:50130 - R:localhost/127.0.0.1:58188]' for 'POST' to 'http://localhost:58188/session/5ecaef6346576e55eb276cf20e97ec9e/element'
01:14:29.258 [Forwarding findElement on session 5ecaef6346576e55eb276cf20e97ec9e to remote] DEBUG org.asynchttpclient.netty.request.NettyRequestSender - Using open Channel [id: 0x3fddc6f3, L:/127.0.0.1:50130 - R:localhost/127.0.0.1:58188] for POST '/session/5ecaef6346576e55eb276cf20e97ec9e/element'
01:14:29.312 [AsyncHttpClient-1-5] DEBUG org.asynchttpclient.netty.handler.HttpHandler - 

Request DefaultHttpRequest(decodeResult: success, version: HTTP/1.1)
POST /session/5ecaef6346576e55eb276cf20e97ec9e/element HTTP/1.1
User-Agent: selenium/4.0.0 (java mac)
Content-Length: 59
Content-Type: application/json; charset=utf-8
host: localhost:58188
accept: */*

Response DefaultHttpResponse(decodeResult: success, version: HTTP/1.1)
HTTP/1.1 200 OK
Content-Type: application/json; charset=utf-8
cache-control: no-cache
content-length: 88

01:14:29.313 [AsyncHttpClient-1-5] DEBUG org.asynchttpclient.netty.channel.ChannelManager - Adding key: http://localhost:58188 for channel [id: 0x3fddc6f3, L:/127.0.0.1:50130 - R:localhost/127.0.0.1:58188]
01:14:29.318 [Forwarding clickElement on session 5ecaef6346576e55eb276cf20e97ec9e to remote] DEBUG org.asynchttpclient.netty.request.NettyRequestSender - Using pooled Channel '[id: 0x3fddc6f3, L:/127.0.0.1:50130 - R:localhost/127.0.0.1:58188]' for 'POST' to 'http://localhost:58188/session/5ecaef6346576e55eb276cf20e97ec9e/element/1558e234-3b40-4cc3-86e6-15d1df85ffb5/click'
01:14:29.318 [Forwarding clickElement on session 5ecaef6346576e55eb276cf20e97ec9e to remote] DEBUG org.asynchttpclient.netty.request.NettyRequestSender - Using open Channel [id: 0x3fddc6f3, L:/127.0.0.1:50130 - R:localhost/127.0.0.1:58188] for POST '/session/5ecaef6346576e55eb276cf20e97ec9e/element/1558e234-3b40-4cc3-86e6-15d1df85ffb5/click'
01:14:29.837 [AsyncHttpClient-1-5] DEBUG org.asynchttpclient.netty.handler.HttpHandler - 

Request DefaultHttpRequest(decodeResult: success, version: HTTP/1.1)
POST /session/5ecaef6346576e55eb276cf20e97ec9e/element/1558e234-3b40-4cc3-86e6-15d1df85ffb5/click HTTP/1.1
User-Agent: selenium/4.0.0 (java mac)
Content-Length: 50
Content-Type: application/json; charset=utf-8
host: localhost:58188
accept: */*

Response DefaultHttpResponse(decodeResult: success, version: HTTP/1.1)
HTTP/1.1 200 OK
Content-Type: application/json; charset=utf-8
cache-control: no-cache
content-length: 14

01:14:29.837 [AsyncHttpClient-1-5] DEBUG org.asynchttpclient.netty.channel.ChannelManager - Adding key: http://localhost:58188 for channel [id: 0x3fddc6f3, L:/127.0.0.1:50130 - R:localhost/127.0.0.1:58188]
01:14:29.841 [Forwarding setTimeout on session 5ecaef6346576e55eb276cf20e97ec9e to remote] DEBUG org.asynchttpclient.netty.request.NettyRequestSender - Using pooled Channel '[id: 0x3fddc6f3, L:/127.0.0.1:50130 - R:localhost/127.0.0.1:58188]' for 'POST' to 'http://localhost:58188/session/5ecaef6346576e55eb276cf20e97ec9e/timeouts'
01:14:29.842 [Forwarding setTimeout on session 5ecaef6346576e55eb276cf20e97ec9e to remote] DEBUG org.asynchttpclient.netty.request.NettyRequestSender - Using open Channel [id: 0x3fddc6f3, L:/127.0.0.1:50130 - R:localhost/127.0.0.1:58188] for POST '/session/5ecaef6346576e55eb276cf20e97ec9e/timeouts'
01:14:29.844 [AsyncHttpClient-1-5] DEBUG org.asynchttpclient.netty.handler.HttpHandler - 

Request DefaultHttpRequest(decodeResult: success, version: HTTP/1.1)
POST /session/5ecaef6346576e55eb276cf20e97ec9e/timeouts HTTP/1.1
User-Agent: selenium/4.0.0 (java mac)
Content-Length: 22
Content-Type: application/json; charset=utf-8
host: localhost:58188
accept: */*

Response DefaultHttpResponse(decodeResult: success, version: HTTP/1.1)
HTTP/1.1 200 OK
Content-Type: application/json; charset=utf-8
cache-control: no-cache
content-length: 14

01:14:29.845 [AsyncHttpClient-1-5] DEBUG org.asynchttpclient.netty.channel.ChannelManager - Adding key: http://localhost:58188 for channel [id: 0x3fddc6f3, L:/127.0.0.1:50130 - R:localhost/127.0.0.1:58188]
01:14:29.850 [Forwarding findElement on session 5ecaef6346576e55eb276cf20e97ec9e to remote] DEBUG org.asynchttpclient.netty.request.NettyRequestSender - Using pooled Channel '[id: 0x3fddc6f3, L:/127.0.0.1:50130 - R:localhost/127.0.0.1:58188]' for 'POST' to 'http://localhost:58188/session/5ecaef6346576e55eb276cf20e97ec9e/element'
01:14:29.850 [Forwarding findElement on session 5ecaef6346576e55eb276cf20e97ec9e to remote] DEBUG org.asynchttpclient.netty.request.NettyRequestSender - Using open Channel [id: 0x3fddc6f3, L:/127.0.0.1:50130 - R:localhost/127.0.0.1:58188] for POST '/session/5ecaef6346576e55eb276cf20e97ec9e/element'
01:14:30.075 [AsyncHttpClient-1-5] DEBUG org.asynchttpclient.netty.handler.HttpHandler - 

Request DefaultHttpRequest(decodeResult: success, version: HTTP/1.1)
POST /session/5ecaef6346576e55eb276cf20e97ec9e/element HTTP/1.1
User-Agent: selenium/4.0.0 (java mac)
Content-Length: 86
Content-Type: application/json; charset=utf-8
host: localhost:58188
accept: */*

Response DefaultHttpResponse(decodeResult: success, version: HTTP/1.1)
HTTP/1.1 200 OK
Content-Type: application/json; charset=utf-8
cache-control: no-cache
content-length: 88

01:14:30.077 [AsyncHttpClient-1-5] DEBUG org.asynchttpclient.netty.channel.ChannelManager - Adding key: http://localhost:58188 for channel [id: 0x3fddc6f3, L:/127.0.0.1:50130 - R:localhost/127.0.0.1:58188]
01:14:30.083 [Forwarding clickElement on session 5ecaef6346576e55eb276cf20e97ec9e to remote] DEBUG org.asynchttpclient.netty.request.NettyRequestSender - Using pooled Channel '[id: 0x3fddc6f3, L:/127.0.0.1:50130 - R:localhost/127.0.0.1:58188]' for 'POST' to 'http://localhost:58188/session/5ecaef6346576e55eb276cf20e97ec9e/element/22bfa70b-b49d-4082-9d42-f0c642f1fe4e/click'
01:14:30.084 [Forwarding clickElement on session 5ecaef6346576e55eb276cf20e97ec9e to remote] DEBUG org.asynchttpclient.netty.request.NettyRequestSender - Using open Channel [id: 0x3fddc6f3, L:/127.0.0.1:50130 - R:localhost/127.0.0.1:58188] for POST '/session/5ecaef6346576e55eb276cf20e97ec9e/element/22bfa70b-b49d-4082-9d42-f0c642f1fe4e/click'
01:14:30.318 [AsyncHttpClient-1-1] DEBUG org.asynchttpclient.netty.channel.DefaultChannelPool - Entry count for : http://localhost:50131 : 1
01:14:30.319 [AsyncHttpClient-1-5] DEBUG org.asynchttpclient.netty.handler.HttpHandler - 

Request DefaultHttpRequest(decodeResult: success, version: HTTP/1.1)
POST /session/5ecaef6346576e55eb276cf20e97ec9e/element/22bfa70b-b49d-4082-9d42-f0c642f1fe4e/click HTTP/1.1
User-Agent: selenium/4.0.0 (java mac)
Content-Length: 50
Content-Type: application/json; charset=utf-8
host: localhost:58188
accept: */*

Response DefaultHttpResponse(decodeResult: success, version: HTTP/1.1)
HTTP/1.1 200 OK
Content-Type: application/json; charset=utf-8
cache-control: no-cache
content-length: 14

01:14:30.320 [AsyncHttpClient-1-5] DEBUG org.asynchttpclient.netty.channel.ChannelManager - Adding key: http://localhost:58188 for channel [id: 0x3fddc6f3, L:/127.0.0.1:50130 - R:localhost/127.0.0.1:58188]
01:14:30.329 [Forwarding findElement on session 5ecaef6346576e55eb276cf20e97ec9e to remote] DEBUG org.asynchttpclient.netty.request.NettyRequestSender - Using pooled Channel '[id: 0x3fddc6f3, L:/127.0.0.1:50130 - R:localhost/127.0.0.1:58188]' for 'POST' to 'http://localhost:58188/session/5ecaef6346576e55eb276cf20e97ec9e/element'
01:14:30.330 [Forwarding findElement on session 5ecaef6346576e55eb276cf20e97ec9e to remote] DEBUG org.asynchttpclient.netty.request.NettyRequestSender - Using open Channel [id: 0x3fddc6f3, L:/127.0.0.1:50130 - R:localhost/127.0.0.1:58188] for POST '/session/5ecaef6346576e55eb276cf20e97ec9e/element'
01:14:30.547 [AsyncHttpClient-1-5] DEBUG org.asynchttpclient.netty.handler.HttpHandler - 

Request DefaultHttpRequest(decodeResult: success, version: HTTP/1.1)
POST /session/5ecaef6346576e55eb276cf20e97ec9e/element HTTP/1.1
User-Agent: selenium/4.0.0 (java mac)
Content-Length: 94
Content-Type: application/json; charset=utf-8
host: localhost:58188
accept: */*

Response DefaultHttpResponse(decodeResult: success, version: HTTP/1.1)
HTTP/1.1 200 OK
Content-Type: application/json; charset=utf-8
cache-control: no-cache
content-length: 88

01:14:30.548 [AsyncHttpClient-1-5] DEBUG org.asynchttpclient.netty.channel.ChannelManager - Adding key: http://localhost:58188 for channel [id: 0x3fddc6f3, L:/127.0.0.1:50130 - R:localhost/127.0.0.1:58188]
01:14:30.552 [Forwarding clickElement on session 5ecaef6346576e55eb276cf20e97ec9e to remote] DEBUG org.asynchttpclient.netty.request.NettyRequestSender - Using pooled Channel '[id: 0x3fddc6f3, L:/127.0.0.1:50130 - R:localhost/127.0.0.1:58188]' for 'POST' to 'http://localhost:58188/session/5ecaef6346576e55eb276cf20e97ec9e/element/408918db-797a-4031-9ce2-c5f619936748/click'
01:14:30.552 [Forwarding clickElement on session 5ecaef6346576e55eb276cf20e97ec9e to remote] DEBUG org.asynchttpclient.netty.request.NettyRequestSender - Using open Channel [id: 0x3fddc6f3, L:/127.0.0.1:50130 - R:localhost/127.0.0.1:58188] for POST '/session/5ecaef6346576e55eb276cf20e97ec9e/element/408918db-797a-4031-9ce2-c5f619936748/click'
01:14:30.840 [AsyncHttpClient-1-5] DEBUG org.asynchttpclient.netty.handler.HttpHandler - 

Request DefaultHttpRequest(decodeResult: success, version: HTTP/1.1)
POST /session/5ecaef6346576e55eb276cf20e97ec9e/element/408918db-797a-4031-9ce2-c5f619936748/click HTTP/1.1
User-Agent: selenium/4.0.0 (java mac)
Content-Length: 50
Content-Type: application/json; charset=utf-8
host: localhost:58188
accept: */*

Response DefaultHttpResponse(decodeResult: success, version: HTTP/1.1)
HTTP/1.1 200 OK
Content-Type: application/json; charset=utf-8
cache-control: no-cache
content-length: 14

01:14:30.841 [AsyncHttpClient-1-5] DEBUG org.asynchttpclient.netty.channel.ChannelManager - Adding key: http://localhost:58188 for channel [id: 0x3fddc6f3, L:/127.0.0.1:50130 - R:localhost/127.0.0.1:58188]
01:14:30.848 [Forwarding findElement on session 5ecaef6346576e55eb276cf20e97ec9e to remote] DEBUG org.asynchttpclient.netty.request.NettyRequestSender - Using pooled Channel '[id: 0x3fddc6f3, L:/127.0.0.1:50130 - R:localhost/127.0.0.1:58188]' for 'POST' to 'http://localhost:58188/session/5ecaef6346576e55eb276cf20e97ec9e/element'
01:14:30.848 [Forwarding findElement on session 5ecaef6346576e55eb276cf20e97ec9e to remote] DEBUG org.asynchttpclient.netty.request.NettyRequestSender - Using open Channel [id: 0x3fddc6f3, L:/127.0.0.1:50130 - R:localhost/127.0.0.1:58188] for POST '/session/5ecaef6346576e55eb276cf20e97ec9e/element'
01:14:30.926 [AsyncHttpClient-1-5] DEBUG org.asynchttpclient.netty.handler.HttpHandler - 

Request DefaultHttpRequest(decodeResult: success, version: HTTP/1.1)
POST /session/5ecaef6346576e55eb276cf20e97ec9e/element HTTP/1.1
User-Agent: selenium/4.0.0 (java mac)
Content-Length: 91
Content-Type: application/json; charset=utf-8
host: localhost:58188
accept: */*

Response DefaultHttpResponse(decodeResult: success, version: HTTP/1.1)
HTTP/1.1 200 OK
Content-Type: application/json; charset=utf-8
cache-control: no-cache
content-length: 88

01:14:30.927 [AsyncHttpClient-1-5] DEBUG org.asynchttpclient.netty.channel.ChannelManager - Adding key: http://localhost:58188 for channel [id: 0x3fddc6f3, L:/127.0.0.1:50130 - R:localhost/127.0.0.1:58188]
01:14:30.931 [Forwarding clickElement on session 5ecaef6346576e55eb276cf20e97ec9e to remote] DEBUG org.asynchttpclient.netty.request.NettyRequestSender - Using pooled Channel '[id: 0x3fddc6f3, L:/127.0.0.1:50130 - R:localhost/127.0.0.1:58188]' for 'POST' to 'http://localhost:58188/session/5ecaef6346576e55eb276cf20e97ec9e/element/930b0cc6-7ee1-446f-99a1-528ce649e362/click'
01:14:30.931 [Forwarding clickElement on session 5ecaef6346576e55eb276cf20e97ec9e to remote] DEBUG org.asynchttpclient.netty.request.NettyRequestSender - Using open Channel [id: 0x3fddc6f3, L:/127.0.0.1:50130 - R:localhost/127.0.0.1:58188] for POST '/session/5ecaef6346576e55eb276cf20e97ec9e/element/930b0cc6-7ee1-446f-99a1-528ce649e362/click'
01:14:31.126 [AsyncHttpClient-1-5] DEBUG org.asynchttpclient.netty.handler.HttpHandler - 

Request DefaultHttpRequest(decodeResult: success, version: HTTP/1.1)
POST /session/5ecaef6346576e55eb276cf20e97ec9e/element/930b0cc6-7ee1-446f-99a1-528ce649e362/click HTTP/1.1
User-Agent: selenium/4.0.0 (java mac)
Content-Length: 50
Content-Type: application/json; charset=utf-8
host: localhost:58188
accept: */*

Response DefaultHttpResponse(decodeResult: success, version: HTTP/1.1)
HTTP/1.1 200 OK
Content-Type: application/json; charset=utf-8
cache-control: no-cache
content-length: 14

01:14:31.127 [AsyncHttpClient-1-5] DEBUG org.asynchttpclient.netty.channel.ChannelManager - Adding key: http://localhost:58188 for channel [id: 0x3fddc6f3, L:/127.0.0.1:50130 - R:localhost/127.0.0.1:58188]
01:14:31.133 [Forwarding findElement on session 5ecaef6346576e55eb276cf20e97ec9e to remote] DEBUG org.asynchttpclient.netty.request.NettyRequestSender - Using pooled Channel '[id: 0x3fddc6f3, L:/127.0.0.1:50130 - R:localhost/127.0.0.1:58188]' for 'POST' to 'http://localhost:58188/session/5ecaef6346576e55eb276cf20e97ec9e/element'
01:14:31.133 [Forwarding findElement on session 5ecaef6346576e55eb276cf20e97ec9e to remote] DEBUG org.asynchttpclient.netty.request.NettyRequestSender - Using open Channel [id: 0x3fddc6f3, L:/127.0.0.1:50130 - R:localhost/127.0.0.1:58188] for POST '/session/5ecaef6346576e55eb276cf20e97ec9e/element'
01:14:31.171 [AsyncHttpClient-1-5] DEBUG org.asynchttpclient.netty.handler.HttpHandler - 

Request DefaultHttpRequest(decodeResult: success, version: HTTP/1.1)
POST /session/5ecaef6346576e55eb276cf20e97ec9e/element HTTP/1.1
User-Agent: selenium/4.0.0 (java mac)
Content-Length: 53
Content-Type: application/json; charset=utf-8
host: localhost:58188
accept: */*

Response DefaultHttpResponse(decodeResult: success, version: HTTP/1.1)
HTTP/1.1 200 OK
Content-Type: application/json; charset=utf-8
cache-control: no-cache
content-length: 88

01:14:31.172 [AsyncHttpClient-1-5] DEBUG org.asynchttpclient.netty.channel.ChannelManager - Adding key: http://localhost:58188 for channel [id: 0x3fddc6f3, L:/127.0.0.1:50130 - R:localhost/127.0.0.1:58188]
01:14:31.176 [Forwarding clickElement on session 5ecaef6346576e55eb276cf20e97ec9e to remote] DEBUG org.asynchttpclient.netty.request.NettyRequestSender - Using pooled Channel '[id: 0x3fddc6f3, L:/127.0.0.1:50130 - R:localhost/127.0.0.1:58188]' for 'POST' to 'http://localhost:58188/session/5ecaef6346576e55eb276cf20e97ec9e/element/1cfd6877-429c-4af0-8daa-55d41e35dbe6/click'
01:14:31.177 [Forwarding clickElement on session 5ecaef6346576e55eb276cf20e97ec9e to remote] DEBUG org.asynchttpclient.netty.request.NettyRequestSender - Using open Channel [id: 0x3fddc6f3, L:/127.0.0.1:50130 - R:localhost/127.0.0.1:58188] for POST '/session/5ecaef6346576e55eb276cf20e97ec9e/element/1cfd6877-429c-4af0-8daa-55d41e35dbe6/click'
01:14:31.322 [AsyncHttpClient-1-5] DEBUG org.asynchttpclient.netty.handler.HttpHandler - 

Request DefaultHttpRequest(decodeResult: success, version: HTTP/1.1)
POST /session/5ecaef6346576e55eb276cf20e97ec9e/element/1cfd6877-429c-4af0-8daa-55d41e35dbe6/click HTTP/1.1
User-Agent: selenium/4.0.0 (java mac)
Content-Length: 50
Content-Type: application/json; charset=utf-8
host: localhost:58188
accept: */*

Response DefaultHttpResponse(decodeResult: success, version: HTTP/1.1)
HTTP/1.1 200 OK
Content-Type: application/json; charset=utf-8
cache-control: no-cache
content-length: 14

01:14:31.323 [AsyncHttpClient-1-5] DEBUG org.asynchttpclient.netty.channel.ChannelManager - Adding key: http://localhost:58188 for channel [id: 0x3fddc6f3, L:/127.0.0.1:50130 - R:localhost/127.0.0.1:58188]
01:14:31.327 [Forwarding findElement on session 5ecaef6346576e55eb276cf20e97ec9e to remote] DEBUG org.asynchttpclient.netty.request.NettyRequestSender - Using pooled Channel '[id: 0x3fddc6f3, L:/127.0.0.1:50130 - R:localhost/127.0.0.1:58188]' for 'POST' to 'http://localhost:58188/session/5ecaef6346576e55eb276cf20e97ec9e/element'
01:14:31.327 [Forwarding findElement on session 5ecaef6346576e55eb276cf20e97ec9e to remote] DEBUG org.asynchttpclient.netty.request.NettyRequestSender - Using open Channel [id: 0x3fddc6f3, L:/127.0.0.1:50130 - R:localhost/127.0.0.1:58188] for POST '/session/5ecaef6346576e55eb276cf20e97ec9e/element'
01:14:31.356 [AsyncHttpClient-1-5] DEBUG org.asynchttpclient.netty.handler.HttpHandler - 

Request DefaultHttpRequest(decodeResult: success, version: HTTP/1.1)
POST /session/5ecaef6346576e55eb276cf20e97ec9e/element HTTP/1.1
User-Agent: selenium/4.0.0 (java mac)
Content-Length: 99
Content-Type: application/json; charset=utf-8
host: localhost:58188
accept: */*

Response DefaultHttpResponse(decodeResult: success, version: HTTP/1.1)
HTTP/1.1 200 OK
Content-Type: application/json; charset=utf-8
cache-control: no-cache
content-length: 88

01:14:31.357 [AsyncHttpClient-1-5] DEBUG org.asynchttpclient.netty.channel.ChannelManager - Adding key: http://localhost:58188 for channel [id: 0x3fddc6f3, L:/127.0.0.1:50130 - R:localhost/127.0.0.1:58188]
01:14:31.360 [Forwarding getElementText on session 5ecaef6346576e55eb276cf20e97ec9e to remote] DEBUG org.asynchttpclient.netty.request.NettyRequestSender - Using pooled Channel '[id: 0x3fddc6f3, L:/127.0.0.1:50130 - R:localhost/127.0.0.1:58188]' for 'GET' to 'http://localhost:58188/session/5ecaef6346576e55eb276cf20e97ec9e/element/3eb726d1-0d49-4348-9b4a-762c4ef4c1cd/text'
01:14:31.360 [Forwarding getElementText on session 5ecaef6346576e55eb276cf20e97ec9e to remote] DEBUG org.asynchttpclient.netty.request.NettyRequestSender - Using open Channel [id: 0x3fddc6f3, L:/127.0.0.1:50130 - R:localhost/127.0.0.1:58188] for GET '/session/5ecaef6346576e55eb276cf20e97ec9e/element/3eb726d1-0d49-4348-9b4a-762c4ef4c1cd/text'
01:14:31.390 [AsyncHttpClient-1-5] DEBUG org.asynchttpclient.netty.handler.HttpHandler - 

Request DefaultFullHttpRequest(decodeResult: success, version: HTTP/1.1, content: EmptyByteBufBE)
GET /session/5ecaef6346576e55eb276cf20e97ec9e/element/3eb726d1-0d49-4348-9b4a-762c4ef4c1cd/text HTTP/1.1
User-Agent: selenium/4.0.0 (java mac)
Cache-Control: no-cache
Content-Type: application/json; charset=utf-8
host: localhost:58188
accept: */*

Response DefaultHttpResponse(decodeResult: success, version: HTTP/1.1)
HTTP/1.1 200 OK
Content-Type: application/json; charset=utf-8
cache-control: no-cache
content-length: 38

01:14:31.390 [AsyncHttpClient-1-5] DEBUG org.asynchttpclient.netty.channel.ChannelManager - Adding key: http://localhost:58188 for channel [id: 0x3fddc6f3, L:/127.0.0.1:50130 - R:localhost/127.0.0.1:58188]
]]></system-out>
    <system-err><![CDATA[Starting ChromeDriver 98.0.4758.102 (273bf7ac8c909cde36982d27f66f3c70846a3718-refs/branch-heads/4758@{#1151}) on port 58188
Only local connections are allowed.
Please see https://chromedriver.chromium.org/security-considerations for suggestions on keeping ChromeDriver safe.
ChromeDriver was started successfully.
февр. 27, 2022 1:14:25 AM org.openqa.selenium.remote.ProtocolHandshake createSession
INFO: Detected dialect: W3C
февр. 27, 2022 1:14:25 AM org.openqa.selenium.devtools.CdpVersionFinder findNearestMatch
WARNING: Unable to find an exact match for CDP version 98, so returning the closest version found: 95
февр. 27, 2022 1:14:25 AM org.openqa.selenium.devtools.CdpVersionFinder findNearestMatch
INFO: Found CDP implementation for version 98 of 95
]]></system-err>
  </testcase>
</testsuite>